<?xml version="1.0" encoding="UTF-8"?>
<coverage generated="1785857249779" clover="3.2.0">
  <project timestamp="1785857249779" name="All files">
    <metrics statements="1362" coveredstatements="1005" conditionals="969" coveredconditionals="563" methods="231" coveredmethods="192" elements="2562" coveredelements="1760" complexity="0" loc="1362" ncloc="1362" packages="19" files="39" classes="39"/>
    <package name="cli">
      <metrics statements="17" coveredstatements="17" conditionals="0" coveredconditionals="0" methods="0" coveredmethods="0"/>
      <file name="package.json" path="/home/yuriy/Рабочий стол/pet-projects/feature-tracker/packages/cli/package.json">
        <metrics statements="17" coveredstatements="17" conditionals="0" coveredconditionals="0" methods="0" coveredmethods="0"/>
        <line num="1" count="1" type="stmt"/>
        <line num="2" count="1" type="stmt"/>
        <line num="3" count="1" type="stmt"/>
        <line num="4" count="1" type="stmt"/>
        <line num="5" count="1" type="stmt"/>
        <line num="6" count="1" type="stmt"/>
        <line num="7" count="1" type="stmt"/>
        <line num="8" count="1" type="stmt"/>
        <line num="9" count="1" type="stmt"/>
        <line num="10" count="1" type="stmt"/>
        <line num="11" count="1" type="stmt"/>
        <line num="12" count="1" type="stmt"/>
        <line num="13" count="1" type="stmt"/>
        <line num="14" count="1" type="stmt"/>
        <line num="15" count="1" type="stmt"/>
        <line num="16" count="1" type="stmt"/>
        <line num="17" count="1" type="stmt"/>
      </file>
    </package>
    <package name="cli.src.analysis.cache">
      <metrics statements="20" coveredstatements="16" conditionals="0" coveredconditionals="0" methods="16" coveredmethods="12"/>
      <file name="evaluationCache.ts" path="/home/yuriy/Рабочий стол/pet-projects/feature-tracker/packages/cli/src/analysis/cache/evaluationCache.ts">
        <metrics statements="5" coveredstatements="4" conditionals="0" coveredconditionals="0" methods="4" coveredmethods="3"/>
        <line num="6" count="35" type="stmt"/>
        <line num="9" count="16" type="stmt"/>
        <line num="13" count="17" type="stmt"/>
        <line num="17" count="0" type="stmt"/>
        <line num="21" count="3" type="stmt"/>
      </file>
      <file name="resolvedCallCache.ts" path="/home/yuriy/Рабочий стол/pet-projects/feature-tracker/packages/cli/src/analysis/cache/resolvedCallCache.ts">
        <metrics statements="5" coveredstatements="4" conditionals="0" coveredconditionals="0" methods="4" coveredmethods="3"/>
        <line num="4" count="35" type="stmt"/>
        <line num="7" count="73" type="stmt"/>
        <line num="11" count="63" type="stmt"/>
        <line num="15" count="0" type="stmt"/>
        <line num="19" count="3" type="stmt"/>
      </file>
      <file name="resolvedExportCache.ts" path="/home/yuriy/Рабочий стол/pet-projects/feature-tracker/packages/cli/src/analysis/cache/resolvedExportCache.ts">
        <metrics statements="5" coveredstatements="4" conditionals="0" coveredconditionals="0" methods="4" coveredmethods="3"/>
        <line num="5" count="35" type="stmt"/>
        <line num="8" count="207" type="stmt"/>
        <line num="12" count="108" type="stmt"/>
        <line num="16" count="0" type="stmt"/>
        <line num="20" count="3" type="stmt"/>
      </file>
      <file name="returnPropagationCache.ts" path="/home/yuriy/Рабочий стол/pet-projects/feature-tracker/packages/cli/src/analysis/cache/returnPropagationCache.ts">
        <metrics statements="5" coveredstatements="4" conditionals="0" coveredconditionals="0" methods="4" coveredmethods="3"/>
        <line num="6" count="35" type="stmt"/>
        <line num="9" count="3" type="stmt"/>
        <line num="13" count="3" type="stmt"/>
        <line num="17" count="0" type="stmt"/>
        <line num="21" count="3" type="stmt"/>
      </file>
    </package>
    <package name="cli.src.analysis.engine">
      <metrics statements="2" coveredstatements="2" conditionals="0" coveredconditionals="0" methods="2" coveredmethods="2"/>
      <file name="analyzeFile.ts" path="/home/yuriy/Рабочий стол/pet-projects/feature-tracker/packages/cli/src/analysis/engine/analyzeFile.ts">
        <metrics statements="2" coveredstatements="2" conditionals="0" coveredconditionals="0" methods="2" coveredmethods="2"/>
        <line num="20" count="95" type="stmt"/>
        <line num="33" count="95" type="stmt"/>
      </file>
    </package>
    <package name="cli.src.analysis.extractor">
      <metrics statements="75" coveredstatements="65" conditionals="48" coveredconditionals="30" methods="6" coveredmethods="6"/>
      <file name="extractor.ts" path="/home/yuriy/Рабочий стол/pet-projects/feature-tracker/packages/cli/src/analysis/extractor/extractor.ts">
        <metrics statements="18" coveredstatements="18" conditionals="6" coveredconditionals="5" methods="3" coveredmethods="3"/>
        <line num="17" count="95" type="stmt"/>
        <line num="18" count="95" type="stmt"/>
        <line num="20" count="95" type="stmt"/>
        <line num="21" count="42" type="stmt"/>
        <line num="22" count="42" type="stmt"/>
        <line num="23" count="42" type="stmt"/>
        <line num="24" count="17" type="stmt"/>
        <line num="25" count="17" type="cond" truecount="1" falsecount="1"/>
        <line num="26" count="17" type="stmt"/>
        <line num="29" count="42" type="cond" truecount="2" falsecount="0"/>
        <line num="30" count="25" type="stmt"/>
        <line num="34" count="95" type="stmt"/>
        <line num="37" count="3115" type="cond" truecount="2" falsecount="0"/>
        <line num="38" count="71" type="stmt"/>
        <line num="40" count="3115" type="stmt"/>
        <line num="43" count="95" type="stmt"/>
        <line num="45" count="95" type="stmt"/>
        <line num="47" count="20" type="stmt"/>
      </file>
      <file name="propagationExtractor.ts" path="/home/yuriy/Рабочий стол/pet-projects/feature-tracker/packages/cli/src/analysis/extractor/propagationExtractor.ts">
        <metrics statements="57" coveredstatements="47" conditionals="42" coveredconditionals="25" methods="3" coveredmethods="3"/>
        <line num="16" count="4" type="stmt"/>
        <line num="17" count="4" type="stmt"/>
        <line num="18" count="5" type="cond" truecount="1" falsecount="1"/>
        <line num="19" count="0" type="stmt"/>
        <line num="21" count="5" type="stmt"/>
        <line num="22" count="5" type="stmt"/>
        <line num="23" count="5" type="cond" truecount="2" falsecount="2"/>
        <line num="24" count="0" type="stmt"/>
        <line num="26" count="5" type="cond" truecount="1" falsecount="3"/>
        <line num="27" count="5" type="cond" truecount="1" falsecount="1"/>
        <line num="28" count="0" type="stmt"/>
        <line num="30" count="5" type="cond" truecount="1" falsecount="1"/>
        <line num="31" count="5" type="stmt"/>
        <line num="33" count="5" type="cond" truecount="1" falsecount="1"/>
        <line num="34" count="0" type="stmt"/>
        <line num="36" count="5" type="stmt"/>
        <line num="38" count="4" type="stmt"/>
        <line num="42" count="71" type="stmt"/>
        <line num="43" count="71" type="cond" truecount="2" falsecount="0"/>
        <line num="44" count="1" type="stmt"/>
        <line num="46" count="70" type="stmt"/>
        <line num="47" count="70" type="cond" truecount="2" falsecount="0"/>
        <line num="48" count="49" type="stmt"/>
        <line num="50" count="21" type="stmt"/>
        <line num="51" count="21" type="cond" truecount="1" falsecount="1"/>
        <line num="52" count="0" type="stmt"/>
        <line num="54" count="21" type="cond" truecount="1" falsecount="1"/>
        <line num="55" count="0" type="stmt"/>
        <line num="57" count="21" type="stmt"/>
        <line num="58" count="21" type="stmt"/>
        <line num="59" count="21" type="stmt"/>
        <line num="60" count="21" type="stmt"/>
        <line num="63" count="21" type="stmt"/>
        <line num="68" count="21" type="stmt"/>
        <line num="69" count="21" type="cond" truecount="1" falsecount="1"/>
        <line num="70" count="0" type="stmt"/>
        <line num="72" count="21" type="stmt"/>
        <line num="73" count="21" type="cond" truecount="2" falsecount="0"/>
        <line num="79" count="17" type="stmt"/>
        <line num="80" count="17" type="cond" truecount="1" falsecount="1"/>
        <line num="81" count="17" type="stmt"/>
        <line num="89" count="4" type="cond" truecount="3" falsecount="1"/>
        <line num="90" count="0" type="stmt"/>
        <line num="92" count="4" type="stmt"/>
        <line num="93" count="4" type="cond" truecount="1" falsecount="1"/>
        <line num="94" count="0" type="stmt"/>
        <line num="96" count="4" type="stmt"/>
        <line num="97" count="4" type="cond" truecount="1" falsecount="1"/>
        <line num="98" count="0" type="stmt"/>
        <line num="100" count="4" type="stmt"/>
        <line num="102" count="21" type="stmt"/>
        <line num="103" count="21" type="stmt"/>
        <line num="104" count="21" type="stmt"/>
        <line num="105" count="21" type="cond" truecount="1" falsecount="1"/>
        <line num="106" count="21" type="stmt"/>
        <line num="109" count="21" type="cond" truecount="2" falsecount="0"/>
        <line num="110" count="1" type="stmt"/>
      </file>
    </package>
    <package name="cli.src.analysis.resolver">
      <metrics statements="258" coveredstatements="174" conditionals="263" coveredconditionals="158" methods="16" coveredmethods="16"/>
      <file name="callResolver.ts" path="/home/yuriy/Рабочий стол/pet-projects/feature-tracker/packages/cli/src/analysis/resolver/callResolver.ts">
        <metrics statements="42" coveredstatements="24" conditionals="47" coveredconditionals="16" methods="4" coveredmethods="4"/>
        <line num="8" count="63" type="cond" truecount="2" falsecount="2"/>
        <line num="13" count="63" type="cond" truecount="1" falsecount="1"/>
        <line num="14" count="63" type="stmt"/>
        <line num="17" count="0" type="cond" truecount="0" falsecount="5"/>
        <line num="18" count="0" type="stmt"/>
        <line num="21" count="0" type="cond" truecount="0" falsecount="5"/>
        <line num="22" count="0" type="stmt"/>
        <line num="25" count="0" type="cond" truecount="0" falsecount="5"/>
        <line num="26" count="0" type="stmt"/>
        <line num="28" count="0" type="stmt"/>
        <line num="33" count="74" type="cond" truecount="2" falsecount="0"/>
        <line num="34" count="40" type="stmt"/>
        <line num="37" count="34" type="cond" truecount="1" falsecount="1"/>
        <line num="38" count="0" type="stmt"/>
        <line num="41" count="34" type="cond" truecount="2" falsecount="2"/>
        <line num="42" count="0" type="stmt"/>
        <line num="45" count="34" type="stmt"/>
        <line num="49" count="74" type="stmt"/>
        <line num="50" count="74" type="cond" truecount="2" falsecount="0"/>
        <line num="51" count="1" type="stmt"/>
        <line num="54" count="73" type="cond" truecount="1" falsecount="1"/>
        <line num="56" count="74" type="cond" truecount="1" falsecount="1"/>
        <line num="57" count="0" type="stmt"/>
        <line num="60" count="73" type="stmt"/>
        <line num="61" count="73" type="cond" truecount="2" falsecount="0"/>
        <line num="62" count="10" type="stmt"/>
        <line num="65" count="63" type="cond" truecount="1" falsecount="1"/>
        <line num="66" count="74" type="stmt"/>
        <line num="67" count="63" type="stmt"/>
        <line num="68" count="63" type="cond" truecount="1" falsecount="1"/>
        <line num="69" count="0" type="stmt"/>
        <line num="71" count="63" type="stmt"/>
        <line num="72" count="63" type="stmt"/>
        <line num="77" count="0" type="cond" truecount="0" falsecount="2"/>
        <line num="78" count="74" type="stmt"/>
        <line num="79" count="74" type="stmt"/>
        <line num="80" count="0" type="stmt"/>
        <line num="81" count="0" type="cond" truecount="0" falsecount="4"/>
        <line num="82" count="0" type="stmt"/>
        <line num="83" count="0" type="stmt"/>
        <line num="87" count="0" type="stmt"/>
        <line num="88" count="0" type="stmt"/>
      </file>
      <file name="exportResolver.ts" path="/home/yuriy/Рабочий стол/pet-projects/feature-tracker/packages/cli/src/analysis/resolver/exportResolver.ts">
        <metrics statements="52" coveredstatements="42" conditionals="56" coveredconditionals="47" methods="3" coveredmethods="3"/>
        <line num="6" count="105" type="stmt"/>
        <line num="29" count="88" type="stmt"/>
        <line num="30" count="88" type="cond" truecount="3" falsecount="1"/>
        <line num="31" count="0" type="stmt"/>
        <line num="33" count="88" type="stmt"/>
        <line num="34" count="88" type="cond" truecount="5" falsecount="0"/>
        <line num="35" count="86" type="stmt"/>
        <line num="39" count="2" type="stmt"/>
        <line num="40" count="2" type="cond" truecount="5" falsecount="0"/>
        <line num="41" count="1" type="stmt"/>
        <line num="42" count="1" type="cond" truecount="1" falsecount="1"/>
        <line num="48" count="1" type="stmt"/>
        <line num="50" count="2" type="cond" truecount="1" falsecount="1"/>
        <line num="51" count="0" type="stmt"/>
        <line num="54" count="2" type="stmt"/>
        <line num="55" count="2" type="cond" truecount="3" falsecount="1"/>
        <line num="59" count="207" type="cond" truecount="1" falsecount="1"/>
        <line num="60" count="0" type="stmt"/>
        <line num="62" count="207" type="cond" truecount="2" falsecount="0"/>
        <line num="63" count="207" type="stmt"/>
        <line num="64" count="207" type="cond" truecount="2" falsecount="0"/>
        <line num="65" count="99" type="stmt"/>
        <line num="68" count="108" type="cond" truecount="1" falsecount="1"/>
        <line num="69" count="0" type="stmt"/>
        <line num="70" count="0" type="stmt"/>
        <line num="72" count="108" type="stmt"/>
        <line num="74" count="108" type="cond" truecount="2" falsecount="0"/>
        <line num="75" count="20" type="stmt"/>
        <line num="76" count="20" type="stmt"/>
        <line num="77" count="20" type="stmt"/>
        <line num="78" count="20" type="stmt"/>
        <line num="81" count="88" type="stmt"/>
        <line num="82" count="88" type="cond" truecount="3" falsecount="1"/>
        <line num="83" count="0" type="stmt"/>
        <line num="84" count="0" type="stmt"/>
        <line num="85" count="0" type="stmt"/>
        <line num="88" count="88" type="stmt"/>
        <line num="89" count="88" type="cond" truecount="2" falsecount="0"/>
        <line num="90" count="2" type="stmt"/>
        <line num="91" count="2" type="stmt"/>
        <line num="92" count="2" type="stmt"/>
        <line num="95" count="86" type="cond" truecount="1" falsecount="1"/>
        <line num="96" count="207" type="stmt"/>
        <line num="97" count="86" type="cond" truecount="2" falsecount="0"/>
        <line num="98" count="67" type="stmt"/>
        <line num="99" count="67" type="stmt"/>
        <line num="103" count="19" type="stmt"/>
        <line num="104" count="19" type="cond" truecount="1" falsecount="1"/>
        <line num="105" count="0" type="stmt"/>
        <line num="106" count="0" type="stmt"/>
        <line num="108" count="19" type="stmt"/>
        <line num="109" count="19" type="stmt"/>
      </file>
      <file name="resolver.ts" path="/home/yuriy/Рабочий стол/pet-projects/feature-tracker/packages/cli/src/analysis/resolver/resolver.ts">
        <metrics statements="164" coveredstatements="108" conditionals="160" coveredconditionals="95" methods="9" coveredmethods="9"/>
        <line num="19" count="6" type="stmt"/>
        <line num="25" count="26" type="stmt"/>
        <line num="32" count="3" type="stmt"/>
        <line num="33" count="3" type="stmt"/>
        <line num="34" count="3" type="stmt"/>
        <line num="35" count="1" type="stmt"/>
        <line num="38" count="3" type="stmt"/>
        <line num="46" count="16" type="stmt"/>
        <line num="47" count="16" type="cond" truecount="2" falsecount="0"/>
        <line num="48" count="14" type="stmt"/>
        <line num="49" count="14" type="cond" truecount="4" falsecount="0"/>
        <line num="50" count="8" type="stmt"/>
        <line num="52" count="6" type="cond" truecount="1" falsecount="1"/>
        <line num="54" count="2" type="cond" truecount="2" falsecount="3"/>
        <line num="55" count="2" type="stmt"/>
        <line num="56" count="2" type="cond" truecount="1" falsecount="1"/>
        <line num="57" count="0" type="stmt"/>
        <line num="59" count="2" type="stmt"/>
        <line num="60" count="2" type="cond" truecount="4" falsecount="0"/>
        <line num="61" count="1" type="stmt"/>
        <line num="63" count="1" type="stmt"/>
        <line num="64" count="1" type="cond" truecount="2" falsecount="2"/>
        <line num="65" count="0" type="stmt"/>
        <line num="67" count="1" type="cond" truecount="1" falsecount="1"/>
        <line num="68" count="1" type="cond" truecount="1" falsecount="1"/>
        <line num="69" count="0" type="stmt"/>
        <line num="71" count="1" type="cond" truecount="1" falsecount="1"/>
        <line num="73" count="0" type="stmt"/>
        <line num="75" count="0" type="stmt"/>
        <line num="79" count="14" type="stmt"/>
        <line num="80" count="14" type="cond" truecount="1" falsecount="1"/>
        <line num="81" count="0" type="stmt"/>
        <line num="86" count="14" type="cond" truecount="2" falsecount="0"/>
        <line num="88" count="14" type="stmt"/>
        <line num="89" count="14" type="cond" truecount="4" falsecount="0"/>
        <line num="90" count="6" type="stmt"/>
        <line num="91" count="6" type="cond" truecount="2" falsecount="2"/>
        <line num="92" count="0" type="stmt"/>
        <line num="94" count="6" type="cond" truecount="1" falsecount="1"/>
        <line num="95" count="6" type="cond" truecount="1" falsecount="1"/>
        <line num="96" count="0" type="stmt"/>
        <line num="98" count="6" type="cond" truecount="1" falsecount="1"/>
        <line num="99" count="6" type="stmt"/>
        <line num="103" count="8" type="cond" truecount="2" falsecount="0"/>
        <line num="104" count="6" type="stmt"/>
        <line num="105" count="6" type="cond" truecount="1" falsecount="1"/>
        <line num="106" count="6" type="cond" truecount="2" falsecount="0"/>
        <line num="111" count="6" type="cond" truecount="1" falsecount="1"/>
        <line num="112" count="6" type="cond" truecount="1" falsecount="1"/>
        <line num="113" count="6" type="stmt"/>
        <line num="114" count="6" type="cond" truecount="2" falsecount="0"/>
        <line num="115" count="4" type="stmt"/>
        <line num="117" count="2" type="stmt"/>
        <line num="118" count="2" type="cond" truecount="1" falsecount="3"/>
        <line num="119" count="2" type="cond" truecount="3" falsecount="1"/>
        <line num="120" count="0" type="stmt"/>
        <line num="122" count="2" type="stmt"/>
        <line num="129" count="4" type="cond" truecount="1" falsecount="1"/>
        <line num="130" count="4" type="cond" truecount="1" falsecount="1"/>
        <line num="131" count="4" type="stmt"/>
        <line num="132" count="4" type="cond" truecount="2" falsecount="3"/>
        <line num="133" count="4" type="stmt"/>
        <line num="135" count="0" type="stmt"/>
        <line num="136" count="0" type="cond" truecount="0" falsecount="4"/>
        <line num="137" count="0" type="stmt"/>
        <line num="139" count="0" type="cond" truecount="0" falsecount="2"/>
        <line num="140" count="0" type="cond" truecount="0" falsecount="2"/>
        <line num="141" count="0" type="stmt"/>
        <line num="143" count="0" type="cond" truecount="0" falsecount="2"/>
        <line num="144" count="0" type="stmt"/>
        <line num="150" count="6" type="stmt"/>
        <line num="154" count="32" type="stmt"/>
        <line num="155" count="32" type="cond" truecount="4" falsecount="0"/>
        <line num="156" count="15" type="stmt"/>
        <line num="157" count="15" type="cond" truecount="1" falsecount="1"/>
        <line num="158" count="15" type="stmt"/>
        <line num="161" count="17" type="stmt"/>
        <line num="162" count="17" type="cond" truecount="2" falsecount="0"/>
        <line num="163" count="1" type="stmt"/>
        <line num="166" count="16" type="cond" truecount="2" falsecount="0"/>
        <line num="167" count="32" type="stmt"/>
        <line num="168" count="32" type="cond" truecount="1" falsecount="1"/>
        <line num="169" count="0" type="stmt"/>
        <line num="171" count="16" type="stmt"/>
        <line num="172" count="16" type="stmt"/>
        <line num="173" count="16" type="cond" truecount="1" falsecount="1"/>
        <line num="174" count="32" type="stmt"/>
        <line num="175" count="16" type="cond" truecount="4" falsecount="0"/>
        <line num="176" count="1" type="stmt"/>
        <line num="177" count="1" type="stmt"/>
        <line num="178" count="1" type="stmt"/>
        <line num="181" count="15" type="cond" truecount="2" falsecount="2"/>
        <line num="182" count="0" type="stmt"/>
        <line num="183" count="0" type="stmt"/>
        <line num="184" count="0" type="stmt"/>
        <line num="188" count="15" type="stmt"/>
        <line num="192" count="3" type="cond" truecount="1" falsecount="1"/>
        <line num="193" count="3" type="cond" truecount="1" falsecount="1"/>
        <line num="194" count="0" type="stmt"/>
        <line num="196" count="3" type="stmt"/>
        <line num="197" count="3" type="cond" truecount="1" falsecount="1"/>
        <line num="198" count="3" type="stmt"/>
        <line num="199" count="3" type="stmt"/>
        <line num="201" count="3" type="cond" truecount="1" falsecount="1"/>
        <line num="202" count="3" type="stmt"/>
        <line num="204" count="0" type="stmt"/>
        <line num="205" count="0" type="stmt"/>
        <line num="206" count="0" type="stmt"/>
        <line num="207" count="0" type="cond" truecount="0" falsecount="2"/>
        <line num="208" count="0" type="stmt"/>
        <line num="210" count="0" type="stmt"/>
        <line num="213" count="0" type="stmt"/>
        <line num="214" count="0" type="cond" truecount="0" falsecount="2"/>
        <line num="215" count="0" type="stmt"/>
        <line num="218" count="0" type="stmt"/>
        <line num="219" count="0" type="stmt"/>
        <line num="221" count="0" type="stmt"/>
        <line num="228" count="91" type="cond" truecount="1" falsecount="1"/>
        <line num="229" count="0" type="stmt"/>
        <line num="231" count="91" type="stmt"/>
        <line num="232" count="91" type="stmt"/>
        <line num="233" count="91" type="cond" truecount="2" falsecount="0"/>
        <line num="234" count="38" type="stmt"/>
        <line num="239" count="53" type="cond" truecount="1" falsecount="1"/>
        <line num="240" count="0" type="stmt"/>
        <line num="245" count="53" type="cond" truecount="2" falsecount="0"/>
        <line num="246" count="3" type="stmt"/>
        <line num="247" count="3" type="stmt"/>
        <line num="248" count="3" type="stmt"/>
        <line num="249" count="3" type="stmt"/>
        <line num="251" count="3" type="stmt"/>
        <line num="256" count="50" type="cond" truecount="1" falsecount="1"/>
        <line num="257" count="0" type="stmt"/>
        <line num="258" count="0" type="stmt"/>
        <line num="259" count="0" type="stmt"/>
        <line num="265" count="50" type="cond" truecount="1" falsecount="1"/>
        <line num="266" count="0" type="stmt"/>
        <line num="267" count="0" type="stmt"/>
        <line num="268" count="0" type="stmt"/>
        <line num="269" count="0" type="stmt"/>
        <line num="271" count="0" type="stmt"/>
        <line num="277" count="50" type="cond" truecount="1" falsecount="1"/>
        <line num="278" count="0" type="stmt"/>
        <line num="279" count="0" type="stmt"/>
        <line num="280" count="0" type="cond" truecount="0" falsecount="4"/>
        <line num="281" count="0" type="stmt"/>
        <line num="283" count="0" type="cond" truecount="0" falsecount="2"/>
        <line num="284" count="0" type="stmt"/>
        <line num="285" count="0" type="stmt"/>
        <line num="287" count="0" type="stmt"/>
        <line num="292" count="50" type="cond" truecount="2" falsecount="0"/>
        <line num="299" count="1" type="stmt"/>
        <line num="301" count="49" type="cond" truecount="5" falsecount="0"/>
        <line num="302" count="14" type="stmt"/>
        <line num="304" count="35" type="cond" truecount="2" falsecount="0"/>
        <line num="305" count="32" type="stmt"/>
        <line num="307" count="3" type="cond" truecount="2" falsecount="2"/>
        <line num="308" count="0" type="stmt"/>
        <line num="309" count="0" type="stmt"/>
        <line num="310" count="0" type="stmt"/>
        <line num="315" count="3" type="cond" truecount="1" falsecount="1"/>
        <line num="316" count="3" type="stmt"/>
        <line num="318" count="0" type="stmt"/>
        <line num="320" count="91" type="stmt"/>
      </file>
    </package>
    <package name="cli.src.analysis.scanner">
      <metrics statements="43" coveredstatements="38" conditionals="34" coveredconditionals="25" methods="7" coveredmethods="6"/>
      <file name="scanner.ts" path="/home/yuriy/Рабочий стол/pet-projects/feature-tracker/packages/cli/src/analysis/scanner/scanner.ts">
        <metrics statements="42" coveredstatements="37" conditionals="34" coveredconditionals="25" methods="6" coveredmethods="5"/>
        <line num="16" count="95" type="stmt"/>
        <line num="17" count="95" type="stmt"/>
        <line num="18" count="95" type="stmt"/>
        <line num="19" count="95" type="stmt"/>
        <line num="23" count="2824" type="cond" truecount="4" falsecount="0"/>
        <line num="24" count="59" type="stmt"/>
        <line num="27" count="2765" type="cond" truecount="6" falsecount="0"/>
        <line num="28" count="65" type="stmt"/>
        <line num="31" count="2765" type="cond" truecount="2" falsecount="0"/>
        <line num="32" count="71" type="stmt"/>
        <line num="33" count="71" type="cond" truecount="2" falsecount="0"/>
        <line num="34" count="42" type="stmt"/>
        <line num="35" count="42" type="stmt"/>
        <line num="36" count="42" type="stmt"/>
        <line num="37" count="42" type="cond" truecount="1" falsecount="1"/>
        <line num="38" count="0" type="stmt"/>
        <line num="43" count="42" type="cond" truecount="2" falsecount="2"/>
        <line num="44" count="0" type="stmt"/>
        <line num="45" count="0" type="stmt"/>
        <line num="50" count="0" type="cond" truecount="0" falsecount="4"/>
        <line num="51" count="0" type="stmt"/>
        <line num="55" count="42" type="stmt"/>
        <line num="58" count="42" type="stmt"/>
        <line num="61" count="42" type="stmt"/>
        <line num="68" count="2765" type="stmt"/>
        <line num="71" count="95" type="stmt"/>
        <line num="74" count="95" type="stmt"/>
        <line num="75" count="65" type="cond" truecount="2" falsecount="0"/>
        <line num="76" count="39" type="stmt"/>
        <line num="78" count="26" type="stmt"/>
        <line num="79" count="27" type="stmt"/>
        <line num="80" count="27" type="stmt"/>
        <line num="81" count="106" type="cond" truecount="2" falsecount="0"/>
        <line num="82" count="25" type="stmt"/>
        <line num="84" count="81" type="stmt"/>
        <line num="86" count="2" type="stmt"/>
        <line num="90" count="26" type="cond" truecount="2" falsecount="0"/>
        <line num="92" count="65" type="cond" truecount="2" falsecount="0"/>
        <line num="93" count="6" type="stmt"/>
        <line num="95" count="20" type="stmt"/>
        <line num="96" count="20" type="stmt"/>
        <line num="98" count="95" type="stmt"/>
      </file>
      <file name="sinkDetector.ts" path="/home/yuriy/Рабочий стол/pet-projects/feature-tracker/packages/cli/src/analysis/scanner/sinkDetector.ts">
        <metrics statements="1" coveredstatements="1" conditionals="0" coveredconditionals="0" methods="1" coveredmethods="1"/>
        <line num="11" count="71" type="stmt"/>
      </file>
    </package>
    <package name="cli.src.analysis.scanner.analyzer">
      <metrics statements="120" coveredstatements="66" conditionals="93" coveredconditionals="40" methods="10" coveredmethods="7"/>
      <file name="propagationAnalyzer.ts" path="/home/yuriy/Рабочий стол/pet-projects/feature-tracker/packages/cli/src/analysis/scanner/analyzer/propagationAnalyzer.ts">
        <metrics statements="79" coveredstatements="62" conditionals="63" coveredconditionals="38" methods="6" coveredmethods="6"/>
        <line num="13" count="35" type="cond" truecount="3" falsecount="0"/>
        <line num="17" count="6" type="stmt"/>
        <line num="18" count="6" type="stmt"/>
        <line num="19" count="6" type="stmt"/>
        <line num="20" count="7" type="stmt"/>
        <line num="21" count="7" type="cond" truecount="1" falsecount="1"/>
        <line num="22" count="0" type="stmt"/>
        <line num="24" count="7" type="stmt"/>
        <line num="25" count="7" type="stmt"/>
        <line num="27" count="6" type="cond" truecount="1" falsecount="1"/>
        <line num="28" count="0" type="stmt"/>
        <line num="31" count="6" type="stmt"/>
        <line num="35" count="5" type="stmt"/>
        <line num="36" count="5" type="cond" truecount="5" falsecount="1"/>
        <line num="37" count="5" type="cond" truecount="1" falsecount="1"/>
        <line num="38" count="0" type="stmt"/>
        <line num="40" count="5" type="stmt"/>
        <line num="46" count="5" type="cond" truecount="2" falsecount="0"/>
        <line num="47" count="4" type="cond" truecount="1" falsecount="1"/>
        <line num="48" count="4" type="stmt"/>
        <line num="56" count="1" type="cond" truecount="1" falsecount="1"/>
        <line num="57" count="1" type="stmt"/>
        <line num="58" count="1" type="cond" truecount="1" falsecount="1"/>
        <line num="59" count="1" type="stmt"/>
        <line num="63" count="0" type="stmt"/>
        <line num="67" count="21" type="stmt"/>
        <line num="70" count="19" type="cond" truecount="2" falsecount="0"/>
        <line num="71" count="15" type="cond" truecount="1" falsecount="1"/>
        <line num="72" count="15" type="stmt"/>
        <line num="77" count="0" type="stmt"/>
        <line num="81" count="4" type="cond" truecount="1" falsecount="1"/>
        <line num="82" count="4" type="stmt"/>
        <line num="83" count="4" type="cond" truecount="1" falsecount="1"/>
        <line num="84" count="4" type="stmt"/>
        <line num="88" count="2" type="stmt"/>
        <line num="92" count="24" type="stmt"/>
        <line num="93" count="24" type="stmt"/>
        <line num="94" count="24" type="stmt"/>
        <line num="95" count="24" type="stmt"/>
        <line num="96" count="24" type="cond" truecount="1" falsecount="1"/>
        <line num="97" count="0" type="stmt"/>
        <line num="99" count="24" type="stmt"/>
        <line num="106" count="24" type="cond" truecount="4" falsecount="0"/>
        <line num="107" count="21" type="stmt"/>
        <line num="108" count="21" type="stmt"/>
        <line num="109" count="21" type="cond" truecount="2" falsecount="0"/>
        <line num="110" count="15" type="stmt"/>
        <line num="112" count="6" type="cond" truecount="1" falsecount="1"/>
        <line num="113" count="6" type="stmt"/>
        <line num="114" count="6" type="stmt"/>
        <line num="115" count="7" type="stmt"/>
        <line num="117" count="6" type="cond" truecount="1" falsecount="1"/>
        <line num="118" count="6" type="stmt"/>
        <line num="121" count="21" type="cond" truecount="1" falsecount="1"/>
        <line num="122" count="0" type="stmt"/>
        <line num="124" count="21" type="stmt"/>
        <line num="125" count="21" type="cond" truecount="2" falsecount="0"/>
        <line num="126" count="2" type="stmt"/>
        <line num="129" count="19" type="stmt"/>
        <line num="138" count="19" type="stmt"/>
        <line num="143" count="3" type="cond" truecount="1" falsecount="1"/>
        <line num="144" count="0" type="stmt"/>
        <line num="145" count="0" type="cond" truecount="0" falsecount="4"/>
        <line num="146" count="0" type="stmt"/>
        <line num="148" count="0" type="cond" truecount="0" falsecount="2"/>
        <line num="149" count="0" type="cond" truecount="0" falsecount="2"/>
        <line num="150" count="0" type="stmt"/>
        <line num="152" count="0" type="stmt"/>
        <line num="153" count="0" type="cond" truecount="0" falsecount="2"/>
        <line num="154" count="0" type="stmt"/>
        <line num="156" count="0" type="stmt"/>
        <line num="166" count="24" type="stmt"/>
        <line num="170" count="25" type="stmt"/>
        <line num="171" count="25" type="cond" truecount="2" falsecount="0"/>
        <line num="172" count="1" type="stmt"/>
        <line num="174" count="24" type="stmt"/>
        <line num="175" count="24" type="cond" truecount="2" falsecount="0"/>
        <line num="176" count="5" type="stmt"/>
        <line num="178" count="19" type="stmt"/>
      </file>
      <file name="returnPropagationAnalyzer.ts" path="/home/yuriy/Рабочий стол/pet-projects/feature-tracker/packages/cli/src/analysis/scanner/analyzer/returnPropagationAnalyzer.ts">
        <metrics statements="41" coveredstatements="4" conditionals="30" coveredconditionals="2" methods="4" coveredmethods="1"/>
        <line num="6" count="0" type="stmt"/>
        <line num="7" count="0" type="cond" truecount="0" falsecount="2"/>
        <line num="8" count="0" type="stmt"/>
        <line num="10" count="0" type="cond" truecount="0" falsecount="2"/>
        <line num="11" count="0" type="stmt"/>
        <line num="14" count="0" type="stmt"/>
        <line num="18" count="3" type="stmt"/>
        <line num="22" count="0" type="cond" truecount="0" falsecount="4"/>
        <line num="23" count="0" type="stmt"/>
        <line num="25" count="0" type="stmt"/>
        <line num="31" count="0" type="cond" truecount="0" falsecount="2"/>
        <line num="32" count="0" type="stmt"/>
        <line num="33" count="0" type="cond" truecount="0" falsecount="2"/>
        <line num="34" count="0" type="stmt"/>
        <line num="36" count="0" type="stmt"/>
        <line num="41" count="0" type="stmt"/>
        <line num="45" count="0" type="cond" truecount="0" falsecount="2"/>
        <line num="46" count="0" type="stmt"/>
        <line num="47" count="0" type="cond" truecount="0" falsecount="2"/>
        <line num="48" count="0" type="stmt"/>
        <line num="50" count="0" type="stmt"/>
        <line num="51" count="0" type="cond" truecount="0" falsecount="2"/>
        <line num="52" count="0" type="stmt"/>
        <line num="54" count="0" type="stmt"/>
        <line num="55" count="0" type="cond" truecount="0" falsecount="2"/>
        <line num="56" count="0" type="stmt"/>
        <line num="58" count="0" type="stmt"/>
        <line num="64" count="0" type="stmt"/>
        <line num="67" count="0" type="cond" truecount="0" falsecount="2"/>
        <line num="68" count="0" type="stmt"/>
        <line num="69" count="0" type="cond" truecount="0" falsecount="2"/>
        <line num="70" count="0" type="stmt"/>
        <line num="72" count="0" type="stmt"/>
        <line num="73" count="0" type="cond" truecount="0" falsecount="2"/>
        <line num="74" count="0" type="stmt"/>
        <line num="76" count="0" type="stmt"/>
        <line num="85" count="3" type="cond" truecount="1" falsecount="1"/>
        <line num="86" count="0" type="stmt"/>
        <line num="88" count="3" type="cond" truecount="1" falsecount="1"/>
        <line num="89" count="3" type="stmt"/>
        <line num="92" count="0" type="stmt"/>
      </file>
    </package>
    <package name="cli.src.analysis.sdk">
      <metrics statements="95" coveredstatements="53" conditionals="122" coveredconditionals="60" methods="13" coveredmethods="8"/>
      <file name="eventraSdk.ts" path="/home/yuriy/Рабочий стол/pet-projects/feature-tracker/packages/cli/src/analysis/sdk/eventraSdk.ts">
        <metrics statements="12" coveredstatements="7" conditionals="8" coveredconditionals="4" methods="3" coveredmethods="1"/>
        <line num="2" count="11" type="stmt"/>
        <line num="3" count="11" type="stmt"/>
        <line num="6" count="0" type="stmt"/>
        <line num="7" count="0" type="stmt"/>
        <line num="14" count="38" type="stmt"/>
        <line num="15" count="38" type="cond" truecount="3" falsecount="1"/>
        <line num="16" count="0" type="stmt"/>
        <line num="18" count="38" type="cond" truecount="1" falsecount="1"/>
        <line num="19" count="0" type="stmt"/>
        <line num="21" count="38" type="stmt"/>
        <line num="25" count="0" type="stmt"/>
        <line num="28" count="11" type="stmt"/>
      </file>
      <file name="isEventraTrackCall.ts" path="/home/yuriy/Рабочий стол/pet-projects/feature-tracker/packages/cli/src/analysis/sdk/isEventraTrackCall.ts">
        <metrics statements="83" coveredstatements="46" conditionals="114" coveredconditionals="56" methods="10" coveredmethods="7"/>
        <line num="6" count="71" type="cond" truecount="4" falsecount="0"/>
        <line num="7" count="40" type="stmt"/>
        <line num="9" count="31" type="cond" truecount="1" falsecount="1"/>
        <line num="15" count="0" type="stmt"/>
        <line num="17" count="31" type="stmt"/>
        <line num="21" count="0" type="stmt"/>
        <line num="22" count="0" type="stmt"/>
        <line num="23" count="0" type="cond" truecount="0" falsecount="2"/>
        <line num="24" count="0" type="stmt"/>
        <line num="26" count="0" type="stmt"/>
        <line num="28" count="0" type="stmt"/>
        <line num="32" count="40" type="cond" truecount="2" falsecount="2"/>
        <line num="33" count="0" type="stmt"/>
        <line num="34" count="0" type="cond" truecount="0" falsecount="4"/>
        <line num="35" count="0" type="stmt"/>
        <line num="38" count="40" type="cond" truecount="1" falsecount="1"/>
        <line num="39" count="0" type="stmt"/>
        <line num="40" count="0" type="cond" truecount="0" falsecount="6"/>
        <line num="41" count="0" type="stmt"/>
        <line num="44" count="40" type="stmt"/>
        <line num="48" count="40" type="cond" truecount="4" falsecount="0"/>
        <line num="49" count="1" type="stmt"/>
        <line num="51" count="39" type="stmt"/>
        <line num="52" count="39" type="cond" truecount="2" falsecount="0"/>
        <line num="56" count="40" type="cond" truecount="1" falsecount="1"/>
        <line num="57" count="0" type="stmt"/>
        <line num="60" count="40" type="cond" truecount="1" falsecount="1"/>
        <line num="61" count="0" type="stmt"/>
        <line num="64" count="40" type="cond" truecount="1" falsecount="1"/>
        <line num="65" count="40" type="cond" truecount="4" falsecount="0"/>
        <line num="66" count="2" type="stmt"/>
        <line num="70" count="38" type="stmt"/>
        <line num="74" count="0" type="stmt"/>
        <line num="75" count="0" type="cond" truecount="0" falsecount="2"/>
        <line num="76" count="0" type="stmt"/>
        <line num="78" count="0" type="stmt"/>
        <line num="79" count="0" type="cond" truecount="0" falsecount="2"/>
        <line num="83" count="40" type="cond" truecount="1" falsecount="1"/>
        <line num="84" count="0" type="stmt"/>
        <line num="87" count="40" type="stmt"/>
        <line num="88" count="40" type="cond" truecount="4" falsecount="0"/>
        <line num="89" count="2" type="stmt"/>
        <line num="92" count="38" type="stmt"/>
        <line num="93" count="38" type="cond" truecount="4" falsecount="0"/>
        <line num="94" count="37" type="stmt"/>
        <line num="97" count="1" type="cond" truecount="1" falsecount="1"/>
        <line num="98" count="0" type="stmt"/>
        <line num="101" count="1" type="stmt"/>
        <line num="108" count="40" type="cond" truecount="1" falsecount="1"/>
        <line num="109" count="0" type="stmt"/>
        <line num="112" count="40" type="cond" truecount="2" falsecount="2"/>
        <line num="113" count="0" type="stmt"/>
        <line num="116" count="40" type="stmt"/>
        <line num="117" count="40" type="cond" truecount="2" falsecount="0"/>
        <line num="118" count="39" type="stmt"/>
        <line num="121" count="1" type="cond" truecount="1" falsecount="1"/>
        <line num="122" count="1" type="stmt"/>
        <line num="123" count="1" type="cond" truecount="1" falsecount="1"/>
        <line num="124" count="0" type="stmt"/>
        <line num="126" count="1" type="cond" truecount="1" falsecount="1"/>
        <line num="127" count="1" type="cond" truecount="2" falsecount="2"/>
        <line num="128" count="0" type="cond" truecount="0" falsecount="4"/>
        <line num="129" count="0" type="stmt"/>
        <line num="131" count="0" type="cond" truecount="0" falsecount="2"/>
        <line num="136" count="0" type="stmt"/>
        <line num="139" count="1" type="cond" truecount="2" falsecount="2"/>
        <line num="140" count="0" type="stmt"/>
        <line num="141" count="0" type="cond" truecount="0" falsecount="2"/>
        <line num="142" count="0" type="stmt"/>
        <line num="145" count="1" type="cond" truecount="2" falsecount="2"/>
        <line num="146" count="0" type="stmt"/>
        <line num="147" count="0" type="cond" truecount="0" falsecount="2"/>
        <line num="148" count="0" type="stmt"/>
        <line num="154" count="1" type="cond" truecount="3" falsecount="1"/>
        <line num="155" count="0" type="stmt"/>
        <line num="158" count="1" type="stmt"/>
        <line num="166" count="71" type="stmt"/>
        <line num="167" count="71" type="cond" truecount="2" falsecount="0"/>
        <line num="168" count="31" type="stmt"/>
        <line num="172" count="40" type="cond" truecount="2" falsecount="3"/>
        <line num="178" count="71" type="cond" truecount="1" falsecount="1"/>
        <line num="179" count="0" type="stmt"/>
        <line num="182" count="40" type="stmt"/>
      </file>
    </package>
    <package name="cli.src.analysis.shared">
      <metrics statements="32" coveredstatements="14" conditionals="35" coveredconditionals="11" methods="6" coveredmethods="4"/>
      <file name="dynamicOccurrence.ts" path="/home/yuriy/Рабочий стол/pet-projects/feature-tracker/packages/cli/src/analysis/shared/dynamicOccurrence.ts">
        <metrics statements="5" coveredstatements="5" conditionals="2" coveredconditionals="1" methods="1" coveredmethods="1"/>
        <line num="15" count="8" type="stmt"/>
        <line num="18" count="26" type="stmt"/>
        <line num="19" count="26" type="stmt"/>
        <line num="20" count="26" type="stmt"/>
        <line num="21" count="26" type="stmt"/>
      </file>
      <file name="evaluationContext.ts" path="/home/yuriy/Рабочий стол/pet-projects/feature-tracker/packages/cli/src/analysis/shared/evaluationContext.ts">
        <metrics statements="1" coveredstatements="1" conditionals="0" coveredconditionals="0" methods="1" coveredmethods="1"/>
        <line num="9" count="63" type="stmt"/>
      </file>
      <file name="eventValidation.ts" path="/home/yuriy/Рабочий стол/pet-projects/feature-tracker/packages/cli/src/analysis/shared/eventValidation.ts">
        <metrics statements="0" coveredstatements="0" conditionals="0" coveredconditionals="0" methods="0" coveredmethods="0"/>
      </file>
      <file name="utils.ts" path="/home/yuriy/Рабочий стол/pet-projects/feature-tracker/packages/cli/src/analysis/shared/utils.ts">
        <metrics statements="26" coveredstatements="8" conditionals="33" coveredconditionals="10" methods="4" coveredmethods="2"/>
        <line num="9" count="99" type="stmt"/>
        <line num="10" count="99" type="stmt"/>
        <line num="17" count="7" type="stmt"/>
        <line num="19" count="99" type="stmt"/>
        <line num="25" count="23" type="cond" truecount="2" falsecount="0"/>
        <line num="26" count="3" type="cond" truecount="3" falsecount="1"/>
        <line num="27" count="0" type="stmt"/>
        <line num="29" count="3" type="stmt"/>
        <line num="31" count="20" type="stmt"/>
        <line num="43" count="0" type="cond" truecount="0" falsecount="2"/>
        <line num="49" count="0" type="stmt"/>
        <line num="56" count="0" type="cond" truecount="0" falsecount="2"/>
        <line num="62" count="0" type="stmt"/>
        <line num="69" count="0" type="cond" truecount="0" falsecount="2"/>
        <line num="75" count="0" type="stmt"/>
        <line num="78" count="0" type="stmt"/>
        <line num="90" count="0" type="cond" truecount="0" falsecount="2"/>
        <line num="97" count="0" type="stmt"/>
        <line num="104" count="0" type="cond" truecount="0" falsecount="2"/>
        <line num="113" count="0" type="stmt"/>
        <line num="121" count="0" type="stmt"/>
        <line num="123" count="0" type="cond" truecount="0" falsecount="2"/>
        <line num="132" count="0" type="stmt"/>
        <line num="139" count="0" type="cond" truecount="0" falsecount="2"/>
        <line num="148" count="0" type="stmt"/>
        <line num="151" count="0" type="stmt"/>
      </file>
    </package>
    <package name="cli.src.analysis.symbols">
      <metrics statements="33" coveredstatements="23" conditionals="32" coveredconditionals="20" methods="11" coveredmethods="8"/>
      <file name="symbolUtils.ts" path="/home/yuriy/Рабочий стол/pet-projects/feature-tracker/packages/cli/src/analysis/symbols/symbolUtils.ts">
        <metrics statements="16" coveredstatements="11" conditionals="26" coveredconditionals="17" methods="1" coveredmethods="1"/>
        <line num="5" count="96" type="cond" truecount="4" falsecount="0"/>
        <line num="6" count="54" type="stmt"/>
        <line num="9" count="42" type="cond" truecount="4" falsecount="0"/>
        <line num="10" count="41" type="stmt"/>
        <line num="16" count="1" type="cond" truecount="2" falsecount="2"/>
        <line num="17" count="0" type="stmt"/>
        <line num="20" count="1" type="stmt"/>
        <line num="21" count="1" type="cond" truecount="2" falsecount="2"/>
        <line num="22" count="0" type="stmt"/>
        <line num="25" count="1" type="cond" truecount="2" falsecount="2"/>
        <line num="26" count="0" type="stmt"/>
        <line num="32" count="1" type="cond" truecount="2" falsecount="2"/>
        <line num="33" count="0" type="stmt"/>
        <line num="36" count="1" type="cond" truecount="1" falsecount="1"/>
        <line num="37" count="0" type="stmt"/>
        <line num="39" count="1" type="stmt"/>
      </file>
      <file name="wrapperRegistry.ts" path="/home/yuriy/Рабочий стол/pet-projects/feature-tracker/packages/cli/src/analysis/symbols/wrapperRegistry.ts">
        <metrics statements="17" coveredstatements="12" conditionals="6" coveredconditionals="3" methods="10" coveredmethods="7"/>
        <line num="9" count="70" type="stmt"/>
        <line num="13" count="35" type="stmt"/>
        <line num="16" count="35" type="stmt"/>
        <line num="17" count="35" type="stmt"/>
        <line num="21" count="38" type="stmt"/>
        <line num="25" count="0" type="stmt"/>
        <line num="29" count="90" type="cond" truecount="1" falsecount="1"/>
        <line num="35" count="20" type="stmt"/>
        <line num="39" count="70" type="cond" truecount="1" falsecount="1"/>
        <line num="40" count="0" type="stmt"/>
        <line num="43" count="70" type="stmt"/>
        <line num="44" count="70" type="cond" truecount="1" falsecount="1"/>
        <line num="45" count="0" type="stmt"/>
        <line num="47" count="70" type="stmt"/>
        <line num="51" count="0" type="stmt"/>
        <line num="55" count="0" type="stmt"/>
        <line num="59" count="3" type="stmt"/>
      </file>
    </package>
    <package name="cli.src.cli">
      <metrics statements="108" coveredstatements="85" conditionals="56" coveredconditionals="40" methods="8" coveredmethods="6"/>
      <file name="send.ts" path="/home/yuriy/Рабочий стол/pet-projects/feature-tracker/packages/cli/src/cli/send.ts">
        <metrics statements="108" coveredstatements="85" conditionals="56" coveredconditionals="40" methods="8" coveredmethods="6"/>
        <line num="7" count="1" type="stmt"/>
        <line num="10" count="1" type="stmt"/>
        <line num="13" count="1" type="stmt"/>
        <line num="14" count="1" type="stmt"/>
        <line num="15" count="1" type="stmt"/>
        <line num="16" count="1" type="stmt"/>
        <line num="20" count="3" type="stmt"/>
        <line num="25" count="3" type="stmt"/>
        <line num="26" count="3" type="stmt"/>
        <line num="35" count="10" type="stmt"/>
        <line num="36" count="10" type="stmt"/>
        <line num="38" count="10" type="stmt"/>
        <line num="39" count="10" type="stmt"/>
        <line num="49" count="10" type="cond" truecount="2" falsecount="0"/>
        <line num="50" count="5" type="stmt"/>
        <line num="51" count="5" type="stmt"/>
        <line num="55" count="5" type="stmt"/>
        <line num="56" count="5" type="stmt"/>
        <line num="62" count="5" type="cond" truecount="2" falsecount="0"/>
        <line num="63" count="10" type="stmt"/>
        <line num="65" count="10" type="stmt"/>
        <line num="75" count="11" type="stmt"/>
        <line num="76" count="11" type="cond" truecount="1" falsecount="1"/>
        <line num="77" count="0" type="stmt"/>
        <line num="78" count="0" type="stmt"/>
        <line num="79" count="0" type="stmt"/>
        <line num="82" count="11" type="cond" truecount="3" falsecount="0"/>
        <line num="88" count="11" type="cond" truecount="2" falsecount="0"/>
        <line num="94" count="5" type="stmt"/>
        <line num="95" count="5" type="cond" truecount="2" falsecount="0"/>
        <line num="96" count="4" type="cond" truecount="2" falsecount="0"/>
        <line num="97" count="2" type="stmt"/>
        <line num="98" count="2" type="stmt"/>
        <line num="103" count="2" type="stmt"/>
        <line num="104" count="2" type="stmt"/>
        <line num="105" count="2" type="stmt"/>
        <line num="107" count="2" type="stmt"/>
        <line num="108" count="2" type="stmt"/>
        <line num="112" count="9" type="stmt"/>
        <line num="114" count="9" type="cond" truecount="2" falsecount="0"/>
        <line num="115" count="1" type="cond" truecount="1" falsecount="1"/>
        <line num="116" count="1" type="stmt"/>
        <line num="121" count="1" type="stmt"/>
        <line num="122" count="1" type="stmt"/>
        <line num="125" count="0" type="stmt"/>
        <line num="132" count="0" type="stmt"/>
        <line num="133" count="0" type="cond" truecount="0" falsecount="2"/>
        <line num="136" count="0" type="stmt"/>
        <line num="137" count="0" type="stmt"/>
        <line num="141" count="8" type="cond" truecount="2" falsecount="0"/>
        <line num="142" count="1" type="stmt"/>
        <line num="143" count="1" type="stmt"/>
        <line num="144" count="1" type="stmt"/>
        <line num="146" count="7" type="cond" truecount="1" falsecount="1"/>
        <line num="147" count="0" type="stmt"/>
        <line num="148" count="0" type="stmt"/>
        <line num="149" count="0" type="stmt"/>
        <line num="151" count="7" type="cond" truecount="1" falsecount="1"/>
        <line num="152" count="0" type="stmt"/>
        <line num="153" count="0" type="stmt"/>
        <line num="154" count="0" type="stmt"/>
        <line num="156" count="7" type="stmt"/>
        <line num="157" count="7" type="stmt"/>
        <line num="159" count="7" type="stmt"/>
        <line num="170" count="7" type="stmt"/>
        <line num="172" count="7" type="stmt"/>
        <line num="173" count="10" type="stmt"/>
        <line num="174" count="10" type="stmt"/>
        <line num="176" count="10" type="cond" truecount="2" falsecount="0"/>
        <line num="177" count="5" type="stmt"/>
        <line num="178" count="5" type="stmt"/>
        <line num="181" count="5" type="cond" truecount="2" falsecount="0"/>
        <line num="183" count="1" type="stmt"/>
        <line num="184" count="1" type="cond" truecount="1" falsecount="1"/>
        <line num="185" count="1" type="stmt"/>
        <line num="186" count="1" type="stmt"/>
        <line num="189" count="4" type="stmt"/>
        <line num="191" count="4" type="cond" truecount="2" falsecount="0"/>
        <line num="192" count="3" type="stmt"/>
        <line num="193" count="3" type="stmt"/>
        <line num="198" count="3" type="stmt"/>
        <line num="201" count="0" type="stmt"/>
        <line num="203" count="0" type="cond" truecount="0" falsecount="2"/>
        <line num="204" count="0" type="stmt"/>
        <line num="205" count="0" type="stmt"/>
        <line num="210" count="0" type="stmt"/>
        <line num="215" count="6" type="cond" truecount="2" falsecount="0"/>
        <line num="216" count="1" type="stmt"/>
        <line num="217" count="1" type="cond" truecount="1" falsecount="1"/>
        <line num="218" count="1" type="stmt"/>
        <line num="219" count="1" type="cond" truecount="1" falsecount="1"/>
        <line num="220" count="0" type="cond" truecount="0" falsecount="2"/>
        <line num="221" count="0" type="stmt"/>
        <line num="223" count="1" type="stmt"/>
        <line num="224" count="1" type="stmt"/>
        <line num="227" count="5" type="stmt"/>
        <line num="229" count="5" type="cond" truecount="1" falsecount="1"/>
        <line num="230" count="5" type="stmt"/>
        <line num="231" count="5" type="stmt"/>
        <line num="234" count="5" type="cond" truecount="1" falsecount="1"/>
        <line num="235" count="0" type="stmt"/>
        <line num="236" count="0" type="stmt"/>
        <line num="239" count="5" type="cond" truecount="1" falsecount="1"/>
        <line num="240" count="5" type="stmt"/>
        <line num="241" count="5" type="stmt"/>
        <line num="242" count="5" type="stmt"/>
        <line num="244" count="5" type="stmt"/>
        <line num="245" count="5" type="stmt"/>
      </file>
    </package>
    <package name="cli.src.compiler">
      <metrics statements="181" coveredstatements="145" conditionals="80" coveredconditionals="40" methods="45" coveredmethods="41"/>
      <file name="compilerContext.ts" path="/home/yuriy/Рабочий стол/pet-projects/feature-tracker/packages/cli/src/compiler/compilerContext.ts">
        <metrics statements="101" coveredstatements="67" conditionals="46" coveredconditionals="13" methods="27" coveredmethods="23"/>
        <line num="8" count="41" type="stmt"/>
        <line num="11" count="41" type="stmt"/>
        <line num="12" count="41" type="stmt"/>
        <line num="14" count="41" type="stmt"/>
        <line num="15" count="41" type="stmt"/>
        <line num="16" count="41" type="cond" truecount="2" falsecount="0"/>
        <line num="17" count="41" type="stmt"/>
        <line num="34" count="41" type="cond" truecount="2" falsecount="0"/>
        <line num="35" count="3" type="stmt"/>
        <line num="36" count="3" type="cond" truecount="1" falsecount="1"/>
        <line num="37" count="0" type="stmt"/>
        <line num="39" count="3" type="stmt"/>
        <line num="44" count="3" type="stmt"/>
        <line num="48" count="3" type="stmt"/>
        <line num="49" count="9" type="stmt"/>
        <line num="53" count="41" type="stmt"/>
        <line num="54" count="41" type="stmt"/>
        <line num="55" count="41" type="stmt"/>
        <line num="56" count="41" type="stmt"/>
        <line num="60" count="57061" type="stmt"/>
        <line num="66" count="4111" type="cond" truecount="1" falsecount="1"/>
        <line num="67" count="4111" type="stmt"/>
        <line num="69" count="0" type="stmt"/>
        <line num="73" count="4111" type="stmt"/>
        <line num="74" count="4111" type="stmt"/>
        <line num="76" count="4111" type="stmt"/>
        <line num="83" count="4111" type="stmt"/>
        <line num="84" count="4111" type="stmt"/>
        <line num="85" count="4111" type="cond" truecount="1" falsecount="1"/>
        <line num="86" count="0" type="stmt"/>
        <line num="88" count="4111" type="stmt"/>
        <line num="95" count="4111" type="stmt"/>
        <line num="99" count="41" type="stmt"/>
        <line num="100" count="41" type="stmt"/>
        <line num="106" count="4111" type="stmt"/>
        <line num="107" count="4111" type="stmt"/>
        <line num="108" count="4111" type="stmt"/>
        <line num="109" count="4111" type="stmt"/>
        <line num="110" count="4111" type="cond" truecount="1" falsecount="1"/>
        <line num="111" count="4111" type="stmt"/>
        <line num="113" count="0" type="stmt"/>
        <line num="119" count="0" type="cond" truecount="0" falsecount="2"/>
        <line num="120" count="0" type="stmt"/>
        <line num="122" count="0" type="cond" truecount="0" falsecount="2"/>
        <line num="123" count="0" type="stmt"/>
        <line num="125" count="0" type="stmt"/>
        <line num="128" count="41" type="stmt"/>
        <line num="129" count="47" type="stmt"/>
        <line num="130" count="47" type="stmt"/>
        <line num="131" count="47" type="cond" truecount="1" falsecount="1"/>
        <line num="134" count="41" type="stmt"/>
        <line num="135" count="350" type="stmt"/>
        <line num="136" count="350" type="cond" truecount="2" falsecount="0"/>
        <line num="139" count="43999" type="stmt"/>
        <line num="140" count="4320" type="stmt"/>
        <line num="141" count="201" type="stmt"/>
        <line num="142" count="41" type="stmt"/>
        <line num="146" count="4111" type="cond" truecount="1" falsecount="1"/>
        <line num="147" count="4111" type="cond" truecount="1" falsecount="1"/>
        <line num="148" count="0" type="cond" truecount="0" falsecount="2"/>
        <line num="149" count="0" type="cond" truecount="0" falsecount="2"/>
        <line num="150" count="0" type="cond" truecount="0" falsecount="2"/>
        <line num="151" count="0" type="stmt"/>
        <line num="155" count="86" type="stmt"/>
        <line num="160" count="98" type="stmt"/>
        <line num="161" count="98" type="stmt"/>
        <line num="162" count="98" type="stmt"/>
        <line num="166" count="34" type="stmt"/>
        <line num="171" count="9" type="stmt"/>
        <line num="172" count="9" type="stmt"/>
        <line num="173" count="9" type="stmt"/>
        <line num="177" count="2" type="stmt"/>
        <line num="178" count="2" type="stmt"/>
        <line num="179" count="2" type="stmt"/>
        <line num="180" count="2" type="stmt"/>
        <line num="184" count="0" type="stmt"/>
        <line num="188" count="264" type="stmt"/>
        <line num="192" count="158" type="stmt"/>
        <line num="196" count="0" type="cond" truecount="0" falsecount="2"/>
        <line num="197" count="0" type="stmt"/>
        <line num="199" count="0" type="stmt"/>
        <line num="200" count="0" type="cond" truecount="0" falsecount="2"/>
        <line num="201" count="0" type="stmt"/>
        <line num="203" count="0" type="stmt"/>
        <line num="210" count="56" type="stmt"/>
        <line num="216" count="56" type="stmt"/>
        <line num="220" count="0" type="stmt"/>
        <line num="221" count="0" type="cond" truecount="0" falsecount="2"/>
        <line num="222" count="0" type="stmt"/>
        <line num="224" count="0" type="stmt"/>
        <line num="225" count="0" type="stmt"/>
        <line num="226" count="0" type="cond" truecount="0" falsecount="4"/>
        <line num="227" count="0" type="stmt"/>
        <line num="229" count="0" type="stmt"/>
        <line num="230" count="0" type="cond" truecount="0" falsecount="4"/>
        <line num="231" count="0" type="stmt"/>
        <line num="233" count="0" type="stmt"/>
        <line num="234" count="0" type="cond" truecount="0" falsecount="2"/>
        <line num="235" count="0" type="stmt"/>
        <line num="238" count="0" type="stmt"/>
        <line num="242" count="3191" type="stmt"/>
      </file>
      <file name="documentRegistry.ts" path="/home/yuriy/Рабочий стол/pet-projects/feature-tracker/packages/cli/src/compiler/documentRegistry.ts">
        <metrics statements="21" coveredstatements="21" conditionals="10" coveredconditionals="10" methods="11" coveredmethods="11"/>
        <line num="13" count="54" type="stmt"/>
        <line num="16" count="73506" type="stmt"/>
        <line num="20" count="355" type="stmt"/>
        <line num="24" count="8278" type="stmt"/>
        <line num="28" count="50" type="stmt"/>
        <line num="32" count="4112" type="stmt"/>
        <line num="36" count="4116" type="cond" truecount="2" falsecount="0"/>
        <line num="40" count="3644" type="stmt"/>
        <line num="41" count="3644" type="stmt"/>
        <line num="42" count="3644" type="cond" truecount="4" falsecount="0"/>
        <line num="43" count="2" type="stmt"/>
        <line num="45" count="3642" type="stmt"/>
        <line num="54" count="4161" type="stmt"/>
        <line num="55" count="4161" type="cond" truecount="2" falsecount="0"/>
        <line num="56" count="629" type="stmt"/>
        <line num="58" count="3532" type="stmt"/>
        <line num="59" count="3532" type="stmt"/>
        <line num="60" count="3532" type="stmt"/>
        <line num="67" count="3" type="stmt"/>
        <line num="71" count="2" type="stmt"/>
        <line num="77" count="1" type="stmt"/>
      </file>
      <file name="importGraph.ts" path="/home/yuriy/Рабочий стол/pet-projects/feature-tracker/packages/cli/src/compiler/importGraph.ts">
        <metrics statements="46" coveredstatements="44" conditionals="22" coveredconditionals="15" methods="3" coveredmethods="3"/>
        <line num="5" count="40" type="stmt"/>
        <line num="7" count="40" type="stmt"/>
        <line num="10" count="69" type="cond" truecount="2" falsecount="0"/>
        <line num="11" count="69" type="stmt"/>
        <line num="13" count="69" type="stmt"/>
        <line num="14" count="1" type="cond" truecount="1" falsecount="1"/>
        <line num="15" count="0" type="stmt"/>
        <line num="17" count="1" type="stmt"/>
        <line num="18" count="1" type="cond" truecount="1" falsecount="1"/>
        <line num="19" count="1" type="stmt"/>
        <line num="20" count="1" type="cond" truecount="1" falsecount="1"/>
        <line num="21" count="1" type="stmt"/>
        <line num="26" count="69" type="stmt"/>
        <line num="27" count="34" type="cond" truecount="1" falsecount="1"/>
        <line num="28" count="0" type="stmt"/>
        <line num="30" count="34" type="stmt"/>
        <line num="31" count="34" type="cond" truecount="2" falsecount="0"/>
        <line num="32" count="33" type="stmt"/>
        <line num="33" count="33" type="stmt"/>
        <line num="35" count="34" type="stmt"/>
        <line num="37" count="69" type="stmt"/>
        <line num="41" count="2" type="stmt"/>
        <line num="42" count="2" type="cond" truecount="1" falsecount="1"/>
        <line num="43" count="2" type="stmt"/>
        <line num="44" count="1" type="stmt"/>
        <line num="45" count="1" type="cond" truecount="1" falsecount="1"/>
        <line num="46" count="1" type="stmt"/>
        <line num="47" count="1" type="cond" truecount="1" falsecount="1"/>
        <line num="48" count="1" type="stmt"/>
        <line num="53" count="2" type="stmt"/>
        <line num="54" count="2" type="stmt"/>
        <line num="55" count="2" type="stmt"/>
        <line num="56" count="1" type="stmt"/>
        <line num="61" count="14" type="stmt"/>
        <line num="62" count="14" type="stmt"/>
        <line num="63" count="14" type="stmt"/>
        <line num="64" count="26" type="stmt"/>
        <line num="65" count="26" type="cond" truecount="2" falsecount="0"/>
        <line num="66" count="2" type="stmt"/>
        <line num="68" count="24" type="stmt"/>
        <line num="69" count="24" type="stmt"/>
        <line num="70" count="24" type="cond" truecount="2" falsecount="0"/>
        <line num="71" count="13" type="stmt"/>
        <line num="73" count="11" type="stmt"/>
        <line num="74" count="12" type="stmt"/>
        <line num="77" count="14" type="stmt"/>
      </file>
      <file name="scheduler.ts" path="/home/yuriy/Рабочий стол/pet-projects/feature-tracker/packages/cli/src/compiler/scheduler.ts">
        <metrics statements="13" coveredstatements="13" conditionals="2" coveredconditionals="2" methods="4" coveredmethods="4"/>
        <line num="2" count="39" type="stmt"/>
        <line num="3" count="39" type="stmt"/>
        <line num="4" count="39" type="stmt"/>
        <line num="6" count="39" type="stmt"/>
        <line num="10" count="11" type="stmt"/>
        <line num="11" count="11" type="cond" truecount="2" falsecount="0"/>
        <line num="12" count="7" type="stmt"/>
        <line num="13" count="7" type="stmt"/>
        <line num="15" count="11" type="stmt"/>
        <line num="19" count="7" type="stmt"/>
        <line num="20" count="7" type="stmt"/>
        <line num="21" count="7" type="stmt"/>
        <line num="22" count="7" type="stmt"/>
      </file>
    </package>
    <package name="cli.src.config">
      <metrics statements="51" coveredstatements="48" conditionals="46" coveredconditionals="44" methods="15" coveredmethods="15"/>
      <file name="config.ts" path="/home/yuriy/Рабочий стол/pet-projects/feature-tracker/packages/cli/src/config/config.ts">
        <metrics statements="51" coveredstatements="48" conditionals="46" coveredconditionals="44" methods="15" coveredmethods="15"/>
        <line num="6" count="4" type="stmt"/>
        <line num="12" count="4" type="stmt"/>
        <line num="14" count="4" type="stmt"/>
        <line num="16" count="4" type="stmt"/>
        <line num="19" count="42" type="cond" truecount="2" falsecount="0"/>
        <line num="20" count="5" type="stmt"/>
        <line num="21" count="4" type="stmt"/>
        <line num="23" count="42" type="stmt"/>
        <line num="24" count="42" type="stmt"/>
        <line num="25" count="4" type="cond" truecount="2" falsecount="0"/>
        <line num="26" count="3" type="stmt"/>
        <line num="27" count="3" type="stmt"/>
        <line num="30" count="42" type="stmt"/>
        <line num="34" count="1" type="stmt"/>
        <line num="44" count="11" type="stmt"/>
        <line num="45" count="11" type="cond" truecount="1" falsecount="1"/>
        <line num="46" count="0" type="stmt"/>
        <line num="48" count="11" type="stmt"/>
        <line num="49" count="11" type="stmt"/>
        <line num="50" count="11" type="stmt"/>
        <line num="52" count="0" type="stmt"/>
        <line num="57" count="10" type="stmt"/>
        <line num="58" count="10" type="stmt"/>
        <line num="67" count="16" type="stmt"/>
        <line num="68" count="16" type="cond" truecount="2" falsecount="0"/>
        <line num="69" count="4" type="stmt"/>
        <line num="70" count="4" type="stmt"/>
        <line num="71" count="4" type="stmt"/>
        <line num="79" count="0" type="stmt"/>
        <line num="84" count="7" type="stmt"/>
        <line num="85" count="7" type="stmt"/>
        <line num="86" count="7" type="stmt"/>
        <line num="87" count="7" type="cond" truecount="2" falsecount="0"/>
        <line num="88" count="7" type="cond" truecount="2" falsecount="0"/>
        <line num="90" count="7" type="stmt"/>
        <line num="91" count="7" type="stmt"/>
        <line num="95" count="7" type="stmt"/>
        <line num="96" count="7" type="stmt"/>
        <line num="97" count="7" type="cond" truecount="2" falsecount="0"/>
        <line num="98" count="2" type="stmt"/>
        <line num="99" count="4" type="cond" truecount="2" falsecount="0"/>
        <line num="101" count="6" type="cond" truecount="2" falsecount="0"/>
        <line num="102" count="7" type="cond" truecount="1" falsecount="1"/>
        <line num="112" count="13" type="cond" truecount="2" falsecount="0"/>
        <line num="113" count="4" type="stmt"/>
        <line num="114" count="4" type="cond" truecount="2" falsecount="0"/>
        <line num="115" count="3" type="cond" truecount="2" falsecount="0"/>
        <line num="120" count="5" type="stmt"/>
        <line num="130" count="5" type="stmt"/>
        <line num="131" count="5" type="stmt"/>
        <line num="136" count="2" type="stmt"/>
      </file>
    </package>
    <package name="cli.src.core">
      <metrics statements="145" coveredstatements="123" conditionals="36" coveredconditionals="24" methods="29" coveredmethods="22"/>
      <file name="EventraEngine.ts" path="/home/yuriy/Рабочий стол/pet-projects/feature-tracker/packages/cli/src/core/EventraEngine.ts">
        <metrics statements="141" coveredstatements="120" conditionals="36" coveredconditionals="24" methods="26" coveredmethods="20"/>
        <line num="20" count="8" type="stmt"/>
        <line num="29" count="35" type="stmt"/>
        <line num="30" count="35" type="stmt"/>
        <line num="31" count="35" type="stmt"/>
        <line num="32" count="35" type="stmt"/>
        <line num="33" count="35" type="stmt"/>
        <line num="35" count="35" type="stmt"/>
        <line num="36" count="35" type="stmt"/>
        <line num="37" count="35" type="stmt"/>
        <line num="39" count="35" type="stmt"/>
        <line num="40" count="35" type="stmt"/>
        <line num="50" count="35" type="stmt"/>
        <line num="51" count="35" type="stmt"/>
        <line num="52" count="35" type="stmt"/>
        <line num="56" count="35" type="stmt"/>
        <line num="57" count="2" type="stmt"/>
        <line num="59" count="2" type="stmt"/>
        <line num="60" count="2" type="stmt"/>
        <line num="61" count="2" type="stmt"/>
        <line num="62" count="2" type="stmt"/>
        <line num="68" count="2" type="stmt"/>
        <line num="69" count="2" type="stmt"/>
        <line num="74" count="2" type="stmt"/>
        <line num="79" count="2" type="stmt"/>
        <line num="80" count="2" type="stmt"/>
        <line num="81" count="2" type="stmt"/>
        <line num="82" count="2" type="stmt"/>
        <line num="83" count="3" type="stmt"/>
        <line num="86" count="2" type="stmt"/>
        <line num="87" count="3" type="stmt"/>
        <line num="94" count="3" type="stmt"/>
        <line num="95" count="3" type="stmt"/>
        <line num="96" count="3" type="stmt"/>
        <line num="97" count="3" type="stmt"/>
        <line num="98" count="3" type="stmt"/>
        <line num="103" count="2" type="stmt"/>
        <line num="104" count="2" type="stmt"/>
        <line num="105" count="2" type="stmt"/>
        <line num="106" count="3" type="stmt"/>
        <line num="111" count="33" type="stmt"/>
        <line num="115" count="453" type="stmt"/>
        <line num="116" count="453" type="cond" truecount="2" falsecount="0"/>
        <line num="117" count="329" type="stmt"/>
        <line num="119" count="124" type="stmt"/>
        <line num="120" count="124" type="stmt"/>
        <line num="121" count="124" type="stmt"/>
        <line num="125" count="58" type="stmt"/>
        <line num="126" count="58" type="stmt"/>
        <line num="127" count="58" type="cond" truecount="1" falsecount="1"/>
        <line num="128" count="0" type="stmt"/>
        <line num="129" count="0" type="stmt"/>
        <line num="131" count="58" type="stmt"/>
        <line num="132" count="58" type="stmt"/>
        <line num="133" count="162" type="cond" truecount="1" falsecount="1"/>
        <line num="134" count="0" type="stmt"/>
        <line num="136" count="162" type="cond" truecount="4" falsecount="0"/>
        <line num="137" count="106" type="stmt"/>
        <line num="139" count="56" type="stmt"/>
        <line num="140" count="56" type="cond" truecount="4" falsecount="0"/>
        <line num="141" count="1" type="stmt"/>
        <line num="143" count="55" type="stmt"/>
        <line num="144" count="55" type="cond" truecount="2" falsecount="0"/>
        <line num="145" count="33" type="stmt"/>
        <line num="147" count="22" type="stmt"/>
        <line num="149" count="58" type="stmt"/>
        <line num="153" count="88" type="cond" truecount="1" falsecount="1"/>
        <line num="154" count="0" type="stmt"/>
        <line num="156" count="88" type="stmt"/>
        <line num="157" count="88" type="stmt"/>
        <line num="158" count="88" type="stmt"/>
        <line num="162" count="33" type="stmt"/>
        <line num="163" count="33" type="stmt"/>
        <line num="164" count="33" type="stmt"/>
        <line num="165" count="56" type="stmt"/>
        <line num="170" count="2" type="stmt"/>
        <line num="171" count="2" type="stmt"/>
        <line num="172" count="2" type="stmt"/>
        <line num="176" count="38" type="stmt"/>
        <line num="180" count="35" type="stmt"/>
        <line num="181" count="35" type="stmt"/>
        <line num="182" count="92" type="stmt"/>
        <line num="183" count="35" type="stmt"/>
        <line num="184" count="92" type="stmt"/>
        <line num="186" count="35" type="stmt"/>
        <line num="187" count="92" type="stmt"/>
        <line num="192" count="0" type="stmt"/>
        <line num="197" count="0" type="stmt"/>
        <line num="198" count="0" type="stmt"/>
        <line num="199" count="0" type="stmt"/>
        <line num="201" count="0" type="stmt"/>
        <line num="202" count="0" type="stmt"/>
        <line num="203" count="0" type="stmt"/>
        <line num="208" count="95" type="stmt"/>
        <line num="209" count="95" type="stmt"/>
        <line num="210" count="95" type="cond" truecount="1" falsecount="1"/>
        <line num="211" count="0" type="stmt"/>
        <line num="212" count="0" type="stmt"/>
        <line num="214" count="95" type="stmt"/>
        <line num="220" count="95" type="stmt"/>
        <line num="224" count="95" type="stmt"/>
        <line num="225" count="95" type="stmt"/>
        <line num="226" count="95" type="cond" truecount="1" falsecount="1"/>
        <line num="227" count="0" type="stmt"/>
        <line num="228" count="0" type="stmt"/>
        <line num="230" count="95" type="stmt"/>
        <line num="240" count="95" type="stmt"/>
        <line num="241" count="95" type="stmt"/>
        <line num="245" count="0" type="stmt"/>
        <line num="246" count="0" type="stmt"/>
        <line num="247" count="0" type="stmt"/>
        <line num="248" count="0" type="stmt"/>
        <line num="252" count="1" type="stmt"/>
        <line num="253" count="1" type="stmt"/>
        <line num="254" count="1" type="stmt"/>
        <line num="255" count="1" type="stmt"/>
        <line num="256" count="1" type="stmt"/>
        <line num="257" count="1" type="stmt"/>
        <line num="258" count="1" type="stmt"/>
        <line num="259" count="1" type="stmt"/>
        <line num="261" count="1" type="cond" truecount="1" falsecount="1"/>
        <line num="262" count="1" type="stmt"/>
        <line num="265" count="1" type="cond" truecount="1" falsecount="1"/>
        <line num="266" count="0" type="stmt"/>
        <line num="270" count="1" type="stmt"/>
        <line num="271" count="1" type="stmt"/>
        <line num="276" count="35" type="stmt"/>
        <line num="277" count="35" type="stmt"/>
        <line num="278" count="95" type="stmt"/>
        <line num="279" count="39" type="stmt"/>
        <line num="282" count="35" type="stmt"/>
        <line num="286" count="19" type="stmt"/>
        <line num="287" count="19" type="stmt"/>
        <line num="288" count="53" type="stmt"/>
        <line num="289" count="15" type="cond" truecount="4" falsecount="1"/>
        <line num="290" count="15" type="stmt"/>
        <line num="294" count="19" type="stmt"/>
        <line num="298" count="0" type="cond" truecount="0" falsecount="2"/>
        <line num="302" count="7" type="stmt"/>
        <line num="303" count="7" type="stmt"/>
        <line num="304" count="14" type="stmt"/>
        <line num="306" count="7" type="cond" truecount="0" falsecount="2"/>
      </file>
      <file name="scanResults.ts" path="/home/yuriy/Рабочий стол/pet-projects/feature-tracker/packages/cli/src/core/scanResults.ts">
        <metrics statements="4" coveredstatements="3" conditionals="0" coveredconditionals="0" methods="3" coveredmethods="2"/>
        <line num="9" count="3" type="stmt"/>
        <line num="11" count="1" type="stmt"/>
        <line num="13" count="3" type="stmt"/>
        <line num="24" count="0" type="stmt"/>
      </file>
    </package>
    <package name="cli.src.filesystem">
      <metrics statements="14" coveredstatements="14" conditionals="12" coveredconditionals="12" methods="2" coveredmethods="2"/>
      <file name="processFile.ts" path="/home/yuriy/Рабочий стол/pet-projects/feature-tracker/packages/cli/src/filesystem/processFile.ts">
        <metrics statements="14" coveredstatements="14" conditionals="12" coveredconditionals="12" methods="2" coveredmethods="2"/>
        <line num="11" count="95" type="cond" truecount="2" falsecount="0"/>
        <line num="12" count="1" type="stmt"/>
        <line num="14" count="94" type="cond" truecount="2" falsecount="0"/>
        <line num="15" count="92" type="stmt"/>
        <line num="17" count="2" type="cond" truecount="2" falsecount="0"/>
        <line num="18" count="1" type="stmt"/>
        <line num="20" count="1" type="stmt"/>
        <line num="24" count="95" type="stmt"/>
        <line num="25" count="95" type="stmt"/>
        <line num="26" count="95" type="stmt"/>
        <line num="28" count="95" type="stmt"/>
        <line num="29" count="199" type="cond" truecount="6" falsecount="0"/>
        <line num="30" count="59" type="stmt"/>
        <line num="34" count="95" type="stmt"/>
      </file>
    </package>
    <package name="cli.src.plugin">
      <metrics statements="89" coveredstatements="63" conditionals="48" coveredconditionals="24" methods="27" coveredmethods="22"/>
      <file name="loadPlugins.ts" path="/home/yuriy/Рабочий стол/pet-projects/feature-tracker/packages/cli/src/plugin/loadPlugins.ts">
        <metrics statements="34" coveredstatements="16" conditionals="24" coveredconditionals="6" methods="6" coveredmethods="4"/>
        <line num="15" count="11" type="stmt"/>
        <line num="18" count="13" type="stmt"/>
        <line num="22" count="0" type="cond" truecount="0" falsecount="2"/>
        <line num="23" count="0" type="cond" truecount="0" falsecount="2"/>
        <line num="24" count="0" type="stmt"/>
        <line num="26" count="0" type="cond" truecount="0" falsecount="4"/>
        <line num="27" count="0" type="stmt"/>
        <line num="29" count="0" type="stmt"/>
        <line num="33" count="1" type="cond" truecount="2" falsecount="2"/>
        <line num="34" count="0" type="stmt"/>
        <line num="36" count="1" type="stmt"/>
        <line num="40" count="0" type="stmt"/>
        <line num="41" count="0" type="cond" truecount="0" falsecount="2"/>
        <line num="44" count="0" type="stmt"/>
        <line num="45" count="0" type="stmt"/>
        <line num="47" count="0" type="cond" truecount="0" falsecount="2"/>
        <line num="48" count="0" type="stmt"/>
        <line num="51" count="0" type="stmt"/>
        <line num="52" count="0" type="cond" truecount="0" falsecount="2"/>
        <line num="53" count="0" type="stmt"/>
        <line num="57" count="0" type="stmt"/>
        <line num="62" count="48" type="stmt"/>
        <line num="63" count="48" type="stmt"/>
        <line num="64" count="48" type="stmt"/>
        <line num="65" count="48" type="stmt"/>
        <line num="70" count="2" type="stmt"/>
        <line num="71" count="2" type="cond" truecount="1" falsecount="1"/>
        <line num="72" count="2" type="stmt"/>
        <line num="73" count="2" type="cond" truecount="2" falsecount="0"/>
        <line num="75" count="1" type="cond" truecount="1" falsecount="1"/>
        <line num="76" count="1" type="stmt"/>
        <line num="79" count="1" type="stmt"/>
        <line num="82" count="0" type="stmt"/>
        <line num="84" count="2" type="stmt"/>
      </file>
      <file name="registry.ts" path="/home/yuriy/Рабочий стол/pet-projects/feature-tracker/packages/cli/src/plugin/registry.ts">
        <metrics statements="55" coveredstatements="47" conditionals="24" coveredconditionals="18" methods="21" coveredmethods="18"/>
        <line num="16" count="48" type="stmt"/>
        <line num="17" count="48" type="stmt"/>
        <line num="18" count="48" type="stmt"/>
        <line num="19" count="48" type="stmt"/>
        <line num="20" count="48" type="stmt"/>
        <line num="21" count="48" type="stmt"/>
        <line num="24" count="8" type="cond" truecount="1" falsecount="1"/>
        <line num="25" count="0" type="stmt"/>
        <line num="27" count="8" type="stmt"/>
        <line num="31" count="53" type="cond" truecount="1" falsecount="1"/>
        <line num="32" count="0" type="stmt"/>
        <line num="34" count="53" type="stmt"/>
        <line num="38" count="6" type="cond" truecount="2" falsecount="0"/>
        <line num="39" count="1" type="stmt"/>
        <line num="41" count="5" type="stmt"/>
        <line num="45" count="53" type="cond" truecount="2" falsecount="0"/>
        <line num="46" count="1" type="stmt"/>
        <line num="48" count="52" type="stmt"/>
        <line num="52" count="8" type="stmt"/>
        <line num="53" count="8" type="cond" truecount="1" falsecount="1"/>
        <line num="54" count="8" type="cond" truecount="2" falsecount="0"/>
        <line num="55" count="7" type="stmt"/>
        <line num="59" count="4" type="stmt"/>
        <line num="63" count="2" type="stmt"/>
        <line num="67" count="1" type="stmt"/>
        <line num="71" count="0" type="stmt"/>
        <line num="75" count="0" type="stmt"/>
        <line num="80" count="1" type="stmt"/>
        <line num="81" count="1" type="cond" truecount="3" falsecount="1"/>
        <line num="82" count="1" type="stmt"/>
        <line num="84" count="0" type="stmt"/>
        <line num="88" count="7" type="stmt"/>
        <line num="90" count="7" type="stmt"/>
        <line num="91" count="7" type="cond" truecount="1" falsecount="1"/>
        <line num="92" count="0" type="stmt"/>
        <line num="94" count="7" type="stmt"/>
        <line num="95" count="6" type="cond" truecount="1" falsecount="1"/>
        <line num="96" count="6" type="stmt"/>
        <line num="98" count="7" type="stmt"/>
        <line num="100" count="6" type="stmt"/>
        <line num="104" count="0" type="stmt"/>
        <line num="105" count="0" type="stmt"/>
        <line num="109" count="71" type="stmt"/>
        <line num="110" count="77" type="stmt"/>
        <line num="111" count="77" type="cond" truecount="2" falsecount="0"/>
        <line num="112" count="42" type="stmt"/>
        <line num="115" count="29" type="stmt"/>
        <line num="119" count="28" type="stmt"/>
        <line num="120" count="4" type="stmt"/>
        <line num="121" count="4" type="cond" truecount="2" falsecount="0"/>
        <line num="122" count="2" type="stmt"/>
        <line num="125" count="26" type="stmt"/>
        <line num="129" count="2" type="stmt"/>
        <line num="130" count="5" type="stmt"/>
        <line num="135" count="15" type="stmt"/>
      </file>
    </package>
    <package name="cli.src.plugin.adapters">
      <metrics statements="45" coveredstatements="27" conditionals="52" coveredconditionals="25" methods="11" coveredmethods="8"/>
      <file name="external.ts" path="/home/yuriy/Рабочий стол/pet-projects/feature-tracker/packages/cli/src/plugin/adapters/external.ts">
        <metrics statements="45" coveredstatements="27" conditionals="52" coveredconditionals="25" methods="11" coveredmethods="8"/>
        <line num="29" count="5" type="cond" truecount="3" falsecount="1"/>
        <line num="30" count="0" type="stmt"/>
        <line num="32" count="5" type="stmt"/>
        <line num="33" count="5" type="stmt"/>
        <line num="44" count="0" type="cond" truecount="0" falsecount="4"/>
        <line num="45" count="0" type="stmt"/>
        <line num="47" count="0" type="stmt"/>
        <line num="48" count="0" type="cond" truecount="0" falsecount="4"/>
        <line num="49" count="0" type="stmt"/>
        <line num="51" count="0" type="cond" truecount="0" falsecount="4"/>
        <line num="52" count="0" type="stmt"/>
        <line num="54" count="0" type="cond" truecount="0" falsecount="2"/>
        <line num="55" count="0" type="cond" truecount="0" falsecount="4"/>
        <line num="56" count="0" type="stmt"/>
        <line num="59" count="0" type="cond" truecount="0" falsecount="2"/>
        <line num="65" count="5" type="stmt"/>
        <line num="68" count="6" type="stmt"/>
        <line num="69" count="6" type="cond" truecount="4" falsecount="0"/>
        <line num="70" count="1" type="stmt"/>
        <line num="72" count="5" type="stmt"/>
        <line num="73" count="5" type="cond" truecount="1" falsecount="1"/>
        <line num="74" count="0" type="stmt"/>
        <line num="76" count="5" type="stmt"/>
        <line num="89" count="5" type="cond" truecount="2" falsecount="0"/>
        <line num="90" count="1" type="stmt"/>
        <line num="92" count="4" type="stmt"/>
        <line num="93" count="4" type="cond" truecount="3" falsecount="1"/>
        <line num="94" count="0" type="stmt"/>
        <line num="96" count="4" type="stmt"/>
        <line num="97" count="4" type="cond" truecount="3" falsecount="1"/>
        <line num="98" count="0" type="stmt"/>
        <line num="102" count="4" type="stmt"/>
        <line num="111" count="6" type="stmt"/>
        <line num="112" count="5" type="stmt"/>
        <line num="115" count="6" type="stmt"/>
        <line num="117" count="5" type="stmt"/>
        <line num="120" count="5" type="stmt"/>
        <line num="121" count="5" type="stmt"/>
        <line num="123" count="0" type="cond" truecount="0" falsecount="2"/>
        <line num="124" count="0" type="stmt"/>
        <line num="126" count="5" type="stmt"/>
        <line num="130" count="6" type="cond" truecount="2" falsecount="0"/>
        <line num="131" count="5" type="cond" truecount="1" falsecount="1"/>
        <line num="132" count="0" type="stmt"/>
        <line num="134" count="5" type="stmt"/>
      </file>
    </package>
    <package name="cli.src.plugin.builtins">
      <metrics statements="22" coveredstatements="20" conditionals="12" coveredconditionals="10" methods="5" coveredmethods="5"/>
      <file name="consoleDynamicEventReporter.ts" path="/home/yuriy/Рабочий стол/pet-projects/feature-tracker/packages/cli/src/plugin/builtins/consoleDynamicEventReporter.ts">
        <metrics statements="8" coveredstatements="7" conditionals="4" coveredconditionals="3" methods="2" coveredmethods="2"/>
        <line num="6" count="11" type="stmt"/>
        <line num="9" count="2" type="cond" truecount="1" falsecount="1"/>
        <line num="10" count="0" type="stmt"/>
        <line num="12" count="2" type="stmt"/>
        <line num="13" count="2" type="stmt"/>
        <line num="14" count="2" type="cond" truecount="2" falsecount="0"/>
        <line num="15" count="2" type="stmt"/>
        <line num="22" count="48" type="stmt"/>
      </file>
      <file name="eventra-sdk.ts" path="/home/yuriy/Рабочий стол/pet-projects/feature-tracker/packages/cli/src/plugin/builtins/eventra-sdk.ts">
        <metrics statements="14" coveredstatements="13" conditionals="8" coveredconditionals="7" methods="3" coveredmethods="3"/>
        <line num="11" count="39" type="cond" truecount="1" falsecount="1"/>
        <line num="12" count="0" type="stmt"/>
        <line num="14" count="39" type="stmt"/>
        <line num="18" count="39" type="cond" truecount="2" falsecount="0"/>
        <line num="19" count="2" type="stmt"/>
        <line num="21" count="37" type="stmt"/>
        <line num="24" count="11" type="stmt"/>
        <line num="27" count="71" type="cond" truecount="2" falsecount="0"/>
        <line num="28" count="32" type="stmt"/>
        <line num="30" count="39" type="stmt"/>
        <line num="31" count="39" type="cond" truecount="2" falsecount="0"/>
        <line num="32" count="2" type="stmt"/>
        <line num="34" count="37" type="stmt"/>
        <line num="40" count="48" type="stmt"/>
      </file>
    </package>
    <package name="cli.src.shared">
      <metrics statements="12" coveredstatements="12" conditionals="0" coveredconditionals="0" methods="2" coveredmethods="2"/>
      <file name="hash.ts" path="/home/yuriy/Рабочий стол/pet-projects/feature-tracker/packages/cli/src/shared/hash.ts">
        <metrics statements="1" coveredstatements="1" conditionals="0" coveredconditionals="0" methods="1" coveredmethods="1"/>
        <line num="4" count="5" type="stmt"/>
      </file>
      <file name="templateExpressionExtractor.ts" path="/home/yuriy/Рабочий стол/pet-projects/feature-tracker/packages/cli/src/shared/templateExpressionExtractor.ts">
        <metrics statements="11" coveredstatements="11" conditionals="0" coveredconditionals="0" methods="1" coveredmethods="1"/>
        <line num="2" count="3" type="stmt"/>
        <line num="4" count="3" type="stmt"/>
        <line num="5" count="3" type="stmt"/>
        <line num="6" count="2" type="stmt"/>
        <line num="9" count="3" type="stmt"/>
        <line num="10" count="3" type="stmt"/>
        <line num="11" count="1" type="stmt"/>
        <line num="14" count="3" type="stmt"/>
        <line num="15" count="3" type="stmt"/>
        <line num="16" count="1" type="stmt"/>
        <line num="18" count="3" type="stmt"/>
      </file>
    </package>
  </project>
</coverage>
