{"/home/yuriy/Рабочий стол/pet-projects/feature-tracker/packages/cli/package.json": {"path":"/home/yuriy/Рабочий стол/pet-projects/feature-tracker/packages/cli/package.json","statementMap":{"0":{"start":{"line":1,"column":20},"end":{"line":1,"column":46}},"1":{"start":{"line":2,"column":23},"end":{"line":2,"column":30}},"2":{"start":{"line":3,"column":27},"end":{"line":3,"column":105}},"3":{"start":{"line":4,"column":23},"end":{"line":4,"column":28}},"4":{"start":{"line":5,"column":20},"end":{"line":5,"column":30}},"5":{"start":{"line":6,"column":19},"end":{"line":6,"column":48}},"6":{"start":{"line":7,"column":20},"end":{"line":7,"column":37}},"7":{"start":{"line":8,"column":23},"end":{"line":8,"column":46}},"8":{"start":{"line":9,"column":21},"end":{"line":9,"column":51}},"9":{"start":{"line":10,"column":26},"end":{"line":10,"column":88}},"10":{"start":{"line":11,"column":24},"end":{"line":11,"column":45}},"11":{"start":{"line":12,"column":23},"end":{"line":12,"column":38}},"12":{"start":{"line":13,"column":23},"end":{"line":13,"column":277}},"13":{"start":{"line":14,"column":28},"end":{"line":14,"column":172}},"14":{"start":{"line":15,"column":31},"end":{"line":15,"column":167}},"15":{"start":{"line":16,"column":24},"end":{"line":16,"column":429}},"16":{"start":{"line":17,"column":29},"end":{"line":17,"column":48}}},"fnMap":{},"branchMap":{},"s":{"0":1,"1":1,"2":1,"3":1,"4":1,"5":1,"6":1,"7":1,"8":1,"9":1,"10":1,"11":1,"12":1,"13":1,"14":1,"15":1,"16":1},"f":{},"b":{},"meta":{"lastBranch":0,"lastFunction":0,"lastStatement":17,"seen":{"s:1:20:1:46":0,"s:2:23:2:30":1,"s:3:27:3:105":2,"s:4:23:4:28":3,"s:5:20:5:30":4,"s:6:19:6:48":5,"s:7:20:7:37":6,"s:8:23:8:46":7,"s:9:21:9:51":8,"s:10:26:10:88":9,"s:11:24:11:45":10,"s:12:23:12:38":11,"s:13:23:13:277":12,"s:14:28:14:172":13,"s:15:31:15:167":14,"s:16:24:16:429":15,"s:17:29:17:48":16}}}
,"/home/yuriy/Рабочий стол/pet-projects/feature-tracker/packages/cli/src/analysis/cache/evaluationCache.ts": {"path":"/home/yuriy/Рабочий стол/pet-projects/feature-tracker/packages/cli/src/analysis/cache/evaluationCache.ts","statementMap":{"0":{"start":{"line":6,"column":18},"end":{"line":6,"column":null}},"1":{"start":{"line":9,"column":4},"end":{"line":9,"column":null}},"2":{"start":{"line":13,"column":4},"end":{"line":13,"column":null}},"3":{"start":{"line":17,"column":4},"end":{"line":17,"column":null}},"4":{"start":{"line":21,"column":4},"end":{"line":21,"column":null}}},"fnMap":{"0":{"name":"(anonymous_0)","decl":{"start":{"line":8,"column":2},"end":{"line":8,"column":6}},"loc":{"start":{"line":8,"column":52},"end":{"line":10,"column":null}},"line":8},"1":{"name":"(anonymous_1)","decl":{"start":{"line":12,"column":2},"end":{"line":12,"column":6}},"loc":{"start":{"line":12,"column":54},"end":{"line":14,"column":null}},"line":12},"2":{"name":"(anonymous_2)","decl":{"start":{"line":16,"column":2},"end":{"line":16,"column":9}},"loc":{"start":{"line":16,"column":34},"end":{"line":18,"column":null}},"line":16},"3":{"name":"(anonymous_3)","decl":{"start":{"line":20,"column":2},"end":{"line":20,"column":16}},"loc":{"start":{"line":20,"column":16},"end":{"line":22,"column":null}},"line":20}},"branchMap":{},"s":{"0":35,"1":16,"2":17,"3":0,"4":3},"f":{"0":16,"1":17,"2":0,"3":3},"b":{},"meta":{"lastBranch":0,"lastFunction":4,"lastStatement":5,"seen":{"s:6:18:6:Infinity":0,"f:8:2:8:6":0,"s:9:4:9:Infinity":1,"f:12:2:12:6":1,"s:13:4:13:Infinity":2,"f:16:2:16:9":2,"s:17:4:17:Infinity":3,"f:20:2:20:16":3,"s:21:4:21:Infinity":4}}}
,"/home/yuriy/Рабочий стол/pet-projects/feature-tracker/packages/cli/src/analysis/cache/resolvedCallCache.ts": {"path":"/home/yuriy/Рабочий стол/pet-projects/feature-tracker/packages/cli/src/analysis/cache/resolvedCallCache.ts","statementMap":{"0":{"start":{"line":4,"column":18},"end":{"line":4,"column":null}},"1":{"start":{"line":7,"column":4},"end":{"line":7,"column":null}},"2":{"start":{"line":11,"column":4},"end":{"line":11,"column":null}},"3":{"start":{"line":15,"column":4},"end":{"line":15,"column":null}},"4":{"start":{"line":19,"column":4},"end":{"line":19,"column":null}}},"fnMap":{"0":{"name":"(anonymous_0)","decl":{"start":{"line":6,"column":2},"end":{"line":6,"column":6}},"loc":{"start":{"line":6,"column":73},"end":{"line":8,"column":null}},"line":6},"1":{"name":"(anonymous_1)","decl":{"start":{"line":10,"column":2},"end":{"line":10,"column":6}},"loc":{"start":{"line":10,"column":74},"end":{"line":12,"column":null}},"line":10},"2":{"name":"(anonymous_2)","decl":{"start":{"line":14,"column":2},"end":{"line":14,"column":9}},"loc":{"start":{"line":14,"column":35},"end":{"line":16,"column":null}},"line":14},"3":{"name":"(anonymous_3)","decl":{"start":{"line":18,"column":2},"end":{"line":18,"column":16}},"loc":{"start":{"line":18,"column":16},"end":{"line":20,"column":null}},"line":18}},"branchMap":{},"s":{"0":35,"1":73,"2":63,"3":0,"4":3},"f":{"0":73,"1":63,"2":0,"3":3},"b":{},"meta":{"lastBranch":0,"lastFunction":4,"lastStatement":5,"seen":{"s:4:18:4:Infinity":0,"f:6:2:6:6":0,"s:7:4:7:Infinity":1,"f:10:2:10:6":1,"s:11:4:11:Infinity":2,"f:14:2:14:9":2,"s:15:4:15:Infinity":3,"f:18:2:18:16":3,"s:19:4:19:Infinity":4}}}
,"/home/yuriy/Рабочий стол/pet-projects/feature-tracker/packages/cli/src/analysis/cache/resolvedExportCache.ts": {"path":"/home/yuriy/Рабочий стол/pet-projects/feature-tracker/packages/cli/src/analysis/cache/resolvedExportCache.ts","statementMap":{"0":{"start":{"line":5,"column":18},"end":{"line":5,"column":null}},"1":{"start":{"line":8,"column":4},"end":{"line":8,"column":null}},"2":{"start":{"line":12,"column":4},"end":{"line":12,"column":null}},"3":{"start":{"line":16,"column":4},"end":{"line":16,"column":null}},"4":{"start":{"line":20,"column":4},"end":{"line":20,"column":null}}},"fnMap":{"0":{"name":"(anonymous_0)","decl":{"start":{"line":7,"column":2},"end":{"line":7,"column":6}},"loc":{"start":{"line":7,"column":55},"end":{"line":9,"column":null}},"line":7},"1":{"name":"(anonymous_1)","decl":{"start":{"line":11,"column":2},"end":{"line":11,"column":6}},"loc":{"start":{"line":11,"column":60},"end":{"line":13,"column":null}},"line":11},"2":{"name":"(anonymous_2)","decl":{"start":{"line":15,"column":2},"end":{"line":15,"column":9}},"loc":{"start":{"line":15,"column":35},"end":{"line":17,"column":null}},"line":15},"3":{"name":"(anonymous_3)","decl":{"start":{"line":19,"column":2},"end":{"line":19,"column":16}},"loc":{"start":{"line":19,"column":16},"end":{"line":21,"column":null}},"line":19}},"branchMap":{},"s":{"0":35,"1":207,"2":108,"3":0,"4":3},"f":{"0":207,"1":108,"2":0,"3":3},"b":{},"meta":{"lastBranch":0,"lastFunction":4,"lastStatement":5,"seen":{"s:5:18:5:Infinity":0,"f:7:2:7:6":0,"s:8:4:8:Infinity":1,"f:11:2:11:6":1,"s:12:4:12:Infinity":2,"f:15:2:15:9":2,"s:16:4:16:Infinity":3,"f:19:2:19:16":3,"s:20:4:20:Infinity":4}}}
,"/home/yuriy/Рабочий стол/pet-projects/feature-tracker/packages/cli/src/analysis/cache/returnPropagationCache.ts": {"path":"/home/yuriy/Рабочий стол/pet-projects/feature-tracker/packages/cli/src/analysis/cache/returnPropagationCache.ts","statementMap":{"0":{"start":{"line":6,"column":18},"end":{"line":6,"column":null}},"1":{"start":{"line":9,"column":4},"end":{"line":9,"column":null}},"2":{"start":{"line":13,"column":4},"end":{"line":13,"column":null}},"3":{"start":{"line":17,"column":4},"end":{"line":17,"column":null}},"4":{"start":{"line":21,"column":4},"end":{"line":21,"column":null}}},"fnMap":{"0":{"name":"(anonymous_0)","decl":{"start":{"line":8,"column":2},"end":{"line":8,"column":6}},"loc":{"start":{"line":8,"column":86},"end":{"line":10,"column":null}},"line":8},"1":{"name":"(anonymous_1)","decl":{"start":{"line":12,"column":2},"end":{"line":12,"column":6}},"loc":{"start":{"line":12,"column":87},"end":{"line":14,"column":null}},"line":12},"2":{"name":"(anonymous_2)","decl":{"start":{"line":16,"column":2},"end":{"line":16,"column":9}},"loc":{"start":{"line":16,"column":57},"end":{"line":18,"column":null}},"line":16},"3":{"name":"(anonymous_3)","decl":{"start":{"line":20,"column":2},"end":{"line":20,"column":16}},"loc":{"start":{"line":20,"column":16},"end":{"line":22,"column":null}},"line":20}},"branchMap":{},"s":{"0":35,"1":3,"2":3,"3":0,"4":3},"f":{"0":3,"1":3,"2":0,"3":3},"b":{},"meta":{"lastBranch":0,"lastFunction":4,"lastStatement":5,"seen":{"s:6:18:6:Infinity":0,"f:8:2:8:6":0,"s:9:4:9:Infinity":1,"f:12:2:12:6":1,"s:13:4:13:Infinity":2,"f:16:2:16:9":2,"s:17:4:17:Infinity":3,"f:20:2:20:16":3,"s:21:4:21:Infinity":4}}}
,"/home/yuriy/Рабочий стол/pet-projects/feature-tracker/packages/cli/src/analysis/engine/analyzeFile.ts": {"path":"/home/yuriy/Рабочий стол/pet-projects/feature-tracker/packages/cli/src/analysis/engine/analyzeFile.ts","statementMap":{"0":{"start":{"line":20,"column":2},"end":{"line":20,"column":null}},"1":{"start":{"line":33,"column":2},"end":{"line":42,"column":null}}},"fnMap":{"0":{"name":"indexSourceFile","decl":{"start":{"line":14,"column":16},"end":{"line":14,"column":null}},"loc":{"start":{"line":19,"column":21},"end":{"line":21,"column":null}},"line":19},"1":{"name":"extractFromIndex","decl":{"start":{"line":23,"column":16},"end":{"line":23,"column":null}},"loc":{"start":{"line":32,"column":14},"end":{"line":43,"column":null}},"line":32}},"branchMap":{},"s":{"0":95,"1":95},"f":{"0":95,"1":95},"b":{},"meta":{"lastBranch":0,"lastFunction":2,"lastStatement":2,"seen":{"f:14:16:14:Infinity":0,"s:20:2:20:Infinity":0,"f:23:16:23:Infinity":1,"s:33:2:42:Infinity":1}}}
,"/home/yuriy/Рабочий стол/pet-projects/feature-tracker/packages/cli/src/analysis/extractor/extractor.ts": {"path":"/home/yuriy/Рабочий стол/pet-projects/feature-tracker/packages/cli/src/analysis/extractor/extractor.ts","statementMap":{"0":{"start":{"line":17,"column":17},"end":{"line":17,"column":null}},"1":{"start":{"line":18,"column":50},"end":{"line":18,"column":null}},"2":{"start":{"line":20,"column":2},"end":{"line":33,"column":null}},"3":{"start":{"line":21,"column":4},"end":{"line":32,"column":null}},"4":{"start":{"line":22,"column":12},"end":{"line":22,"column":null}},"5":{"start":{"line":23,"column":6},"end":{"line":28,"column":null}},"6":{"start":{"line":24,"column":14},"end":{"line":24,"column":null}},"7":{"start":{"line":25,"column":8},"end":{"line":27,"column":null}},"8":{"start":{"line":26,"column":10},"end":{"line":26,"column":null}},"9":{"start":{"line":29,"column":6},"end":{"line":31,"column":null}},"10":{"start":{"line":30,"column":8},"end":{"line":30,"column":null}},"11":{"start":{"line":34,"column":29},"end":{"line":34,"column":null}},"12":{"start":{"line":37,"column":4},"end":{"line":39,"column":null}},"13":{"start":{"line":38,"column":6},"end":{"line":38,"column":null}},"14":{"start":{"line":40,"column":4},"end":{"line":40,"column":null}},"15":{"start":{"line":43,"column":2},"end":{"line":43,"column":null}},"16":{"start":{"line":45,"column":2},"end":{"line":49,"column":null}},"17":{"start":{"line":47,"column":68},"end":{"line":47,"column":92}}},"fnMap":{"0":{"name":"extractEvents","decl":{"start":{"line":16,"column":16},"end":{"line":16,"column":30}},"loc":{"start":{"line":16,"column":305},"end":{"line":50,"column":null}},"line":16},"1":{"name":"visit","decl":{"start":{"line":36,"column":11},"end":{"line":36,"column":17}},"loc":{"start":{"line":36,"column":38},"end":{"line":41,"column":null}},"line":36},"2":{"name":"(anonymous_2)","decl":{"start":{"line":47,"column":53},"end":{"line":47,"column":57}},"loc":{"start":{"line":47,"column":68},"end":{"line":47,"column":92}},"line":47}},"branchMap":{"0":{"loc":{"start":{"line":25,"column":8},"end":{"line":27,"column":null}},"type":"if","locations":[{"start":{"line":25,"column":8},"end":{"line":27,"column":null}},{"start":{},"end":{}}],"line":25},"1":{"loc":{"start":{"line":29,"column":6},"end":{"line":31,"column":null}},"type":"if","locations":[{"start":{"line":29,"column":6},"end":{"line":31,"column":null}},{"start":{},"end":{}}],"line":29},"2":{"loc":{"start":{"line":37,"column":4},"end":{"line":39,"column":null}},"type":"if","locations":[{"start":{"line":37,"column":4},"end":{"line":39,"column":null}},{"start":{},"end":{}}],"line":37}},"s":{"0":95,"1":95,"2":95,"3":42,"4":42,"5":42,"6":17,"7":17,"8":17,"9":42,"10":25,"11":95,"12":3115,"13":71,"14":3115,"15":95,"16":95,"17":20},"f":{"0":95,"1":3115,"2":20},"b":{"0":[17,0],"1":[25,17],"2":[71,3044]},"meta":{"lastBranch":3,"lastFunction":3,"lastStatement":18,"seen":{"f:16:16:16:30":0,"s:17:17:17:Infinity":0,"s:18:50:18:Infinity":1,"s:20:2:33:Infinity":2,"s:21:4:32:Infinity":3,"s:22:12:22:Infinity":4,"s:23:6:28:Infinity":5,"s:24:14:24:Infinity":6,"b:25:8:27:Infinity:undefined:undefined:undefined:undefined":0,"s:25:8:27:Infinity":7,"s:26:10:26:Infinity":8,"b:29:6:31:Infinity:undefined:undefined:undefined:undefined":1,"s:29:6:31:Infinity":9,"s:30:8:30:Infinity":10,"s:34:29:34:Infinity":11,"f:36:11:36:17":1,"b:37:4:39:Infinity:undefined:undefined:undefined:undefined":2,"s:37:4:39:Infinity":12,"s:38:6:38:Infinity":13,"s:40:4:40:Infinity":14,"s:43:2:43:Infinity":15,"s:45:2:49:Infinity":16,"f:47:53:47:57":2,"s:47:68:47:92":17}}}
,"/home/yuriy/Рабочий стол/pet-projects/feature-tracker/packages/cli/src/analysis/extractor/propagationExtractor.ts": {"path":"/home/yuriy/Рабочий стол/pet-projects/feature-tracker/packages/cli/src/analysis/extractor/propagationExtractor.ts","statementMap":{"0":{"start":{"line":16,"column":31},"end":{"line":16,"column":null}},"1":{"start":{"line":17,"column":2},"end":{"line":37,"column":null}},"2":{"start":{"line":18,"column":4},"end":{"line":20,"column":null}},"3":{"start":{"line":19,"column":6},"end":{"line":19,"column":null}},"4":{"start":{"line":21,"column":40},"end":{"line":21,"column":null}},"5":{"start":{"line":22,"column":4},"end":{"line":32,"column":null}},"6":{"start":{"line":23,"column":6},"end":{"line":25,"column":null}},"7":{"start":{"line":24,"column":8},"end":{"line":24,"column":null}},"8":{"start":{"line":26,"column":27},"end":{"line":26,"column":null}},"9":{"start":{"line":27,"column":6},"end":{"line":29,"column":null}},"10":{"start":{"line":28,"column":8},"end":{"line":28,"column":null}},"11":{"start":{"line":30,"column":6},"end":{"line":30,"column":null}},"12":{"start":{"line":31,"column":6},"end":{"line":31,"column":null}},"13":{"start":{"line":33,"column":4},"end":{"line":35,"column":null}},"14":{"start":{"line":34,"column":6},"end":{"line":34,"column":null}},"15":{"start":{"line":36,"column":4},"end":{"line":36,"column":null}},"16":{"start":{"line":38,"column":2},"end":{"line":38,"column":null}},"17":{"start":{"line":42,"column":8},"end":{"line":42,"column":null}},"18":{"start":{"line":43,"column":2},"end":{"line":45,"column":null}},"19":{"start":{"line":44,"column":4},"end":{"line":44,"column":null}},"20":{"start":{"line":46,"column":19},"end":{"line":46,"column":null}},"21":{"start":{"line":47,"column":2},"end":{"line":49,"column":null}},"22":{"start":{"line":48,"column":4},"end":{"line":48,"column":null}},"23":{"start":{"line":50,"column":20},"end":{"line":50,"column":null}},"24":{"start":{"line":51,"column":2},"end":{"line":53,"column":null}},"25":{"start":{"line":52,"column":4},"end":{"line":52,"column":null}},"26":{"start":{"line":54,"column":2},"end":{"line":56,"column":null}},"27":{"start":{"line":55,"column":4},"end":{"line":55,"column":null}},"28":{"start":{"line":57,"column":2},"end":{"line":57,"column":null}},"29":{"start":{"line":58,"column":2},"end":{"line":64,"column":null}},"30":{"start":{"line":59,"column":4},"end":{"line":61,"column":null}},"31":{"start":{"line":60,"column":6},"end":{"line":60,"column":null}},"32":{"start":{"line":63,"column":4},"end":{"line":63,"column":null}},"33":{"start":{"line":68,"column":19},"end":{"line":68,"column":null}},"34":{"start":{"line":69,"column":2},"end":{"line":71,"column":null}},"35":{"start":{"line":70,"column":4},"end":{"line":70,"column":null}},"36":{"start":{"line":72,"column":8},"end":{"line":72,"column":null}},"37":{"start":{"line":73,"column":2},"end":{"line":101,"column":null}},"38":{"start":{"line":79,"column":28},"end":{"line":79,"column":null}},"39":{"start":{"line":80,"column":4},"end":{"line":82,"column":null}},"40":{"start":{"line":81,"column":6},"end":{"line":81,"column":null}},"41":{"start":{"line":89,"column":4},"end":{"line":91,"column":null}},"42":{"start":{"line":90,"column":6},"end":{"line":90,"column":null}},"43":{"start":{"line":92,"column":25},"end":{"line":92,"column":null}},"44":{"start":{"line":93,"column":4},"end":{"line":95,"column":null}},"45":{"start":{"line":94,"column":6},"end":{"line":94,"column":null}},"46":{"start":{"line":96,"column":26},"end":{"line":96,"column":null}},"47":{"start":{"line":97,"column":4},"end":{"line":99,"column":null}},"48":{"start":{"line":98,"column":6},"end":{"line":98,"column":null}},"49":{"start":{"line":100,"column":4},"end":{"line":100,"column":null}},"50":{"start":{"line":102,"column":8},"end":{"line":102,"column":null}},"51":{"start":{"line":103,"column":2},"end":{"line":108,"column":null}},"52":{"start":{"line":104,"column":10},"end":{"line":104,"column":null}},"53":{"start":{"line":105,"column":4},"end":{"line":107,"column":null}},"54":{"start":{"line":106,"column":6},"end":{"line":106,"column":null}},"55":{"start":{"line":109,"column":2},"end":{"line":111,"column":null}},"56":{"start":{"line":110,"column":4},"end":{"line":110,"column":null}}},"fnMap":{"0":{"name":"resolveObjectPath","decl":{"start":{"line":15,"column":9},"end":{"line":15,"column":27}},"loc":{"start":{"line":15,"column":102},"end":{"line":39,"column":null}},"line":15},"1":{"name":"extractPropagationEvents","decl":{"start":{"line":41,"column":16},"end":{"line":41,"column":41}},"loc":{"start":{"line":41,"column":375},"end":{"line":65,"column":null}},"line":41},"2":{"name":"extractPropagation","decl":{"start":{"line":67,"column":9},"end":{"line":67,"column":28}},"loc":{"start":{"line":67,"column":333},"end":{"line":112,"column":null}},"line":67}},"branchMap":{"0":{"loc":{"start":{"line":18,"column":4},"end":{"line":20,"column":null}},"type":"if","locations":[{"start":{"line":18,"column":4},"end":{"line":20,"column":null}},{"start":{},"end":{}}],"line":18},"1":{"loc":{"start":{"line":23,"column":6},"end":{"line":25,"column":null}},"type":"if","locations":[{"start":{"line":23,"column":6},"end":{"line":25,"column":null}},{"start":{},"end":{}}],"line":23},"2":{"loc":{"start":{"line":23,"column":10},"end":{"line":23,"column":93}},"type":"binary-expr","locations":[{"start":{"line":23,"column":10},"end":{"line":23,"column":48}},{"start":{"line":23,"column":48},"end":{"line":23,"column":93}}],"line":23},"3":{"loc":{"start":{"line":26,"column":27},"end":{"line":26,"column":null}},"type":"cond-expr","locations":[{"start":{"line":26,"column":60},"end":{"line":26,"column":81}},{"start":{"line":26,"column":81},"end":{"line":26,"column":null}}],"line":26},"4":{"loc":{"start":{"line":26,"column":81},"end":{"line":26,"column":null}},"type":"cond-expr","locations":[{"start":{"line":26,"column":117},"end":{"line":26,"column":138}},{"start":{"line":26,"column":138},"end":{"line":26,"column":null}}],"line":26},"5":{"loc":{"start":{"line":27,"column":6},"end":{"line":29,"column":null}},"type":"if","locations":[{"start":{"line":27,"column":6},"end":{"line":29,"column":null}},{"start":{},"end":{}}],"line":27},"6":{"loc":{"start":{"line":30,"column":16},"end":{"line":30,"column":null}},"type":"cond-expr","locations":[{"start":{"line":30,"column":61},"end":{"line":30,"column":77}},{"start":{"line":30,"column":77},"end":{"line":30,"column":null}}],"line":30},"7":{"loc":{"start":{"line":33,"column":4},"end":{"line":35,"column":null}},"type":"if","locations":[{"start":{"line":33,"column":4},"end":{"line":35,"column":null}},{"start":{},"end":{}}],"line":33},"8":{"loc":{"start":{"line":43,"column":2},"end":{"line":45,"column":null}},"type":"if","locations":[{"start":{"line":43,"column":2},"end":{"line":45,"column":null}},{"start":{},"end":{}}],"line":43},"9":{"loc":{"start":{"line":47,"column":2},"end":{"line":49,"column":null}},"type":"if","locations":[{"start":{"line":47,"column":2},"end":{"line":49,"column":null}},{"start":{},"end":{}}],"line":47},"10":{"loc":{"start":{"line":51,"column":2},"end":{"line":53,"column":null}},"type":"if","locations":[{"start":{"line":51,"column":2},"end":{"line":53,"column":null}},{"start":{},"end":{}}],"line":51},"11":{"loc":{"start":{"line":54,"column":2},"end":{"line":56,"column":null}},"type":"if","locations":[{"start":{"line":54,"column":2},"end":{"line":56,"column":null}},{"start":{},"end":{}}],"line":54},"12":{"loc":{"start":{"line":69,"column":2},"end":{"line":71,"column":null}},"type":"if","locations":[{"start":{"line":69,"column":2},"end":{"line":71,"column":null}},{"start":{},"end":{}}],"line":69},"13":{"loc":{"start":{"line":73,"column":2},"end":{"line":101,"column":null}},"type":"if","locations":[{"start":{"line":73,"column":2},"end":{"line":101,"column":null}},{"start":{"line":83,"column":9},"end":{"line":101,"column":null}}],"line":73},"14":{"loc":{"start":{"line":80,"column":4},"end":{"line":82,"column":null}},"type":"if","locations":[{"start":{"line":80,"column":4},"end":{"line":82,"column":null}},{"start":{},"end":{}}],"line":80},"15":{"loc":{"start":{"line":89,"column":4},"end":{"line":91,"column":null}},"type":"if","locations":[{"start":{"line":89,"column":4},"end":{"line":91,"column":null}},{"start":{},"end":{}}],"line":89},"16":{"loc":{"start":{"line":89,"column":8},"end":{"line":89,"column":91}},"type":"binary-expr","locations":[{"start":{"line":89,"column":8},"end":{"line":89,"column":49}},{"start":{"line":89,"column":49},"end":{"line":89,"column":91}}],"line":89},"17":{"loc":{"start":{"line":93,"column":4},"end":{"line":95,"column":null}},"type":"if","locations":[{"start":{"line":93,"column":4},"end":{"line":95,"column":null}},{"start":{},"end":{}}],"line":93},"18":{"loc":{"start":{"line":97,"column":4},"end":{"line":99,"column":null}},"type":"if","locations":[{"start":{"line":97,"column":4},"end":{"line":99,"column":null}},{"start":{},"end":{}}],"line":97},"19":{"loc":{"start":{"line":105,"column":4},"end":{"line":107,"column":null}},"type":"if","locations":[{"start":{"line":105,"column":4},"end":{"line":107,"column":null}},{"start":{},"end":{}}],"line":105},"20":{"loc":{"start":{"line":109,"column":2},"end":{"line":111,"column":null}},"type":"if","locations":[{"start":{"line":109,"column":2},"end":{"line":111,"column":null}},{"start":{},"end":{}}],"line":109}},"s":{"0":4,"1":4,"2":5,"3":0,"4":5,"5":5,"6":5,"7":0,"8":5,"9":5,"10":0,"11":5,"12":5,"13":5,"14":0,"15":5,"16":4,"17":71,"18":71,"19":1,"20":70,"21":70,"22":49,"23":21,"24":21,"25":0,"26":21,"27":0,"28":21,"29":21,"30":21,"31":21,"32":21,"33":21,"34":21,"35":0,"36":21,"37":21,"38":17,"39":17,"40":17,"41":4,"42":0,"43":4,"44":4,"45":0,"46":4,"47":4,"48":0,"49":4,"50":21,"51":21,"52":21,"53":21,"54":21,"55":21,"56":1},"f":{"0":4,"1":71,"2":21},"b":{"0":[0,5],"1":[0,5],"2":[5,0],"3":[5,0],"4":[0,0],"5":[0,5],"6":[0,5],"7":[0,5],"8":[1,70],"9":[49,21],"10":[0,21],"11":[0,21],"12":[0,21],"13":[17,4],"14":[17,0],"15":[0,4],"16":[4,4],"17":[0,4],"18":[0,4],"19":[21,0],"20":[1,20]},"meta":{"lastBranch":21,"lastFunction":3,"lastStatement":57,"seen":{"f:15:9:15:27":0,"s:16:31:16:Infinity":0,"s:17:2:37:Infinity":1,"b:18:4:20:Infinity:undefined:undefined:undefined:undefined":0,"s:18:4:20:Infinity":2,"s:19:6:19:Infinity":3,"s:21:40:21:Infinity":4,"s:22:4:32:Infinity":5,"b:23:6:25:Infinity:undefined:undefined:undefined:undefined":1,"s:23:6:25:Infinity":6,"b:23:10:23:48:23:48:23:93":2,"s:24:8:24:Infinity":7,"s:26:27:26:Infinity":8,"b:26:60:26:81:26:81:26:Infinity":3,"b:26:117:26:138:26:138:26:Infinity":4,"b:27:6:29:Infinity:undefined:undefined:undefined:undefined":5,"s:27:6:29:Infinity":9,"s:28:8:28:Infinity":10,"s:30:6:30:Infinity":11,"b:30:61:30:77:30:77:30:Infinity":6,"s:31:6:31:Infinity":12,"b:33:4:35:Infinity:undefined:undefined:undefined:undefined":7,"s:33:4:35:Infinity":13,"s:34:6:34:Infinity":14,"s:36:4:36:Infinity":15,"s:38:2:38:Infinity":16,"f:41:16:41:41":1,"s:42:8:42:Infinity":17,"b:43:2:45:Infinity:undefined:undefined:undefined:undefined":8,"s:43:2:45:Infinity":18,"s:44:4:44:Infinity":19,"s:46:19:46:Infinity":20,"b:47:2:49:Infinity:undefined:undefined:undefined:undefined":9,"s:47:2:49:Infinity":21,"s:48:4:48:Infinity":22,"s:50:20:50:Infinity":23,"b:51:2:53:Infinity:undefined:undefined:undefined:undefined":10,"s:51:2:53:Infinity":24,"s:52:4:52:Infinity":25,"b:54:2:56:Infinity:undefined:undefined:undefined:undefined":11,"s:54:2:56:Infinity":26,"s:55:4:55:Infinity":27,"s:57:2:57:Infinity":28,"s:58:2:64:Infinity":29,"s:59:4:61:Infinity":30,"s:60:6:60:Infinity":31,"s:63:4:63:Infinity":32,"f:67:9:67:28":2,"s:68:19:68:Infinity":33,"b:69:2:71:Infinity:undefined:undefined:undefined:undefined":12,"s:69:2:71:Infinity":34,"s:70:4:70:Infinity":35,"s:72:8:72:Infinity":36,"b:73:2:101:Infinity:83:9:101:Infinity":13,"s:73:2:101:Infinity":37,"s:79:28:79:Infinity":38,"b:80:4:82:Infinity:undefined:undefined:undefined:undefined":14,"s:80:4:82:Infinity":39,"s:81:6:81:Infinity":40,"b:89:4:91:Infinity:undefined:undefined:undefined:undefined":15,"s:89:4:91:Infinity":41,"b:89:8:89:49:89:49:89:91":16,"s:90:6:90:Infinity":42,"s:92:25:92:Infinity":43,"b:93:4:95:Infinity:undefined:undefined:undefined:undefined":17,"s:93:4:95:Infinity":44,"s:94:6:94:Infinity":45,"s:96:26:96:Infinity":46,"b:97:4:99:Infinity:undefined:undefined:undefined:undefined":18,"s:97:4:99:Infinity":47,"s:98:6:98:Infinity":48,"s:100:4:100:Infinity":49,"s:102:8:102:Infinity":50,"s:103:2:108:Infinity":51,"s:104:10:104:Infinity":52,"b:105:4:107:Infinity:undefined:undefined:undefined:undefined":19,"s:105:4:107:Infinity":53,"s:106:6:106:Infinity":54,"b:109:2:111:Infinity:undefined:undefined:undefined:undefined":20,"s:109:2:111:Infinity":55,"s:110:4:110:Infinity":56}}}
,"/home/yuriy/Рабочий стол/pet-projects/feature-tracker/packages/cli/src/analysis/resolver/callResolver.ts": {"path":"/home/yuriy/Рабочий стол/pet-projects/feature-tracker/packages/cli/src/analysis/resolver/callResolver.ts","statementMap":{"0":{"start":{"line":8,"column":2},"end":{"line":8,"column":null}},"1":{"start":{"line":13,"column":2},"end":{"line":15,"column":null}},"2":{"start":{"line":14,"column":4},"end":{"line":14,"column":null}},"3":{"start":{"line":17,"column":2},"end":{"line":19,"column":null}},"4":{"start":{"line":18,"column":4},"end":{"line":18,"column":null}},"5":{"start":{"line":21,"column":2},"end":{"line":23,"column":null}},"6":{"start":{"line":22,"column":4},"end":{"line":22,"column":null}},"7":{"start":{"line":25,"column":2},"end":{"line":27,"column":null}},"8":{"start":{"line":26,"column":4},"end":{"line":26,"column":null}},"9":{"start":{"line":28,"column":2},"end":{"line":28,"column":null}},"10":{"start":{"line":33,"column":2},"end":{"line":35,"column":null}},"11":{"start":{"line":34,"column":4},"end":{"line":34,"column":null}},"12":{"start":{"line":37,"column":2},"end":{"line":39,"column":null}},"13":{"start":{"line":38,"column":4},"end":{"line":38,"column":null}},"14":{"start":{"line":41,"column":2},"end":{"line":43,"column":null}},"15":{"start":{"line":42,"column":4},"end":{"line":42,"column":null}},"16":{"start":{"line":45,"column":2},"end":{"line":45,"column":null}},"17":{"start":{"line":49,"column":15},"end":{"line":49,"column":null}},"18":{"start":{"line":50,"column":2},"end":{"line":52,"column":null}},"19":{"start":{"line":51,"column":4},"end":{"line":51,"column":null}},"20":{"start":{"line":54,"column":2},"end":{"line":54,"column":null}},"21":{"start":{"line":56,"column":2},"end":{"line":58,"column":null}},"22":{"start":{"line":57,"column":4},"end":{"line":57,"column":null}},"23":{"start":{"line":60,"column":17},"end":{"line":60,"column":null}},"24":{"start":{"line":61,"column":2},"end":{"line":63,"column":null}},"25":{"start":{"line":62,"column":4},"end":{"line":62,"column":null}},"26":{"start":{"line":65,"column":23},"end":{"line":65,"column":null}},"27":{"start":{"line":66,"column":2},"end":{"line":73,"column":null}},"28":{"start":{"line":67,"column":21},"end":{"line":67,"column":null}},"29":{"start":{"line":68,"column":4},"end":{"line":70,"column":null}},"30":{"start":{"line":69,"column":6},"end":{"line":69,"column":null}},"31":{"start":{"line":71,"column":4},"end":{"line":71,"column":null}},"32":{"start":{"line":72,"column":4},"end":{"line":72,"column":null}},"33":{"start":{"line":77,"column":15},"end":{"line":77,"column":null}},"34":{"start":{"line":78,"column":21},"end":{"line":78,"column":null}},"35":{"start":{"line":79,"column":2},"end":{"line":85,"column":null}},"36":{"start":{"line":80,"column":24},"end":{"line":80,"column":null}},"37":{"start":{"line":81,"column":4},"end":{"line":84,"column":null}},"38":{"start":{"line":82,"column":6},"end":{"line":82,"column":null}},"39":{"start":{"line":83,"column":6},"end":{"line":83,"column":null}},"40":{"start":{"line":87,"column":2},"end":{"line":87,"column":null}},"41":{"start":{"line":88,"column":2},"end":{"line":88,"column":null}}},"fnMap":{"0":{"name":"isFunctionLike","decl":{"start":{"line":7,"column":9},"end":{"line":7,"column":24}},"loc":{"start":{"line":7,"column":75},"end":{"line":9,"column":null}},"line":7},"1":{"name":"resolveDeclaration","decl":{"start":{"line":11,"column":9},"end":{"line":11,"column":28}},"loc":{"start":{"line":11,"column":92},"end":{"line":29,"column":null}},"line":11},"2":{"name":"getExpressionSymbol","decl":{"start":{"line":31,"column":9},"end":{"line":31,"column":29}},"loc":{"start":{"line":31,"column":104},"end":{"line":46,"column":null}},"line":31},"3":{"name":"resolveFunctionFromCall","decl":{"start":{"line":48,"column":16},"end":{"line":48,"column":40}},"loc":{"start":{"line":48,"column":191},"end":{"line":89,"column":null}},"line":48}},"branchMap":{"0":{"loc":{"start":{"line":8,"column":10},"end":{"line":8,"column":null}},"type":"binary-expr","locations":[{"start":{"line":8,"column":10},"end":{"line":8,"column":44}},{"start":{"line":8,"column":44},"end":{"line":8,"column":76}},{"start":{"line":8,"column":76},"end":{"line":8,"column":104}},{"start":{"line":8,"column":104},"end":{"line":8,"column":null}}],"line":8},"1":{"loc":{"start":{"line":13,"column":2},"end":{"line":15,"column":null}},"type":"if","locations":[{"start":{"line":13,"column":2},"end":{"line":15,"column":null}},{"start":{},"end":{}}],"line":13},"2":{"loc":{"start":{"line":17,"column":2},"end":{"line":19,"column":null}},"type":"if","locations":[{"start":{"line":17,"column":2},"end":{"line":19,"column":null}},{"start":{},"end":{}}],"line":17},"3":{"loc":{"start":{"line":17,"column":6},"end":{"line":17,"column":115}},"type":"binary-expr","locations":[{"start":{"line":17,"column":6},"end":{"line":17,"column":47}},{"start":{"line":17,"column":47},"end":{"line":17,"column":74}},{"start":{"line":17,"column":74},"end":{"line":17,"column":115}}],"line":17},"4":{"loc":{"start":{"line":21,"column":2},"end":{"line":23,"column":null}},"type":"if","locations":[{"start":{"line":21,"column":2},"end":{"line":23,"column":null}},{"start":{},"end":{}}],"line":21},"5":{"loc":{"start":{"line":21,"column":6},"end":{"line":21,"column":115}},"type":"binary-expr","locations":[{"start":{"line":21,"column":6},"end":{"line":21,"column":47}},{"start":{"line":21,"column":47},"end":{"line":21,"column":74}},{"start":{"line":21,"column":74},"end":{"line":21,"column":115}}],"line":21},"6":{"loc":{"start":{"line":25,"column":2},"end":{"line":27,"column":null}},"type":"if","locations":[{"start":{"line":25,"column":2},"end":{"line":27,"column":null}},{"start":{},"end":{}}],"line":25},"7":{"loc":{"start":{"line":25,"column":6},"end":{"line":25,"column":114}},"type":"binary-expr","locations":[{"start":{"line":25,"column":6},"end":{"line":25,"column":46}},{"start":{"line":25,"column":46},"end":{"line":25,"column":73}},{"start":{"line":25,"column":73},"end":{"line":25,"column":114}}],"line":25},"8":{"loc":{"start":{"line":33,"column":2},"end":{"line":35,"column":null}},"type":"if","locations":[{"start":{"line":33,"column":2},"end":{"line":35,"column":null}},{"start":{},"end":{}}],"line":33},"9":{"loc":{"start":{"line":37,"column":2},"end":{"line":39,"column":null}},"type":"if","locations":[{"start":{"line":37,"column":2},"end":{"line":39,"column":null}},{"start":{},"end":{}}],"line":37},"10":{"loc":{"start":{"line":41,"column":2},"end":{"line":43,"column":null}},"type":"if","locations":[{"start":{"line":41,"column":2},"end":{"line":43,"column":null}},{"start":{},"end":{}}],"line":41},"11":{"loc":{"start":{"line":41,"column":6},"end":{"line":41,"column":81}},"type":"binary-expr","locations":[{"start":{"line":41,"column":6},"end":{"line":41,"column":50}},{"start":{"line":41,"column":50},"end":{"line":41,"column":81}}],"line":41},"12":{"loc":{"start":{"line":50,"column":2},"end":{"line":52,"column":null}},"type":"if","locations":[{"start":{"line":50,"column":2},"end":{"line":52,"column":null}},{"start":{},"end":{}}],"line":50},"13":{"loc":{"start":{"line":54,"column":2},"end":{"line":54,"column":null}},"type":"binary-expr","locations":[{"start":{"line":54,"column":2},"end":{"line":54,"column":66}},{"start":{"line":54,"column":66},"end":{"line":54,"column":null}}],"line":54},"14":{"loc":{"start":{"line":56,"column":2},"end":{"line":58,"column":null}},"type":"if","locations":[{"start":{"line":56,"column":2},"end":{"line":58,"column":null}},{"start":{},"end":{}}],"line":56},"15":{"loc":{"start":{"line":61,"column":2},"end":{"line":63,"column":null}},"type":"if","locations":[{"start":{"line":61,"column":2},"end":{"line":63,"column":null}},{"start":{},"end":{}}],"line":61},"16":{"loc":{"start":{"line":65,"column":23},"end":{"line":65,"column":null}},"type":"binary-expr","locations":[{"start":{"line":65,"column":23},"end":{"line":65,"column":51}},{"start":{"line":65,"column":51},"end":{"line":65,"column":null}}],"line":65},"17":{"loc":{"start":{"line":68,"column":4},"end":{"line":70,"column":null}},"type":"if","locations":[{"start":{"line":68,"column":4},"end":{"line":70,"column":null}},{"start":{},"end":{}}],"line":68},"18":{"loc":{"start":{"line":77,"column":57},"end":{"line":77,"column":86}},"type":"binary-expr","locations":[{"start":{"line":77,"column":57},"end":{"line":77,"column":76}},{"start":{"line":77,"column":76},"end":{"line":77,"column":86}}],"line":77},"19":{"loc":{"start":{"line":81,"column":4},"end":{"line":84,"column":null}},"type":"if","locations":[{"start":{"line":81,"column":4},"end":{"line":84,"column":null}},{"start":{},"end":{}}],"line":81},"20":{"loc":{"start":{"line":81,"column":8},"end":{"line":81,"column":52}},"type":"binary-expr","locations":[{"start":{"line":81,"column":8},"end":{"line":81,"column":23}},{"start":{"line":81,"column":23},"end":{"line":81,"column":52}}],"line":81}},"s":{"0":63,"1":63,"2":63,"3":0,"4":0,"5":0,"6":0,"7":0,"8":0,"9":0,"10":74,"11":40,"12":34,"13":0,"14":34,"15":0,"16":34,"17":74,"18":74,"19":1,"20":73,"21":74,"22":0,"23":73,"24":73,"25":10,"26":63,"27":74,"28":63,"29":63,"30":0,"31":63,"32":63,"33":0,"34":74,"35":74,"36":0,"37":0,"38":0,"39":0,"40":0,"41":0},"f":{"0":63,"1":63,"2":74,"3":74},"b":{"0":[63,35,0,0],"1":[63,0],"2":[0,0],"3":[0,0,0],"4":[0,0],"5":[0,0,0],"6":[0,0],"7":[0,0,0],"8":[40,34],"9":[0,34],"10":[0,34],"11":[34,0],"12":[1,73],"13":[73,0],"14":[0,74],"15":[10,63],"16":[63,0],"17":[0,63],"18":[0,0],"19":[0,0],"20":[0,0]},"meta":{"lastBranch":21,"lastFunction":4,"lastStatement":42,"seen":{"f:7:9:7:24":0,"s:8:2:8:Infinity":0,"b:8:10:8:44:8:44:8:76:8:76:8:104:8:104:8:Infinity":0,"f:11:9:11:28":1,"b:13:2:15:Infinity:undefined:undefined:undefined:undefined":1,"s:13:2:15:Infinity":1,"s:14:4:14:Infinity":2,"b:17:2:19:Infinity:undefined:undefined:undefined:undefined":2,"s:17:2:19:Infinity":3,"b:17:6:17:47:17:47:17:74:17:74:17:115":3,"s:18:4:18:Infinity":4,"b:21:2:23:Infinity:undefined:undefined:undefined:undefined":4,"s:21:2:23:Infinity":5,"b:21:6:21:47:21:47:21:74:21:74:21:115":5,"s:22:4:22:Infinity":6,"b:25:2:27:Infinity:undefined:undefined:undefined:undefined":6,"s:25:2:27:Infinity":7,"b:25:6:25:46:25:46:25:73:25:73:25:114":7,"s:26:4:26:Infinity":8,"s:28:2:28:Infinity":9,"f:31:9:31:29":2,"b:33:2:35:Infinity:undefined:undefined:undefined:undefined":8,"s:33:2:35:Infinity":10,"s:34:4:34:Infinity":11,"b:37:2:39:Infinity:undefined:undefined:undefined:undefined":9,"s:37:2:39:Infinity":12,"s:38:4:38:Infinity":13,"b:41:2:43:Infinity:undefined:undefined:undefined:undefined":10,"s:41:2:43:Infinity":14,"b:41:6:41:50:41:50:41:81":11,"s:42:4:42:Infinity":15,"s:45:2:45:Infinity":16,"f:48:16:48:40":3,"s:49:15:49:Infinity":17,"b:50:2:52:Infinity:undefined:undefined:undefined:undefined":12,"s:50:2:52:Infinity":18,"s:51:4:51:Infinity":19,"s:54:2:54:Infinity":20,"b:54:2:54:66:54:66:54:Infinity":13,"b:56:2:58:Infinity:undefined:undefined:undefined:undefined":14,"s:56:2:58:Infinity":21,"s:57:4:57:Infinity":22,"s:60:17:60:Infinity":23,"b:61:2:63:Infinity:undefined:undefined:undefined:undefined":15,"s:61:2:63:Infinity":24,"s:62:4:62:Infinity":25,"s:65:23:65:Infinity":26,"b:65:23:65:51:65:51:65:Infinity":16,"s:66:2:73:Infinity":27,"s:67:21:67:Infinity":28,"b:68:4:70:Infinity:undefined:undefined:undefined:undefined":17,"s:68:4:70:Infinity":29,"s:69:6:69:Infinity":30,"s:71:4:71:Infinity":31,"s:72:4:72:Infinity":32,"s:77:15:77:Infinity":33,"b:77:57:77:76:77:76:77:86":18,"s:78:21:78:Infinity":34,"s:79:2:85:Infinity":35,"s:80:24:80:Infinity":36,"b:81:4:84:Infinity:undefined:undefined:undefined:undefined":19,"s:81:4:84:Infinity":37,"b:81:8:81:23:81:23:81:52":20,"s:82:6:82:Infinity":38,"s:83:6:83:Infinity":39,"s:87:2:87:Infinity":40,"s:88:2:88:Infinity":41}}}
,"/home/yuriy/Рабочий стол/pet-projects/feature-tracker/packages/cli/src/analysis/resolver/exportResolver.ts": {"path":"/home/yuriy/Рабочий стол/pet-projects/feature-tracker/packages/cli/src/analysis/resolver/exportResolver.ts","statementMap":{"0":{"start":{"line":6,"column":2},"end":{"line":14,"column":null}},"1":{"start":{"line":29,"column":23},"end":{"line":29,"column":null}},"2":{"start":{"line":30,"column":2},"end":{"line":32,"column":null}},"3":{"start":{"line":31,"column":4},"end":{"line":31,"column":null}},"4":{"start":{"line":33,"column":24},"end":{"line":33,"column":null}},"5":{"start":{"line":34,"column":2},"end":{"line":36,"column":null}},"6":{"start":{"line":35,"column":4},"end":{"line":35,"column":null}},"7":{"start":{"line":39,"column":15},"end":{"line":39,"column":null}},"8":{"start":{"line":40,"column":2},"end":{"line":49,"column":null}},"9":{"start":{"line":41,"column":4},"end":{"line":41,"column":null}},"10":{"start":{"line":42,"column":9},"end":{"line":49,"column":null}},"11":{"start":{"line":48,"column":4},"end":{"line":48,"column":null}},"12":{"start":{"line":50,"column":2},"end":{"line":52,"column":null}},"13":{"start":{"line":51,"column":4},"end":{"line":51,"column":null}},"14":{"start":{"line":54,"column":19},"end":{"line":54,"column":null}},"15":{"start":{"line":55,"column":2},"end":{"line":55,"column":null}},"16":{"start":{"line":59,"column":2},"end":{"line":61,"column":null}},"17":{"start":{"line":60,"column":4},"end":{"line":60,"column":null}},"18":{"start":{"line":62,"column":15},"end":{"line":62,"column":null}},"19":{"start":{"line":63,"column":17},"end":{"line":63,"column":null}},"20":{"start":{"line":64,"column":2},"end":{"line":66,"column":null}},"21":{"start":{"line":65,"column":4},"end":{"line":65,"column":null}},"22":{"start":{"line":68,"column":2},"end":{"line":71,"column":null}},"23":{"start":{"line":69,"column":4},"end":{"line":69,"column":null}},"24":{"start":{"line":70,"column":4},"end":{"line":70,"column":null}},"25":{"start":{"line":72,"column":2},"end":{"line":72,"column":null}},"26":{"start":{"line":74,"column":2},"end":{"line":79,"column":null}},"27":{"start":{"line":75,"column":20},"end":{"line":75,"column":null}},"28":{"start":{"line":76,"column":21},"end":{"line":76,"column":null}},"29":{"start":{"line":77,"column":4},"end":{"line":77,"column":null}},"30":{"start":{"line":78,"column":4},"end":{"line":78,"column":null}},"31":{"start":{"line":81,"column":23},"end":{"line":81,"column":null}},"32":{"start":{"line":82,"column":2},"end":{"line":86,"column":null}},"33":{"start":{"line":83,"column":21},"end":{"line":83,"column":null}},"34":{"start":{"line":84,"column":4},"end":{"line":84,"column":null}},"35":{"start":{"line":85,"column":4},"end":{"line":85,"column":null}},"36":{"start":{"line":88,"column":24},"end":{"line":88,"column":null}},"37":{"start":{"line":89,"column":2},"end":{"line":93,"column":null}},"38":{"start":{"line":90,"column":21},"end":{"line":90,"column":null}},"39":{"start":{"line":91,"column":4},"end":{"line":91,"column":null}},"40":{"start":{"line":92,"column":4},"end":{"line":92,"column":null}},"41":{"start":{"line":95,"column":23},"end":{"line":95,"column":null}},"42":{"start":{"line":96,"column":2},"end":{"line":101,"column":null}},"43":{"start":{"line":97,"column":4},"end":{"line":100,"column":null}},"44":{"start":{"line":98,"column":6},"end":{"line":98,"column":null}},"45":{"start":{"line":99,"column":6},"end":{"line":99,"column":null}},"46":{"start":{"line":103,"column":16},"end":{"line":103,"column":null}},"47":{"start":{"line":104,"column":2},"end":{"line":107,"column":null}},"48":{"start":{"line":105,"column":4},"end":{"line":105,"column":null}},"49":{"start":{"line":106,"column":4},"end":{"line":106,"column":null}},"50":{"start":{"line":108,"column":2},"end":{"line":108,"column":null}},"51":{"start":{"line":109,"column":2},"end":{"line":109,"column":null}}},"fnMap":{"0":{"name":"isConcreteDeclaration","decl":{"start":{"line":5,"column":9},"end":{"line":5,"column":31}},"loc":{"start":{"line":5,"column":55},"end":{"line":16,"column":null}},"line":5},"1":{"name":"resolveAmbientAutoImportSymbol","decl":{"start":{"line":28,"column":9},"end":{"line":28,"column":40}},"loc":{"start":{"line":28,"column":102},"end":{"line":56,"column":null}},"line":28},"2":{"name":"resolveExportedSymbol","decl":{"start":{"line":58,"column":16},"end":{"line":58,"column":38}},"loc":{"start":{"line":58,"column":154},"end":{"line":110,"column":null}},"line":58}},"branchMap":{"0":{"loc":{"start":{"line":7,"column":4},"end":{"line":14,"column":null}},"type":"binary-expr","locations":[{"start":{"line":7,"column":4},"end":{"line":7,"column":null}},{"start":{"line":8,"column":7},"end":{"line":8,"column":null}},{"start":{"line":9,"column":7},"end":{"line":9,"column":null}},{"start":{"line":10,"column":7},"end":{"line":10,"column":null}},{"start":{"line":11,"column":7},"end":{"line":11,"column":null}},{"start":{"line":12,"column":7},"end":{"line":12,"column":null}},{"start":{"line":13,"column":7},"end":{"line":13,"column":null}},{"start":{"line":14,"column":7},"end":{"line":14,"column":null}}],"line":7},"1":{"loc":{"start":{"line":30,"column":2},"end":{"line":32,"column":null}},"type":"if","locations":[{"start":{"line":30,"column":2},"end":{"line":32,"column":null}},{"start":{},"end":{}}],"line":30},"2":{"loc":{"start":{"line":30,"column":6},"end":{"line":30,"column":50}},"type":"binary-expr","locations":[{"start":{"line":30,"column":6},"end":{"line":30,"column":23}},{"start":{"line":30,"column":23},"end":{"line":30,"column":50}}],"line":30},"3":{"loc":{"start":{"line":34,"column":2},"end":{"line":36,"column":null}},"type":"if","locations":[{"start":{"line":34,"column":2},"end":{"line":36,"column":null}},{"start":{},"end":{}}],"line":34},"4":{"loc":{"start":{"line":34,"column":6},"end":{"line":34,"column":94}},"type":"binary-expr","locations":[{"start":{"line":34,"column":6},"end":{"line":34,"column":48}},{"start":{"line":34,"column":48},"end":{"line":34,"column":75}},{"start":{"line":34,"column":75},"end":{"line":34,"column":94}}],"line":34},"5":{"loc":{"start":{"line":40,"column":2},"end":{"line":49,"column":null}},"type":"if","locations":[{"start":{"line":40,"column":2},"end":{"line":49,"column":null}},{"start":{"line":42,"column":9},"end":{"line":49,"column":null}}],"line":40},"6":{"loc":{"start":{"line":40,"column":6},"end":{"line":40,"column":86}},"type":"binary-expr","locations":[{"start":{"line":40,"column":6},"end":{"line":40,"column":35}},{"start":{"line":40,"column":35},"end":{"line":40,"column":53}},{"start":{"line":40,"column":53},"end":{"line":40,"column":86}}],"line":40},"7":{"loc":{"start":{"line":42,"column":9},"end":{"line":49,"column":null}},"type":"if","locations":[{"start":{"line":42,"column":9},"end":{"line":49,"column":null}},{"start":{},"end":{}}],"line":42},"8":{"loc":{"start":{"line":43,"column":4},"end":{"line":46,"column":null}},"type":"binary-expr","locations":[{"start":{"line":43,"column":4},"end":{"line":43,"column":null}},{"start":{"line":44,"column":7},"end":{"line":44,"column":null}},{"start":{"line":45,"column":7},"end":{"line":45,"column":null}},{"start":{"line":46,"column":7},"end":{"line":46,"column":null}}],"line":43},"9":{"loc":{"start":{"line":50,"column":2},"end":{"line":52,"column":null}},"type":"if","locations":[{"start":{"line":50,"column":2},"end":{"line":52,"column":null}},{"start":{},"end":{}}],"line":50},"10":{"loc":{"start":{"line":55,"column":9},"end":{"line":55,"column":null}},"type":"cond-expr","locations":[{"start":{"line":55,"column":43},"end":{"line":55,"column":54}},{"start":{"line":55,"column":54},"end":{"line":55,"column":null}}],"line":55},"11":{"loc":{"start":{"line":55,"column":9},"end":{"line":55,"column":43}},"type":"binary-expr","locations":[{"start":{"line":55,"column":9},"end":{"line":55,"column":21}},{"start":{"line":55,"column":21},"end":{"line":55,"column":43}}],"line":55},"12":{"loc":{"start":{"line":59,"column":2},"end":{"line":61,"column":null}},"type":"if","locations":[{"start":{"line":59,"column":2},"end":{"line":61,"column":null}},{"start":{},"end":{}}],"line":59},"13":{"loc":{"start":{"line":62,"column":15},"end":{"line":62,"column":null}},"type":"binary-expr","locations":[{"start":{"line":62,"column":15},"end":{"line":62,"column":26}},{"start":{"line":62,"column":26},"end":{"line":62,"column":null}}],"line":62},"14":{"loc":{"start":{"line":64,"column":2},"end":{"line":66,"column":null}},"type":"if","locations":[{"start":{"line":64,"column":2},"end":{"line":66,"column":null}},{"start":{},"end":{}}],"line":64},"15":{"loc":{"start":{"line":68,"column":2},"end":{"line":71,"column":null}},"type":"if","locations":[{"start":{"line":68,"column":2},"end":{"line":71,"column":null}},{"start":{},"end":{}}],"line":68},"16":{"loc":{"start":{"line":74,"column":2},"end":{"line":79,"column":null}},"type":"if","locations":[{"start":{"line":74,"column":2},"end":{"line":79,"column":null}},{"start":{},"end":{}}],"line":74},"17":{"loc":{"start":{"line":82,"column":2},"end":{"line":86,"column":null}},"type":"if","locations":[{"start":{"line":82,"column":2},"end":{"line":86,"column":null}},{"start":{},"end":{}}],"line":82},"18":{"loc":{"start":{"line":82,"column":6},"end":{"line":82,"column":47}},"type":"binary-expr","locations":[{"start":{"line":82,"column":6},"end":{"line":82,"column":22}},{"start":{"line":82,"column":22},"end":{"line":82,"column":47}}],"line":82},"19":{"loc":{"start":{"line":89,"column":2},"end":{"line":93,"column":null}},"type":"if","locations":[{"start":{"line":89,"column":2},"end":{"line":93,"column":null}},{"start":{},"end":{}}],"line":89},"20":{"loc":{"start":{"line":95,"column":23},"end":{"line":95,"column":null}},"type":"binary-expr","locations":[{"start":{"line":95,"column":23},"end":{"line":95,"column":51}},{"start":{"line":95,"column":51},"end":{"line":95,"column":null}}],"line":95},"21":{"loc":{"start":{"line":97,"column":4},"end":{"line":100,"column":null}},"type":"if","locations":[{"start":{"line":97,"column":4},"end":{"line":100,"column":null}},{"start":{},"end":{}}],"line":97},"22":{"loc":{"start":{"line":104,"column":2},"end":{"line":107,"column":null}},"type":"if","locations":[{"start":{"line":104,"column":2},"end":{"line":107,"column":null}},{"start":{},"end":{}}],"line":104}},"s":{"0":105,"1":88,"2":88,"3":0,"4":88,"5":88,"6":86,"7":2,"8":2,"9":1,"10":1,"11":1,"12":2,"13":0,"14":2,"15":2,"16":207,"17":0,"18":207,"19":207,"20":207,"21":99,"22":108,"23":0,"24":0,"25":108,"26":108,"27":20,"28":20,"29":20,"30":20,"31":88,"32":88,"33":0,"34":0,"35":0,"36":88,"37":88,"38":2,"39":2,"40":2,"41":86,"42":207,"43":86,"44":67,"45":67,"46":19,"47":19,"48":0,"49":0,"50":19,"51":19},"f":{"0":105,"1":88,"2":207},"b":{"0":[105,77,76,76,74,74,74,38],"1":[0,88],"2":[88,88],"3":[86,2],"4":[88,3,2],"5":[1,1],"6":[2,1,1],"7":[1,0],"8":[1,1,1,1],"9":[0,2],"10":[2,0],"11":[2,2],"12":[0,207],"13":[207,185],"14":[99,108],"15":[0,108],"16":[20,88],"17":[0,88],"18":[88,88],"19":[2,86],"20":[86,0],"21":[67,19],"22":[0,19]},"meta":{"lastBranch":23,"lastFunction":3,"lastStatement":52,"seen":{"f:5:9:5:31":0,"s:6:2:14:Infinity":0,"b:7:4:7:Infinity:8:7:8:Infinity:9:7:9:Infinity:10:7:10:Infinity:11:7:11:Infinity:12:7:12:Infinity:13:7:13:Infinity:14:7:14:Infinity":0,"f:28:9:28:40":1,"s:29:23:29:Infinity":1,"b:30:2:32:Infinity:undefined:undefined:undefined:undefined":1,"s:30:2:32:Infinity":2,"b:30:6:30:23:30:23:30:50":2,"s:31:4:31:Infinity":3,"s:33:24:33:Infinity":4,"b:34:2:36:Infinity:undefined:undefined:undefined:undefined":3,"s:34:2:36:Infinity":5,"b:34:6:34:48:34:48:34:75:34:75:34:94":4,"s:35:4:35:Infinity":6,"s:39:15:39:Infinity":7,"b:40:2:49:Infinity:42:9:49:Infinity":5,"s:40:2:49:Infinity":8,"b:40:6:40:35:40:35:40:53:40:53:40:86":6,"s:41:4:41:Infinity":9,"b:42:9:49:Infinity:undefined:undefined:undefined:undefined":7,"s:42:9:49:Infinity":10,"b:43:4:43:Infinity:44:7:44:Infinity:45:7:45:Infinity:46:7:46:Infinity":8,"s:48:4:48:Infinity":11,"b:50:2:52:Infinity:undefined:undefined:undefined:undefined":9,"s:50:2:52:Infinity":12,"s:51:4:51:Infinity":13,"s:54:19:54:Infinity":14,"s:55:2:55:Infinity":15,"b:55:43:55:54:55:54:55:Infinity":10,"b:55:9:55:21:55:21:55:43":11,"f:58:16:58:38":2,"b:59:2:61:Infinity:undefined:undefined:undefined:undefined":12,"s:59:2:61:Infinity":16,"s:60:4:60:Infinity":17,"s:62:15:62:Infinity":18,"b:62:15:62:26:62:26:62:Infinity":13,"s:63:17:63:Infinity":19,"b:64:2:66:Infinity:undefined:undefined:undefined:undefined":14,"s:64:2:66:Infinity":20,"s:65:4:65:Infinity":21,"b:68:2:71:Infinity:undefined:undefined:undefined:undefined":15,"s:68:2:71:Infinity":22,"s:69:4:69:Infinity":23,"s:70:4:70:Infinity":24,"s:72:2:72:Infinity":25,"b:74:2:79:Infinity:undefined:undefined:undefined:undefined":16,"s:74:2:79:Infinity":26,"s:75:20:75:Infinity":27,"s:76:21:76:Infinity":28,"s:77:4:77:Infinity":29,"s:78:4:78:Infinity":30,"s:81:23:81:Infinity":31,"b:82:2:86:Infinity:undefined:undefined:undefined:undefined":17,"s:82:2:86:Infinity":32,"b:82:6:82:22:82:22:82:47":18,"s:83:21:83:Infinity":33,"s:84:4:84:Infinity":34,"s:85:4:85:Infinity":35,"s:88:24:88:Infinity":36,"b:89:2:93:Infinity:undefined:undefined:undefined:undefined":19,"s:89:2:93:Infinity":37,"s:90:21:90:Infinity":38,"s:91:4:91:Infinity":39,"s:92:4:92:Infinity":40,"s:95:23:95:Infinity":41,"b:95:23:95:51:95:51:95:Infinity":20,"s:96:2:101:Infinity":42,"b:97:4:100:Infinity:undefined:undefined:undefined:undefined":21,"s:97:4:100:Infinity":43,"s:98:6:98:Infinity":44,"s:99:6:99:Infinity":45,"s:103:16:103:Infinity":46,"b:104:2:107:Infinity:undefined:undefined:undefined:undefined":22,"s:104:2:107:Infinity":47,"s:105:4:105:Infinity":48,"s:106:4:106:Infinity":49,"s:108:2:108:Infinity":50,"s:109:2:109:Infinity":51}}}
,"/home/yuriy/Рабочий стол/pet-projects/feature-tracker/packages/cli/src/analysis/resolver/resolver.ts": {"path":"/home/yuriy/Рабочий стол/pet-projects/feature-tracker/packages/cli/src/analysis/resolver/resolver.ts","statementMap":{"0":{"start":{"line":19,"column":2},"end":{"line":21,"column":null}},"1":{"start":{"line":25,"column":2},"end":{"line":28,"column":null}},"2":{"start":{"line":32,"column":27},"end":{"line":32,"column":null}},"3":{"start":{"line":33,"column":2},"end":{"line":37,"column":null}},"4":{"start":{"line":34,"column":4},"end":{"line":36,"column":null}},"5":{"start":{"line":35,"column":6},"end":{"line":35,"column":null}},"6":{"start":{"line":38,"column":2},"end":{"line":38,"column":null}},"7":{"start":{"line":46,"column":8},"end":{"line":46,"column":null}},"8":{"start":{"line":47,"column":2},"end":{"line":53,"column":null}},"9":{"start":{"line":48,"column":19},"end":{"line":48,"column":null}},"10":{"start":{"line":49,"column":4},"end":{"line":51,"column":null}},"11":{"start":{"line":50,"column":6},"end":{"line":50,"column":null}},"12":{"start":{"line":52,"column":4},"end":{"line":52,"column":null}},"13":{"start":{"line":54,"column":2},"end":{"line":74,"column":null}},"14":{"start":{"line":55,"column":10},"end":{"line":55,"column":null}},"15":{"start":{"line":56,"column":4},"end":{"line":58,"column":null}},"16":{"start":{"line":57,"column":6},"end":{"line":57,"column":null}},"17":{"start":{"line":59,"column":17},"end":{"line":59,"column":null}},"18":{"start":{"line":60,"column":4},"end":{"line":62,"column":null}},"19":{"start":{"line":61,"column":6},"end":{"line":61,"column":null}},"20":{"start":{"line":63,"column":4},"end":{"line":72,"column":null}},"21":{"start":{"line":64,"column":6},"end":{"line":66,"column":null}},"22":{"start":{"line":65,"column":8},"end":{"line":65,"column":null}},"23":{"start":{"line":67,"column":33},"end":{"line":67,"column":null}},"24":{"start":{"line":68,"column":6},"end":{"line":70,"column":null}},"25":{"start":{"line":69,"column":8},"end":{"line":69,"column":null}},"26":{"start":{"line":71,"column":6},"end":{"line":71,"column":null}},"27":{"start":{"line":73,"column":4},"end":{"line":73,"column":null}},"28":{"start":{"line":75,"column":2},"end":{"line":75,"column":null}},"29":{"start":{"line":79,"column":8},"end":{"line":79,"column":null}},"30":{"start":{"line":80,"column":2},"end":{"line":82,"column":null}},"31":{"start":{"line":81,"column":4},"end":{"line":81,"column":null}},"32":{"start":{"line":86,"column":27},"end":{"line":86,"column":null}},"33":{"start":{"line":88,"column":18},"end":{"line":88,"column":null}},"34":{"start":{"line":89,"column":4},"end":{"line":101,"column":null}},"35":{"start":{"line":90,"column":6},"end":{"line":100,"column":null}},"36":{"start":{"line":91,"column":8},"end":{"line":93,"column":null}},"37":{"start":{"line":92,"column":10},"end":{"line":92,"column":null}},"38":{"start":{"line":94,"column":35},"end":{"line":94,"column":null}},"39":{"start":{"line":95,"column":8},"end":{"line":97,"column":null}},"40":{"start":{"line":96,"column":10},"end":{"line":96,"column":null}},"41":{"start":{"line":98,"column":28},"end":{"line":98,"column":null}},"42":{"start":{"line":99,"column":8},"end":{"line":99,"column":null}},"43":{"start":{"line":103,"column":2},"end":{"line":148,"column":null}},"44":{"start":{"line":104,"column":17},"end":{"line":104,"column":null}},"45":{"start":{"line":105,"column":4},"end":{"line":107,"column":null}},"46":{"start":{"line":106,"column":6},"end":{"line":106,"column":null}},"47":{"start":{"line":111,"column":4},"end":{"line":125,"column":null}},"48":{"start":{"line":112,"column":27},"end":{"line":112,"column":null}},"49":{"start":{"line":113,"column":6},"end":{"line":124,"column":null}},"50":{"start":{"line":114,"column":8},"end":{"line":116,"column":null}},"51":{"start":{"line":115,"column":10},"end":{"line":115,"column":null}},"52":{"start":{"line":117,"column":8},"end":{"line":123,"column":null}},"53":{"start":{"line":118,"column":29},"end":{"line":118,"column":null}},"54":{"start":{"line":119,"column":10},"end":{"line":121,"column":null}},"55":{"start":{"line":120,"column":12},"end":{"line":120,"column":null}},"56":{"start":{"line":122,"column":10},"end":{"line":122,"column":null}},"57":{"start":{"line":129,"column":4},"end":{"line":147,"column":null}},"58":{"start":{"line":130,"column":27},"end":{"line":130,"column":null}},"59":{"start":{"line":131,"column":6},"end":{"line":146,"column":null}},"60":{"start":{"line":132,"column":8},"end":{"line":134,"column":null}},"61":{"start":{"line":133,"column":10},"end":{"line":133,"column":null}},"62":{"start":{"line":135,"column":8},"end":{"line":145,"column":null}},"63":{"start":{"line":136,"column":10},"end":{"line":138,"column":null}},"64":{"start":{"line":137,"column":12},"end":{"line":137,"column":null}},"65":{"start":{"line":139,"column":37},"end":{"line":139,"column":null}},"66":{"start":{"line":140,"column":10},"end":{"line":142,"column":null}},"67":{"start":{"line":141,"column":12},"end":{"line":141,"column":null}},"68":{"start":{"line":143,"column":30},"end":{"line":143,"column":null}},"69":{"start":{"line":144,"column":10},"end":{"line":144,"column":null}},"70":{"start":{"line":150,"column":2},"end":{"line":150,"column":null}},"71":{"start":{"line":154,"column":22},"end":{"line":154,"column":null}},"72":{"start":{"line":155,"column":2},"end":{"line":160,"column":null}},"73":{"start":{"line":156,"column":18},"end":{"line":156,"column":null}},"74":{"start":{"line":157,"column":4},"end":{"line":159,"column":null}},"75":{"start":{"line":158,"column":6},"end":{"line":158,"column":null}},"76":{"start":{"line":161,"column":15},"end":{"line":161,"column":null}},"77":{"start":{"line":162,"column":2},"end":{"line":164,"column":null}},"78":{"start":{"line":163,"column":4},"end":{"line":163,"column":null}},"79":{"start":{"line":166,"column":2},"end":{"line":166,"column":null}},"80":{"start":{"line":167,"column":17},"end":{"line":167,"column":null}},"81":{"start":{"line":168,"column":2},"end":{"line":170,"column":null}},"82":{"start":{"line":169,"column":4},"end":{"line":169,"column":null}},"83":{"start":{"line":171,"column":20},"end":{"line":171,"column":null}},"84":{"start":{"line":172,"column":2},"end":{"line":172,"column":null}},"85":{"start":{"line":173,"column":23},"end":{"line":173,"column":null}},"86":{"start":{"line":174,"column":2},"end":{"line":186,"column":null}},"87":{"start":{"line":175,"column":4},"end":{"line":179,"column":null}},"88":{"start":{"line":176,"column":23},"end":{"line":176,"column":null}},"89":{"start":{"line":177,"column":6},"end":{"line":177,"column":null}},"90":{"start":{"line":178,"column":6},"end":{"line":178,"column":null}},"91":{"start":{"line":181,"column":4},"end":{"line":185,"column":null}},"92":{"start":{"line":182,"column":23},"end":{"line":182,"column":null}},"93":{"start":{"line":183,"column":6},"end":{"line":183,"column":null}},"94":{"start":{"line":184,"column":6},"end":{"line":184,"column":null}},"95":{"start":{"line":188,"column":2},"end":{"line":188,"column":null}},"96":{"start":{"line":192,"column":8},"end":{"line":192,"column":null}},"97":{"start":{"line":193,"column":2},"end":{"line":195,"column":null}},"98":{"start":{"line":194,"column":4},"end":{"line":194,"column":null}},"99":{"start":{"line":196,"column":17},"end":{"line":196,"column":null}},"100":{"start":{"line":197,"column":2},"end":{"line":200,"column":null}},"101":{"start":{"line":198,"column":4},"end":{"line":198,"column":null}},"102":{"start":{"line":199,"column":4},"end":{"line":199,"column":null}},"103":{"start":{"line":201,"column":2},"end":{"line":203,"column":null}},"104":{"start":{"line":202,"column":4},"end":{"line":202,"column":null}},"105":{"start":{"line":204,"column":27},"end":{"line":204,"column":null}},"106":{"start":{"line":205,"column":2},"end":{"line":220,"column":null}},"107":{"start":{"line":206,"column":21},"end":{"line":206,"column":null}},"108":{"start":{"line":207,"column":4},"end":{"line":209,"column":null}},"109":{"start":{"line":208,"column":6},"end":{"line":208,"column":null}},"110":{"start":{"line":210,"column":24},"end":{"line":212,"column":null}},"111":{"start":{"line":213,"column":28},"end":{"line":213,"column":null}},"112":{"start":{"line":214,"column":4},"end":{"line":216,"column":null}},"113":{"start":{"line":215,"column":6},"end":{"line":215,"column":null}},"114":{"start":{"line":218,"column":26},"end":{"line":218,"column":null}},"115":{"start":{"line":219,"column":4},"end":{"line":219,"column":null}},"116":{"start":{"line":221,"column":2},"end":{"line":224,"column":null}},"117":{"start":{"line":228,"column":2},"end":{"line":230,"column":null}},"118":{"start":{"line":229,"column":4},"end":{"line":229,"column":null}},"119":{"start":{"line":231,"column":2},"end":{"line":231,"column":null}},"120":{"start":{"line":232,"column":2},"end":{"line":321,"column":null}},"121":{"start":{"line":233,"column":4},"end":{"line":238,"column":null}},"122":{"start":{"line":234,"column":6},"end":{"line":237,"column":null}},"123":{"start":{"line":239,"column":4},"end":{"line":244,"column":null}},"124":{"start":{"line":240,"column":6},"end":{"line":243,"column":null}},"125":{"start":{"line":245,"column":4},"end":{"line":255,"column":null}},"126":{"start":{"line":246,"column":19},"end":{"line":246,"column":null}},"127":{"start":{"line":247,"column":6},"end":{"line":250,"column":null}},"128":{"start":{"line":248,"column":25},"end":{"line":248,"column":null}},"129":{"start":{"line":249,"column":8},"end":{"line":249,"column":null}},"130":{"start":{"line":249,"column":61},"end":{"line":249,"column":86}},"131":{"start":{"line":251,"column":6},"end":{"line":254,"column":null}},"132":{"start":{"line":256,"column":4},"end":{"line":263,"column":null}},"133":{"start":{"line":257,"column":23},"end":{"line":257,"column":null}},"134":{"start":{"line":258,"column":24},"end":{"line":258,"column":null}},"135":{"start":{"line":259,"column":6},"end":{"line":262,"column":null}},"136":{"start":{"line":265,"column":4},"end":{"line":275,"column":null}},"137":{"start":{"line":266,"column":31},"end":{"line":266,"column":null}},"138":{"start":{"line":267,"column":6},"end":{"line":270,"column":null}},"139":{"start":{"line":268,"column":25},"end":{"line":268,"column":null}},"140":{"start":{"line":269,"column":8},"end":{"line":269,"column":null}},"141":{"start":{"line":271,"column":6},"end":{"line":274,"column":null}},"142":{"start":{"line":277,"column":4},"end":{"line":291,"column":null}},"143":{"start":{"line":278,"column":31},"end":{"line":278,"column":null}},"144":{"start":{"line":279,"column":6},"end":{"line":286,"column":null}},"145":{"start":{"line":280,"column":8},"end":{"line":282,"column":null}},"146":{"start":{"line":281,"column":10},"end":{"line":281,"column":null}},"147":{"start":{"line":283,"column":28},"end":{"line":283,"column":null}},"148":{"start":{"line":284,"column":25},"end":{"line":284,"column":null}},"149":{"start":{"line":285,"column":8},"end":{"line":285,"column":null}},"150":{"start":{"line":287,"column":6},"end":{"line":290,"column":null}},"151":{"start":{"line":292,"column":4},"end":{"line":300,"column":null}},"152":{"start":{"line":299,"column":6},"end":{"line":299,"column":null}},"153":{"start":{"line":301,"column":4},"end":{"line":303,"column":null}},"154":{"start":{"line":302,"column":6},"end":{"line":302,"column":null}},"155":{"start":{"line":304,"column":4},"end":{"line":306,"column":null}},"156":{"start":{"line":305,"column":6},"end":{"line":305,"column":null}},"157":{"start":{"line":307,"column":4},"end":{"line":314,"column":null}},"158":{"start":{"line":308,"column":19},"end":{"line":308,"column":null}},"159":{"start":{"line":309,"column":20},"end":{"line":309,"column":null}},"160":{"start":{"line":310,"column":6},"end":{"line":313,"column":null}},"161":{"start":{"line":315,"column":4},"end":{"line":317,"column":null}},"162":{"start":{"line":316,"column":6},"end":{"line":316,"column":null}},"163":{"start":{"line":318,"column":4},"end":{"line":318,"column":null}},"164":{"start":{"line":320,"column":4},"end":{"line":320,"column":null}}},"fnMap":{"0":{"name":"unique","decl":{"start":{"line":18,"column":9},"end":{"line":18,"column":16}},"loc":{"start":{"line":18,"column":54},"end":{"line":22,"column":null}},"line":18},"1":{"name":"empty","decl":{"start":{"line":24,"column":9},"end":{"line":24,"column":32}},"loc":{"start":{"line":24,"column":32},"end":{"line":29,"column":null}},"line":24},"2":{"name":"concat","decl":{"start":{"line":31,"column":9},"end":{"line":31,"column":16}},"loc":{"start":{"line":31,"column":78},"end":{"line":39,"column":null}},"line":31},"3":{"name":"resolveBoundObjectNode","decl":{"start":{"line":45,"column":9},"end":{"line":45,"column":32}},"loc":{"start":{"line":45,"column":131},"end":{"line":76,"column":null}},"line":45},"4":{"name":"resolvePropertyAccess","decl":{"start":{"line":78,"column":9},"end":{"line":78,"column":31}},"loc":{"start":{"line":78,"column":377},"end":{"line":151,"column":null}},"line":78},"5":{"name":"resolveIdentifier","decl":{"start":{"line":153,"column":9},"end":{"line":153,"column":27}},"loc":{"start":{"line":153,"column":306},"end":{"line":189,"column":null}},"line":153},"6":{"name":"resolveCallExpression","decl":{"start":{"line":191,"column":9},"end":{"line":191,"column":31}},"loc":{"start":{"line":191,"column":313},"end":{"line":225,"column":null}},"line":191},"7":{"name":"resolveNodeValue","decl":{"start":{"line":227,"column":16},"end":{"line":227,"column":33}},"loc":{"start":{"line":227,"column":305},"end":{"line":322,"column":null}},"line":227},"8":{"name":"(anonymous_8)","decl":{"start":{"line":249,"column":48},"end":{"line":249,"column":52}},"loc":{"start":{"line":249,"column":61},"end":{"line":249,"column":86}},"line":249}},"branchMap":{"0":{"loc":{"start":{"line":47,"column":2},"end":{"line":53,"column":null}},"type":"if","locations":[{"start":{"line":47,"column":2},"end":{"line":53,"column":null}},{"start":{},"end":{}}],"line":47},"1":{"loc":{"start":{"line":49,"column":4},"end":{"line":51,"column":null}},"type":"if","locations":[{"start":{"line":49,"column":4},"end":{"line":51,"column":null}},{"start":{},"end":{}}],"line":49},"2":{"loc":{"start":{"line":49,"column":8},"end":{"line":49,"column":59}},"type":"binary-expr","locations":[{"start":{"line":49,"column":8},"end":{"line":49,"column":19}},{"start":{"line":49,"column":19},"end":{"line":49,"column":59}}],"line":49},"3":{"loc":{"start":{"line":52,"column":11},"end":{"line":52,"column":null}},"type":"binary-expr","locations":[{"start":{"line":52,"column":11},"end":{"line":52,"column":52}},{"start":{"line":52,"column":52},"end":{"line":52,"column":null}}],"line":52},"4":{"loc":{"start":{"line":54,"column":2},"end":{"line":74,"column":null}},"type":"if","locations":[{"start":{"line":54,"column":2},"end":{"line":74,"column":null}},{"start":{},"end":{}}],"line":54},"5":{"loc":{"start":{"line":54,"column":6},"end":{"line":54,"column":115}},"type":"binary-expr","locations":[{"start":{"line":54,"column":6},"end":{"line":54,"column":45}},{"start":{"line":54,"column":45},"end":{"line":54,"column":79}},{"start":{"line":54,"column":79},"end":{"line":54,"column":115}}],"line":54},"6":{"loc":{"start":{"line":56,"column":4},"end":{"line":58,"column":null}},"type":"if","locations":[{"start":{"line":56,"column":4},"end":{"line":58,"column":null}},{"start":{},"end":{}}],"line":56},"7":{"loc":{"start":{"line":60,"column":4},"end":{"line":62,"column":null}},"type":"if","locations":[{"start":{"line":60,"column":4},"end":{"line":62,"column":null}},{"start":{},"end":{}}],"line":60},"8":{"loc":{"start":{"line":60,"column":8},"end":{"line":60,"column":54}},"type":"binary-expr","locations":[{"start":{"line":60,"column":8},"end":{"line":60,"column":17}},{"start":{"line":60,"column":17},"end":{"line":60,"column":54}}],"line":60},"9":{"loc":{"start":{"line":64,"column":6},"end":{"line":66,"column":null}},"type":"if","locations":[{"start":{"line":64,"column":6},"end":{"line":66,"column":null}},{"start":{},"end":{}}],"line":64},"10":{"loc":{"start":{"line":64,"column":10},"end":{"line":64,"column":93}},"type":"binary-expr","locations":[{"start":{"line":64,"column":10},"end":{"line":64,"column":48}},{"start":{"line":64,"column":48},"end":{"line":64,"column":93}}],"line":64},"11":{"loc":{"start":{"line":67,"column":33},"end":{"line":67,"column":null}},"type":"cond-expr","locations":[{"start":{"line":67,"column":66},"end":{"line":67,"column":87}},{"start":{"line":67,"column":87},"end":{"line":67,"column":null}}],"line":67},"12":{"loc":{"start":{"line":68,"column":6},"end":{"line":70,"column":null}},"type":"if","locations":[{"start":{"line":68,"column":6},"end":{"line":70,"column":null}},{"start":{},"end":{}}],"line":68},"13":{"loc":{"start":{"line":71,"column":13},"end":{"line":71,"column":null}},"type":"cond-expr","locations":[{"start":{"line":71,"column":58},"end":{"line":71,"column":74}},{"start":{"line":71,"column":74},"end":{"line":71,"column":null}}],"line":71},"14":{"loc":{"start":{"line":80,"column":2},"end":{"line":82,"column":null}},"type":"if","locations":[{"start":{"line":80,"column":2},"end":{"line":82,"column":null}},{"start":{},"end":{}}],"line":80},"15":{"loc":{"start":{"line":86,"column":27},"end":{"line":86,"column":null}},"type":"cond-expr","locations":[{"start":{"line":86,"column":64},"end":{"line":86,"column":82}},{"start":{"line":86,"column":82},"end":{"line":86,"column":null}}],"line":86},"16":{"loc":{"start":{"line":89,"column":4},"end":{"line":101,"column":null}},"type":"if","locations":[{"start":{"line":89,"column":4},"end":{"line":101,"column":null}},{"start":{},"end":{}}],"line":89},"17":{"loc":{"start":{"line":89,"column":8},"end":{"line":89,"column":54}},"type":"binary-expr","locations":[{"start":{"line":89,"column":8},"end":{"line":89,"column":17}},{"start":{"line":89,"column":17},"end":{"line":89,"column":54}}],"line":89},"18":{"loc":{"start":{"line":91,"column":8},"end":{"line":93,"column":null}},"type":"if","locations":[{"start":{"line":91,"column":8},"end":{"line":93,"column":null}},{"start":{},"end":{}}],"line":91},"19":{"loc":{"start":{"line":91,"column":12},"end":{"line":91,"column":95}},"type":"binary-expr","locations":[{"start":{"line":91,"column":12},"end":{"line":91,"column":50}},{"start":{"line":91,"column":50},"end":{"line":91,"column":95}}],"line":91},"20":{"loc":{"start":{"line":94,"column":35},"end":{"line":94,"column":null}},"type":"cond-expr","locations":[{"start":{"line":94,"column":68},"end":{"line":94,"column":89}},{"start":{"line":94,"column":89},"end":{"line":94,"column":null}}],"line":94},"21":{"loc":{"start":{"line":95,"column":8},"end":{"line":97,"column":null}},"type":"if","locations":[{"start":{"line":95,"column":8},"end":{"line":97,"column":null}},{"start":{},"end":{}}],"line":95},"22":{"loc":{"start":{"line":98,"column":28},"end":{"line":98,"column":null}},"type":"cond-expr","locations":[{"start":{"line":98,"column":73},"end":{"line":98,"column":89}},{"start":{"line":98,"column":89},"end":{"line":98,"column":null}}],"line":98},"23":{"loc":{"start":{"line":103,"column":2},"end":{"line":148,"column":null}},"type":"if","locations":[{"start":{"line":103,"column":2},"end":{"line":148,"column":null}},{"start":{},"end":{}}],"line":103},"24":{"loc":{"start":{"line":105,"column":4},"end":{"line":107,"column":null}},"type":"if","locations":[{"start":{"line":105,"column":4},"end":{"line":107,"column":null}},{"start":{},"end":{}}],"line":105},"25":{"loc":{"start":{"line":106,"column":6},"end":{"line":106,"column":null}},"type":"binary-expr","locations":[{"start":{"line":106,"column":6},"end":{"line":106,"column":70}},{"start":{"line":106,"column":70},"end":{"line":106,"column":null}}],"line":106},"26":{"loc":{"start":{"line":111,"column":4},"end":{"line":125,"column":null}},"type":"if","locations":[{"start":{"line":111,"column":4},"end":{"line":125,"column":null}},{"start":{},"end":{}}],"line":111},"27":{"loc":{"start":{"line":112,"column":27},"end":{"line":112,"column":null}},"type":"binary-expr","locations":[{"start":{"line":112,"column":27},"end":{"line":112,"column":55}},{"start":{"line":112,"column":55},"end":{"line":112,"column":null}}],"line":112},"28":{"loc":{"start":{"line":114,"column":8},"end":{"line":116,"column":null}},"type":"if","locations":[{"start":{"line":114,"column":8},"end":{"line":116,"column":null}},{"start":{},"end":{}}],"line":114},"29":{"loc":{"start":{"line":118,"column":29},"end":{"line":118,"column":null}},"type":"cond-expr","locations":[{"start":{"line":118,"column":60},"end":{"line":118,"column":79}},{"start":{"line":118,"column":79},"end":{"line":118,"column":null}}],"line":118},"30":{"loc":{"start":{"line":118,"column":79},"end":{"line":118,"column":null}},"type":"cond-expr","locations":[{"start":{"line":118,"column":113},"end":{"line":118,"column":132}},{"start":{"line":118,"column":132},"end":{"line":118,"column":null}}],"line":118},"31":{"loc":{"start":{"line":119,"column":10},"end":{"line":121,"column":null}},"type":"if","locations":[{"start":{"line":119,"column":10},"end":{"line":121,"column":null}},{"start":{},"end":{}}],"line":119},"32":{"loc":{"start":{"line":119,"column":14},"end":{"line":119,"column":66}},"type":"binary-expr","locations":[{"start":{"line":119,"column":14},"end":{"line":119,"column":45}},{"start":{"line":119,"column":45},"end":{"line":119,"column":66}}],"line":119},"33":{"loc":{"start":{"line":129,"column":4},"end":{"line":147,"column":null}},"type":"if","locations":[{"start":{"line":129,"column":4},"end":{"line":147,"column":null}},{"start":{},"end":{}}],"line":129},"34":{"loc":{"start":{"line":130,"column":27},"end":{"line":130,"column":null}},"type":"binary-expr","locations":[{"start":{"line":130,"column":27},"end":{"line":130,"column":55}},{"start":{"line":130,"column":55},"end":{"line":130,"column":null}}],"line":130},"35":{"loc":{"start":{"line":132,"column":8},"end":{"line":134,"column":null}},"type":"if","locations":[{"start":{"line":132,"column":8},"end":{"line":134,"column":null}},{"start":{},"end":{}}],"line":132},"36":{"loc":{"start":{"line":132,"column":12},"end":{"line":132,"column":138}},"type":"binary-expr","locations":[{"start":{"line":132,"column":12},"end":{"line":132,"column":54}},{"start":{"line":132,"column":54},"end":{"line":132,"column":82}},{"start":{"line":132,"column":82},"end":{"line":132,"column":138}}],"line":132},"37":{"loc":{"start":{"line":136,"column":10},"end":{"line":138,"column":null}},"type":"if","locations":[{"start":{"line":136,"column":10},"end":{"line":138,"column":null}},{"start":{},"end":{}}],"line":136},"38":{"loc":{"start":{"line":136,"column":14},"end":{"line":136,"column":97}},"type":"binary-expr","locations":[{"start":{"line":136,"column":14},"end":{"line":136,"column":52}},{"start":{"line":136,"column":52},"end":{"line":136,"column":97}}],"line":136},"39":{"loc":{"start":{"line":139,"column":37},"end":{"line":139,"column":null}},"type":"cond-expr","locations":[{"start":{"line":139,"column":70},"end":{"line":139,"column":91}},{"start":{"line":139,"column":91},"end":{"line":139,"column":null}}],"line":139},"40":{"loc":{"start":{"line":140,"column":10},"end":{"line":142,"column":null}},"type":"if","locations":[{"start":{"line":140,"column":10},"end":{"line":142,"column":null}},{"start":{},"end":{}}],"line":140},"41":{"loc":{"start":{"line":143,"column":30},"end":{"line":143,"column":null}},"type":"cond-expr","locations":[{"start":{"line":143,"column":75},"end":{"line":143,"column":91}},{"start":{"line":143,"column":91},"end":{"line":143,"column":null}}],"line":143},"42":{"loc":{"start":{"line":155,"column":2},"end":{"line":160,"column":null}},"type":"if","locations":[{"start":{"line":155,"column":2},"end":{"line":160,"column":null}},{"start":{},"end":{}}],"line":155},"43":{"loc":{"start":{"line":155,"column":6},"end":{"line":155,"column":65}},"type":"binary-expr","locations":[{"start":{"line":155,"column":6},"end":{"line":155,"column":21}},{"start":{"line":155,"column":21},"end":{"line":155,"column":65}}],"line":155},"44":{"loc":{"start":{"line":157,"column":4},"end":{"line":159,"column":null}},"type":"if","locations":[{"start":{"line":157,"column":4},"end":{"line":159,"column":null}},{"start":{},"end":{}}],"line":157},"45":{"loc":{"start":{"line":162,"column":2},"end":{"line":164,"column":null}},"type":"if","locations":[{"start":{"line":162,"column":2},"end":{"line":164,"column":null}},{"start":{},"end":{}}],"line":162},"46":{"loc":{"start":{"line":166,"column":2},"end":{"line":166,"column":null}},"type":"binary-expr","locations":[{"start":{"line":166,"column":2},"end":{"line":166,"column":66}},{"start":{"line":166,"column":66},"end":{"line":166,"column":null}}],"line":166},"47":{"loc":{"start":{"line":168,"column":2},"end":{"line":170,"column":null}},"type":"if","locations":[{"start":{"line":168,"column":2},"end":{"line":170,"column":null}},{"start":{},"end":{}}],"line":168},"48":{"loc":{"start":{"line":173,"column":23},"end":{"line":173,"column":null}},"type":"binary-expr","locations":[{"start":{"line":173,"column":23},"end":{"line":173,"column":51}},{"start":{"line":173,"column":51},"end":{"line":173,"column":null}}],"line":173},"49":{"loc":{"start":{"line":175,"column":4},"end":{"line":179,"column":null}},"type":"if","locations":[{"start":{"line":175,"column":4},"end":{"line":179,"column":null}},{"start":{},"end":{}}],"line":175},"50":{"loc":{"start":{"line":175,"column":8},"end":{"line":175,"column":74}},"type":"binary-expr","locations":[{"start":{"line":175,"column":8},"end":{"line":175,"column":49}},{"start":{"line":175,"column":49},"end":{"line":175,"column":74}}],"line":175},"51":{"loc":{"start":{"line":181,"column":4},"end":{"line":185,"column":null}},"type":"if","locations":[{"start":{"line":181,"column":4},"end":{"line":185,"column":null}},{"start":{},"end":{}}],"line":181},"52":{"loc":{"start":{"line":181,"column":8},"end":{"line":181,"column":65}},"type":"binary-expr","locations":[{"start":{"line":181,"column":8},"end":{"line":181,"column":40}},{"start":{"line":181,"column":40},"end":{"line":181,"column":65}}],"line":181},"53":{"loc":{"start":{"line":192,"column":69},"end":{"line":192,"column":115}},"type":"binary-expr","locations":[{"start":{"line":192,"column":69},"end":{"line":192,"column":90}},{"start":{"line":192,"column":90},"end":{"line":192,"column":115}}],"line":192},"54":{"loc":{"start":{"line":193,"column":2},"end":{"line":195,"column":null}},"type":"if","locations":[{"start":{"line":193,"column":2},"end":{"line":195,"column":null}},{"start":{},"end":{}}],"line":193},"55":{"loc":{"start":{"line":197,"column":2},"end":{"line":200,"column":null}},"type":"if","locations":[{"start":{"line":197,"column":2},"end":{"line":200,"column":null}},{"start":{},"end":{}}],"line":197},"56":{"loc":{"start":{"line":201,"column":2},"end":{"line":203,"column":null}},"type":"if","locations":[{"start":{"line":201,"column":2},"end":{"line":203,"column":null}},{"start":{},"end":{}}],"line":201},"57":{"loc":{"start":{"line":207,"column":4},"end":{"line":209,"column":null}},"type":"if","locations":[{"start":{"line":207,"column":4},"end":{"line":209,"column":null}},{"start":{},"end":{}}],"line":207},"58":{"loc":{"start":{"line":214,"column":4},"end":{"line":216,"column":null}},"type":"if","locations":[{"start":{"line":214,"column":4},"end":{"line":216,"column":null}},{"start":{},"end":{}}],"line":214},"59":{"loc":{"start":{"line":228,"column":2},"end":{"line":230,"column":null}},"type":"if","locations":[{"start":{"line":228,"column":2},"end":{"line":230,"column":null}},{"start":{},"end":{}}],"line":228},"60":{"loc":{"start":{"line":233,"column":4},"end":{"line":238,"column":null}},"type":"if","locations":[{"start":{"line":233,"column":4},"end":{"line":238,"column":null}},{"start":{},"end":{}}],"line":233},"61":{"loc":{"start":{"line":239,"column":4},"end":{"line":244,"column":null}},"type":"if","locations":[{"start":{"line":239,"column":4},"end":{"line":244,"column":null}},{"start":{},"end":{}}],"line":239},"62":{"loc":{"start":{"line":245,"column":4},"end":{"line":255,"column":null}},"type":"if","locations":[{"start":{"line":245,"column":4},"end":{"line":255,"column":null}},{"start":{},"end":{}}],"line":245},"63":{"loc":{"start":{"line":256,"column":4},"end":{"line":263,"column":null}},"type":"if","locations":[{"start":{"line":256,"column":4},"end":{"line":263,"column":null}},{"start":{},"end":{}}],"line":256},"64":{"loc":{"start":{"line":265,"column":4},"end":{"line":275,"column":null}},"type":"if","locations":[{"start":{"line":265,"column":4},"end":{"line":275,"column":null}},{"start":{},"end":{}}],"line":265},"65":{"loc":{"start":{"line":277,"column":4},"end":{"l
[...]
olumn":null}},"33":{"start":{"line":102,"column":4},"end":{"line":102,"column":null}},"34":{"start":{"line":111,"column":2},"end":{"line":113,"column":null}},"35":{"start":{"line":112,"column":4},"end":{"line":112,"column":null}},"36":{"start":{"line":115,"column":2},"end":{"line":128,"column":null}},"37":{"start":{"line":117,"column":24},"end":{"line":117,"column":null}},"38":{"start":{"line":120,"column":6},"end":{"line":125,"column":null}},"39":{"start":{"line":121,"column":8},"end":{"line":121,"column":null}},"40":{"start":{"line":123,"column":24},"end":{"line":123,"column":null}},"41":{"start":{"line":124,"column":8},"end":{"line":124,"column":null}},"42":{"start":{"line":126,"column":6},"end":{"line":126,"column":null}},"43":{"start":{"line":130,"column":2},"end":{"line":135,"column":null}},"44":{"start":{"line":131,"column":4},"end":{"line":133,"column":null}},"45":{"start":{"line":132,"column":6},"end":{"line":132,"column":null}},"46":{"start":{"line":134,"column":4},"end":{"line":134,"column":null}}},"fnMap":{"0":{"name":"isStaticSink","decl":{"start":{"line":28,"column":9},"end":{"line":28,"column":22}},"loc":{"start":{"line":28,"column":79},"end":{"line":41,"column":null}},"line":28},"1":{"name":"isExternalCliPlugin","decl":{"start":{"line":43,"column":16},"end":{"line":43,"column":36}},"loc":{"start":{"line":43,"column":80},"end":{"line":60,"column":null}},"line":43},"2":{"name":"(anonymous_2)","decl":{"start":{"line":51,"column":65},"end":{"line":51,"column":71}},"loc":{"start":{"line":51,"column":77},"end":{"line":51,"column":98}},"line":51},"3":{"name":"(anonymous_3)","decl":{"start":{"line":55,"column":65},"end":{"line":55,"column":71}},"loc":{"start":{"line":55,"column":77},"end":{"line":55,"column":93}},"line":55},"4":{"name":"createStaticCalleeSinkDetector","decl":{"start":{"line":62,"column":9},"end":{"line":62,"column":null}},"loc":{"start":{"line":64,"column":16},"end":{"line":82,"column":null}},"line":64},"5":{"name":"(anonymous_5)","decl":{"start":{"line":67,"column":4},"end":{"line":67,"column":11}},"loc":{"start":{"line":67,"column":21},"end":{"line":80,"column":null}},"line":67},"6":{"name":"mapTransformModules","decl":{"start":{"line":84,"column":9},"end":{"line":84,"column":null}},"loc":{"start":{"line":88,"column":17},"end":{"line":104,"column":null}},"line":88},"7":{"name":"(anonymous_7)","decl":{"start":{"line":92,"column":17},"end":{"line":92,"column":22}},"loc":{"start":{"line":92,"column":40},"end":{"line":103,"column":3}},"line":92},"8":{"name":"registerExternalCliPlugin","decl":{"start":{"line":107,"column":16},"end":{"line":107,"column":null}},"loc":{"start":{"line":110,"column":8},"end":{"line":136,"column":null}},"line":110},"9":{"name":"(anonymous_9)","decl":{"start":{"line":117,"column":4},"end":{"line":117,"column":11}},"loc":{"start":{"line":117,"column":24},"end":{"line":117,"column":null}},"line":117},"10":{"name":"(anonymous_10)","decl":{"start":{"line":118,"column":13},"end":{"line":118,"column":20}},"loc":{"start":{"line":118,"column":46},"end":{"line":127,"column":null}},"line":118}},"branchMap":{"0":{"loc":{"start":{"line":29,"column":2},"end":{"line":31,"column":null}},"type":"if","locations":[{"start":{"line":29,"column":2},"end":{"line":31,"column":null}},{"start":{},"end":{}}],"line":29},"1":{"loc":{"start":{"line":29,"column":6},"end":{"line":29,"column":43}},"type":"binary-expr","locations":[{"start":{"line":29,"column":6},"end":{"line":29,"column":16}},{"start":{"line":29,"column":16},"end":{"line":29,"column":43}}],"line":29},"2":{"loc":{"start":{"line":34,"column":4},"end":{"line":39,"column":null}},"type":"binary-expr","locations":[{"start":{"line":34,"column":4},"end":{"line":34,"column":null}},{"start":{"line":35,"column":4},"end":{"line":35,"column":null}},{"start":{"line":36,"column":4},"end":{"line":36,"column":null}},{"start":{"line":37,"column":4},"end":{"line":37,"column":null}},{"start":{"line":38,"column":4},"end":{"line":38,"column":null}},{"start":{"line":39,"column":4},"end":{"line":39,"column":null}}],"line":34},"3":{"loc":{"start":{"line":44,"column":2},"end":{"line":46,"column":null}},"type":"if","locations":[{"start":{"line":44,"column":2},"end":{"line":46,"column":null}},{"start":{},"end":{}}],"line":44},"4":{"loc":{"start":{"line":44,"column":6},"end":{"line":44,"column":43}},"type":"binary-expr","locations":[{"start":{"line":44,"column":6},"end":{"line":44,"column":16}},{"start":{"line":44,"column":16},"end":{"line":44,"column":43}}],"line":44},"5":{"loc":{"start":{"line":48,"column":2},"end":{"line":50,"column":null}},"type":"if","locations":[{"start":{"line":48,"column":2},"end":{"line":50,"column":null}},{"start":{},"end":{}}],"line":48},"6":{"loc":{"start":{"line":48,"column":6},"end":{"line":48,"column":70}},"type":"binary-expr","locations":[{"start":{"line":48,"column":6},"end":{"line":48,"column":39}},{"start":{"line":48,"column":39},"end":{"line":48,"column":70}}],"line":48},"7":{"loc":{"start":{"line":51,"column":2},"end":{"line":53,"column":null}},"type":"if","locations":[{"start":{"line":51,"column":2},"end":{"line":53,"column":null}},{"start":{},"end":{}}],"line":51},"8":{"loc":{"start":{"line":51,"column":6},"end":{"line":51,"column":101}},"type":"binary-expr","locations":[{"start":{"line":51,"column":6},"end":{"line":51,"column":45}},{"start":{"line":51,"column":45},"end":{"line":51,"column":101}}],"line":51},"9":{"loc":{"start":{"line":54,"column":2},"end":{"line":58,"column":null}},"type":"if","locations":[{"start":{"line":54,"column":2},"end":{"line":58,"column":null}},{"start":{},"end":{}}],"line":54},"10":{"loc":{"start":{"line":55,"column":4},"end":{"line":57,"column":null}},"type":"if","locations":[{"start":{"line":55,"column":4},"end":{"line":57,"column":null}},{"start":{},"end":{}}],"line":55},"11":{"loc":{"start":{"line":55,"column":8},"end":{"line":55,"column":96}},"type":"binary-expr","locations":[{"start":{"line":55,"column":8},"end":{"line":55,"column":46}},{"start":{"line":55,"column":46},"end":{"line":55,"column":96}}],"line":55},"12":{"loc":{"start":{"line":59,"column":9},"end":{"line":59,"column":null}},"type":"binary-expr","locations":[{"start":{"line":59,"column":9},"end":{"line":59,"column":47}},{"start":{"line":59,"column":47},"end":{"line":59,"column":null}}],"line":59},"13":{"loc":{"start":{"line":69,"column":6},"end":{"line":71,"column":null}},"type":"if","locations":[{"start":{"line":69,"column":6},"end":{"line":71,"column":null}},{"start":{},"end":{}}],"line":69},"14":{"loc":{"start":{"line":69,"column":10},"end":{"line":69,"column":63}},"type":"binary-expr","locations":[{"start":{"line":69,"column":10},"end":{"line":69,"column":36}},{"start":{"line":69,"column":36},"end":{"line":69,"column":63}}],"line":69},"15":{"loc":{"start":{"line":73,"column":6},"end":{"line":75,"column":null}},"type":"if","locations":[{"start":{"line":73,"column":6},"end":{"line":75,"column":null}},{"start":{},"end":{}}],"line":73},"16":{"loc":{"start":{"line":89,"column":2},"end":{"line":91,"column":null}},"type":"if","locations":[{"start":{"line":89,"column":2},"end":{"line":91,"column":null}},{"start":{},"end":{}}],"line":89},"17":{"loc":{"start":{"line":93,"column":4},"end":{"line":95,"column":null}},"type":"if","locations":[{"start":{"line":93,"column":4},"end":{"line":95,"column":null}},{"start":{},"end":{}}],"line":93},"18":{"loc":{"start":{"line":93,"column":8},"end":{"line":93,"column":47}},"type":"binary-expr","locations":[{"start":{"line":93,"column":8},"end":{"line":93,"column":19}},{"start":{"line":93,"column":19},"end":{"line":93,"column":47}}],"line":93},"19":{"loc":{"start":{"line":97,"column":4},"end":{"line":101,"column":null}},"type":"if","locations":[{"start":{"line":97,"column":4},"end":{"line":101,"column":null}},{"start":{},"end":{}}],"line":97},"20":{"loc":{"start":{"line":97,"column":8},"end":{"line":97,"column":71}},"type":"binary-expr","locations":[{"start":{"line":97,"column":8},"end":{"line":97,"column":42}},{"start":{"line":97,"column":42},"end":{"line":97,"column":71}}],"line":97},"21":{"loc":{"start":{"line":123,"column":24},"end":{"line":123,"column":null}},"type":"cond-expr","locations":[{"start":{"line":123,"column":47},"end":{"line":123,"column":61}},{"start":{"line":123,"column":61},"end":{"line":123,"column":null}}],"line":123},"22":{"loc":{"start":{"line":130,"column":21},"end":{"line":130,"column":47}},"type":"binary-expr","locations":[{"start":{"line":130,"column":21},"end":{"line":130,"column":43}},{"start":{"line":130,"column":43},"end":{"line":130,"column":47}}],"line":130},"23":{"loc":{"start":{"line":131,"column":4},"end":{"line":133,"column":null}},"type":"if","locations":[{"start":{"line":131,"column":4},"end":{"line":133,"column":null}},{"start":{},"end":{}}],"line":131}},"s":{"0":5,"1":0,"2":5,"3":5,"4":0,"5":0,"6":0,"7":0,"8":0,"9":0,"10":0,"11":0,"12":0,"13":0,"14":0,"15":0,"16":0,"17":5,"18":6,"19":6,"20":1,"21":5,"22":5,"23":0,"24":5,"25":5,"26":1,"27":4,"28":4,"29":0,"30":4,"31":4,"32":0,"33":4,"34":6,"35":5,"36":6,"37":5,"38":5,"39":5,"40":0,"41":0,"42":5,"43":6,"44":5,"45":0,"46":5},"f":{"0":5,"1":0,"2":0,"3":0,"4":5,"5":6,"6":5,"7":4,"8":6,"9":5,"10":5},"b":{"0":[0,5],"1":[5,5],"2":[5,5,5,5,5,5],"3":[0,0],"4":[0,0],"5":[0,0],"6":[0,0],"7":[0,0],"8":[0,0],"9":[0,0],"10":[0,0],"11":[0,0],"12":[0,0],"13":[1,5],"14":[6,6],"15":[0,5],"16":[1,4],"17":[0,4],"18":[4,4],"19":[0,4],"20":[4,4],"21":[0,0],"22":[6,1],"23":[0,5]},"meta":{"lastBranch":24,"lastFunction":11,"lastStatement":47,"seen":{"f:28:9:28:22":0,"b:29:2:31:Infinity:undefined:undefined:undefined:undefined":0,"s:29:2:31:Infinity":0,"b:29:6:29:16:29:16:29:43":1,"s:30:4:30:Infinity":1,"s:32:15:32:Infinity":2,"s:33:2:39:Infinity":3,"b:34:4:34:Infinity:35:4:35:Infinity:36:4:36:Infinity:37:4:37:Infinity:38:4:38:Infinity:39:4:39:Infinity":2,"f:43:16:43:36":1,"b:44:2:46:Infinity:undefined:undefined:undefined:undefined":3,"s:44:2:46:Infinity":4,"b:44:6:44:16:44:16:44:43":4,"s:45:4:45:Infinity":5,"s:47:17:47:Infinity":6,"b:48:2:50:Infinity:undefined:undefined:undefined:undefined":5,"s:48:2:50:Infinity":7,"b:48:6:48:39:48:39:48:70":6,"s:49:4:49:Infinity":8,"b:51:2:53:Infinity:undefined:undefined:undefined:undefined":7,"s:51:2:53:Infinity":9,"b:51:6:51:45:51:45:51:101":8,"f:51:65:51:71":2,"s:51:77:51:98":10,"s:52:4:52:Infinity":11,"b:54:2:58:Infinity:undefined:undefined:undefined:undefined":9,"s:54:2:58:Infinity":12,"b:55:4:57:Infinity:undefined:undefined:undefined:undefined":10,"s:55:4:57:Infinity":13,"b:55:8:55:46:55:46:55:96":11,"f:55:65:55:71":3,"s:55:77:55:93":14,"s:56:6:56:Infinity":15,"s:59:2:59:Infinity":16,"b:59:9:59:47:59:47:59:Infinity":12,"f:62:9:62:Infinity":4,"s:65:2:81:Infinity":17,"f:67:4:67:11":5,"s:68:19:68:Infinity":18,"b:69:6:71:Infinity:undefined:undefined:undefined:undefined":13,"s:69:6:71:Infinity":19,"b:69:10:69:36:69:36:69:63":14,"s:70:8:70:Infinity":20,"s:72:23:72:Infinity":21,"b:73:6:75:Infinity:undefined:undefined:undefined:undefined":15,"s:73:6:75:Infinity":22,"s:74:8:74:Infinity":23,"s:76:6:79:Infinity":24,"f:84:9:84:Infinity":6,"b:89:2:91:Infinity:undefined:undefined:undefined:undefined":16,"s:89:2:91:Infinity":25,"s:90:4:90:Infinity":26,"s:92:2:103:Infinity":27,"f:92:17:92:22":7,"b:93:4:95:Infinity:undefined:undefined:undefined:undefined":17,"s:93:4:95:Infinity":28,"b:93:8:93:19:93:19:93:47":18,"s:94:6:94:Infinity":29,"s:96:42:96:Infinity":30,"b:97:4:101:Infinity:undefined:undefined:undefined:undefined":19,"s:97:4:101:Infinity":31,"b:97:8:97:42:97:42:97:71":20,"s:98:6:100:Infinity":32,"s:102:4:102:Infinity":33,"f:107:16:107:Infinity":8,"s:111:2:113:Infinity":34,"s:112:4:112:Infinity":35,"s:115:2:128:Infinity":36,"f:117:4:117:11":9,"s:117:24:117:Infinity":37,"f:118:13:118:20":10,"s:120:6:125:Infinity":38,"s:121:8:121:Infinity":39,"s:123:24:123:Infinity":40,"b:123:47:123:61:123:61:123:Infinity":21,"s:124:8:124:Infinity":41,"s:126:6:126:Infinity":42,"s:130:2:135:Infinity":43,"b:130:21:130:43:130:43:130:47":22,"b:131:4:133:Infinity:undefined:undefined:undefined:undefined":23,"s:131:4:133:Infinity":44,"s:132:6:132:Infinity":45,"s:134:4:134:Infinity":46}}}
,"/home/yuriy/Рабочий стол/pet-projects/feature-tracker/packages/cli/src/plugin/builtins/consoleDynamicEventReporter.ts": {"path":"/home/yuriy/Рабочий стол/pet-projects/feature-tracker/packages/cli/src/plugin/builtins/consoleDynamicEventReporter.ts","statementMap":{"0":{"start":{"line":6,"column":58},"end":{"line":18,"column":null}},"1":{"start":{"line":9,"column":4},"end":{"line":11,"column":null}},"2":{"start":{"line":10,"column":6},"end":{"line":10,"column":null}},"3":{"start":{"line":12,"column":4},"end":{"line":12,"column":null}},"4":{"start":{"line":13,"column":4},"end":{"line":16,"column":null}},"5":{"start":{"line":14,"column":21},"end":{"line":14,"column":null}},"6":{"start":{"line":15,"column":6},"end":{"line":15,"column":null}},"7":{"start":{"line":22,"column":2},"end":{"line":22,"column":null}}},"fnMap":{"0":{"name":"(anonymous_0)","decl":{"start":{"line":8,"column":2},"end":{"line":8,"column":9}},"loc":{"start":{"line":8,"column":26},"end":{"line":17,"column":null}},"line":8},"1":{"name":"registerConsoleDynamicEventReporterPlugin","decl":{"start":{"line":21,"column":16},"end":{"line":21,"column":58}},"loc":{"start":{"line":21,"column":90},"end":{"line":23,"column":null}},"line":21}},"branchMap":{"0":{"loc":{"start":{"line":9,"column":4},"end":{"line":11,"column":null}},"type":"if","locations":[{"start":{"line":9,"column":4},"end":{"line":11,"column":null}},{"start":{},"end":{}}],"line":9},"1":{"loc":{"start":{"line":14,"column":21},"end":{"line":14,"column":null}},"type":"cond-expr","locations":[{"start":{"line":14,"column":53},"end":{"line":14,"column":103}},{"start":{"line":14,"column":103},"end":{"line":14,"column":null}}],"line":14}},"s":{"0":11,"1":2,"2":0,"3":2,"4":2,"5":2,"6":2,"7":48},"f":{"0":2,"1":48},"b":{"0":[0,2],"1":[1,1]},"meta":{"lastBranch":2,"lastFunction":2,"lastStatement":8,"seen":{"s:6:58:18:Infinity":0,"f:8:2:8:9":0,"b:9:4:11:Infinity:undefined:undefined:undefined:undefined":0,"s:9:4:11:Infinity":1,"s:10:6:10:Infinity":2,"s:12:4:12:Infinity":3,"s:13:4:16:Infinity":4,"s:14:21:14:Infinity":5,"b:14:53:14:103:14:103:14:Infinity":1,"s:15:6:15:Infinity":6,"f:21:16:21:58":1,"s:22:2:22:Infinity":7}}}
,"/home/yuriy/Рабочий стол/pet-projects/feature-tracker/packages/cli/src/plugin/builtins/eventra-sdk.ts": {"path":"/home/yuriy/Рабочий стол/pet-projects/feature-tracker/packages/cli/src/plugin/builtins/eventra-sdk.ts","statementMap":{"0":{"start":{"line":11,"column":2},"end":{"line":13,"column":null}},"1":{"start":{"line":12,"column":4},"end":{"line":12,"column":null}},"2":{"start":{"line":14,"column":16},"end":{"line":14,"column":null}},"3":{"start":{"line":18,"column":2},"end":{"line":20,"column":null}},"4":{"start":{"line":19,"column":4},"end":{"line":19,"column":null}},"5":{"start":{"line":21,"column":2},"end":{"line":21,"column":null}},"6":{"start":{"line":24,"column":45},"end":{"line":36,"column":null}},"7":{"start":{"line":27,"column":4},"end":{"line":29,"column":null}},"8":{"start":{"line":28,"column":6},"end":{"line":28,"column":null}},"9":{"start":{"line":30,"column":29},"end":{"line":30,"column":null}},"10":{"start":{"line":31,"column":4},"end":{"line":33,"column":null}},"11":{"start":{"line":32,"column":6},"end":{"line":32,"column":null}},"12":{"start":{"line":34,"column":4},"end":{"line":34,"column":null}},"13":{"start":{"line":40,"column":2},"end":{"line":40,"column":null}}},"fnMap":{"0":{"name":"extractTrackedArguments","decl":{"start":{"line":10,"column":9},"end":{"line":10,"column":33}},"loc":{"start":{"line":10,"column":86},"end":{"line":22,"column":null}},"line":10},"1":{"name":"(anonymous_1)","decl":{"start":{"line":26,"column":2},"end":{"line":26,"column":9}},"loc":{"start":{"line":26,"column":28},"end":{"line":35,"column":null}},"line":26},"2":{"name":"registerEventraSdkPlugin","decl":{"start":{"line":39,"column":16},"end":{"line":39,"column":41}},"loc":{"start":{"line":39,"column":73},"end":{"line":41,"column":null}},"line":39}},"branchMap":{"0":{"loc":{"start":{"line":11,"column":2},"end":{"line":13,"column":null}},"type":"if","locations":[{"start":{"line":11,"column":2},"end":{"line":13,"column":null}},{"start":{},"end":{}}],"line":11},"1":{"loc":{"start":{"line":18,"column":2},"end":{"line":20,"column":null}},"type":"if","locations":[{"start":{"line":18,"column":2},"end":{"line":20,"column":null}},{"start":{},"end":{}}],"line":18},"2":{"loc":{"start":{"line":27,"column":4},"end":{"line":29,"column":null}},"type":"if","locations":[{"start":{"line":27,"column":4},"end":{"line":29,"column":null}},{"start":{},"end":{}}],"line":27},"3":{"loc":{"start":{"line":31,"column":4},"end":{"line":33,"column":null}},"type":"if","locations":[{"start":{"line":31,"column":4},"end":{"line":33,"column":null}},{"start":{},"end":{}}],"line":31}},"s":{"0":39,"1":0,"2":39,"3":39,"4":2,"5":37,"6":11,"7":71,"8":32,"9":39,"10":39,"11":2,"12":37,"13":48},"f":{"0":39,"1":71,"2":48},"b":{"0":[0,39],"1":[2,37],"2":[32,39],"3":[2,37]},"meta":{"lastBranch":4,"lastFunction":3,"lastStatement":14,"seen":{"f:10:9:10:33":0,"b:11:2:13:Infinity:undefined:undefined:undefined:undefined":0,"s:11:2:13:Infinity":0,"s:12:4:12:Infinity":1,"s:14:16:14:Infinity":2,"b:18:2:20:Infinity:undefined:undefined:undefined:undefined":1,"s:18:2:20:Infinity":3,"s:19:4:19:Infinity":4,"s:21:2:21:Infinity":5,"s:24:45:36:Infinity":6,"f:26:2:26:9":1,"b:27:4:29:Infinity:undefined:undefined:undefined:undefined":2,"s:27:4:29:Infinity":7,"s:28:6:28:Infinity":8,"s:30:29:30:Infinity":9,"b:31:4:33:Infinity:undefined:undefined:undefined:undefined":3,"s:31:4:33:Infinity":10,"s:32:6:32:Infinity":11,"s:34:4:34:Infinity":12,"f:39:16:39:41":2,"s:40:2:40:Infinity":13}}}
,"/home/yuriy/Рабочий стол/pet-projects/feature-tracker/packages/cli/src/shared/hash.ts": {"path":"/home/yuriy/Рабочий стол/pet-projects/feature-tracker/packages/cli/src/shared/hash.ts","statementMap":{"0":{"start":{"line":4,"column":2},"end":{"line":4,"column":null}}},"fnMap":{"0":{"name":"hash","decl":{"start":{"line":3,"column":16},"end":{"line":3,"column":21}},"loc":{"start":{"line":3,"column":38},"end":{"line":5,"column":null}},"line":3}},"branchMap":{},"s":{"0":5},"f":{"0":5},"b":{},"meta":{"lastBranch":0,"lastFunction":1,"lastStatement":1,"seen":{"f:3:16:3:21":0,"s:4:2:4:Infinity":0}}}
,"/home/yuriy/Рабочий стол/pet-projects/feature-tracker/packages/cli/src/shared/templateExpressionExtractor.ts": {"path":"/home/yuriy/Рабочий стол/pet-projects/feature-tracker/packages/cli/src/shared/templateExpressionExtractor.ts","statementMap":{"0":{"start":{"line":2,"column":32},"end":{"line":2,"column":null}},"1":{"start":{"line":4,"column":14},"end":{"line":4,"column":null}},"2":{"start":{"line":5,"column":2},"end":{"line":7,"column":null}},"3":{"start":{"line":6,"column":4},"end":{"line":6,"column":null}},"4":{"start":{"line":9,"column":17},"end":{"line":9,"column":null}},"5":{"start":{"line":10,"column":2},"end":{"line":12,"column":null}},"6":{"start":{"line":11,"column":4},"end":{"line":11,"column":null}},"7":{"start":{"line":14,"column":16},"end":{"line":14,"column":null}},"8":{"start":{"line":15,"column":2},"end":{"line":17,"column":null}},"9":{"start":{"line":16,"column":4},"end":{"line":16,"column":null}},"10":{"start":{"line":18,"column":2},"end":{"line":18,"column":null}}},"fnMap":{"0":{"name":"extractTemplateExpressions","decl":{"start":{"line":1,"column":16},"end":{"line":1,"column":43}},"loc":{"start":{"line":1,"column":72},"end":{"line":19,"column":null}},"line":1}},"branchMap":{},"s":{"0":3,"1":3,"2":3,"3":2,"4":3,"5":3,"6":1,"7":3,"8":3,"9":1,"10":3},"f":{"0":3},"b":{},"meta":{"lastBranch":0,"lastFunction":1,"lastStatement":11,"seen":{"f:1:16:1:43":0,"s:2:32:2:Infinity":0,"s:4:14:4:Infinity":1,"s:5:2:7:Infinity":2,"s:6:4:6:Infinity":3,"s:9:17:9:Infinity":4,"s:10:2:12:Infinity":5,"s:11:4:11:Infinity":6,"s:14:16:14:Infinity":7,"s:15:2:17:Infinity":8,"s:16:4:16:Infinity":9,"s:18:2:18:Infinity":10}}}
}
